Script started on Mon 08 Oct 2018 12:40:10 AM UTC
]0;prashant@Ubuntu1404: ~/omscs/6210/hw1/test/memoryprashant@Ubuntu1404:~/omscs/6210/hw1/test/memory$ ./monitor.py 
firsttest: 512.0 274.83203125
secondtest: 512.0 274.9453125
thirdtest: 512.0 275.234375
fourthtest: 512.0 275.51171875
--------------------------------------------------------------------------------
total  :             16414708 KiB
free   :             13375920 KiB
buffers:                21860 KiB
cached :              1232496 KiB


--------------------------------------------------------------------------------
firsttest: 512.0 274.86328125
secondtest: 512.0 274.9453125
thirdtest: 512.0 275.28125
fourthtest: 512.0 275.51171875
--------------------------------------------------------------------------------
total  :             16414708 KiB
free   :             13375520 KiB
buffers:                21860 KiB
cached :              1232500 KiB


--------------------------------------------------------------------------------
firsttest: 512.0 274.86328125
secondtest: 512.0 274.9453125
thirdtest: 512.0 275.17578125
fourthtest: 512.0 275.54296875
--------------------------------------------------------------------------------
total  :             16414708 KiB
free   :             13375480 KiB
buffers:                21868 KiB
cached :              1232492 KiB


--------------------------------------------------------------------------------
firsttest: 512.0 274.86328125
secondtest: 512.0 274.9453125
thirdtest: 512.0 275.17578125
fourthtest: 512.0 275.54296875
--------------------------------------------------------------------------------
total  :             16414708 KiB
free   :             13374888 KiB
buffers:                21892 KiB
cached :              1232860 KiB


--------------------------------------------------------------------------------
firsttest: 512.0 274.86328125
secondtest: 512.0 274.9453125
thirdtest: 512.0 275.17578125
fourthtest: 512.0 275.54296875
--------------------------------------------------------------------------------
total  :             16414708 KiB
free   :             13374696 KiB
buffers:                21892 KiB
cached :              1232948 KiB


--------------------------------------------------------------------------------
firsttest: 512.0 264.921875
secondtest: 512.0 274.9765625
thirdtest: 512.0 275.17578125
fourthtest: 512.0 275.54296875
--------------------------------------------------------------------------------
total  :             16414708 KiB
free   :             13373480 KiB
buffers:                21892 KiB
cached :              1232956 KiB


--------------------------------------------------------------------------------
firsttest: 512.0 205.828125
secondtest: 512.0 274.9765625
thirdtest: 512.0 275.17578125
fourthtest: 512.0 275.54296875
--------------------------------------------------------------------------------
total  :             16414708 KiB
free   :             13324068 KiB
buffers:                21900 KiB
cached :              1232960 KiB


--------------------------------------------------------------------------------
firsttest: 512.0 145.88671875
secondtest: 512.0 274.9765625
thirdtest: 512.0 275.17578125
fourthtest: 512.0 275.54296875
--------------------------------------------------------------------------------
total  :             16414708 KiB
free   :             13262612 KiB
buffers:                21908 KiB
cached :              1232952 KiB


--------------------------------------------------------------------------------
firsttest: 534.0 113.43359375
secondtest: 329.0 92.3671875
thirdtest: 330.0 93.171875
fourthtest: 327.0 90.86328125
--------------------------------------------------------------------------------
total  :             16414708 KiB
free   :             13283184 KiB
buffers:                21908 KiB
cached :              1233160 KiB


--------------------------------------------------------------------------------
firsttest: 549.0 100.234375
secondtest: 339.0 102.5390625
thirdtest: 339.0 102.375
fourthtest: 338.0 102.125
--------------------------------------------------------------------------------
total  :             16414708 KiB
free   :             13244296 KiB
buffers:                21908 KiB
cached :              1233332 KiB


--------------------------------------------------------------------------------
firsttest: 572.0 87.1953125
secondtest: 333.0 96.60546875
thirdtest: 333.0 96.44140625
fourthtest: 332.0 96.0703125
--------------------------------------------------------------------------------
total  :             16414708 KiB
free   :             13216128 KiB
buffers:                21924 KiB
cached :              1233548 KiB


--------------------------------------------------------------------------------
firsttest: 590.0 78.78515625
secondtest: 328.0 94.546875
thirdtest: 328.0 91.4765625
fourthtest: 328.0 92.07421875
--------------------------------------------------------------------------------
total  :             16414708 KiB
free   :             13201292 KiB
buffers:                21932 KiB
cached :              1233552 KiB


--------------------------------------------------------------------------------
firsttest: 613.0 73.23046875
secondtest: 322.0 88.61328125
thirdtest: 322.0 88.44921875
fourthtest: 321.0 89.046875
--------------------------------------------------------------------------------
total  :             16414708 KiB
free   :             13172744 KiB
buffers:                21932 KiB
cached :              1233552 KiB


--------------------------------------------------------------------------------
firsttest: 204.0 61.28125
secondtest: 302.0 87.5234375
thirdtest: 284.0 105.40234375
fourthtest: 295.0 93.07421875
--------------------------------------------------------------------------------
total  :             16414708 KiB
free   :             13635204 KiB
buffers:                21948 KiB
cached :              1233556 KiB


--------------------------------------------------------------------------------
firsttest: 182.0 52.4453125
secondtest: 286.0 73.59765625
thirdtest: 266.0 66.41015625
fourthtest: 277.0 65.9375
--------------------------------------------------------------------------------
total  :             16414708 KiB
free   :             13680640 KiB
buffers:                21948 KiB
cached :              1233560 KiB


--------------------------------------------------------------------------------
firsttest: 184.0 62.98046875
secondtest: 266.0 74.42578125
thirdtest: 237.0 83.421875
fourthtest: 243.0 73.84765625
--------------------------------------------------------------------------------
total  :             16414708 KiB
free   :             13795996 KiB
buffers:                21956 KiB
cached :              1233560 KiB


--------------------------------------------------------------------------------
firsttest: 166.0 53.4140625
secondtest: 198.0 72.87890625
thirdtest: 166.0 53.3046875
fourthtest: 191.0 73.83203125
--------------------------------------------------------------------------------
total  :             16414708 KiB
free   :             13933192 KiB
buffers:                21956 KiB
cached :              1233572 KiB


--------------------------------------------------------------------------------
firsttest: 154.7890625 51.8515625
secondtest: 157.1171875 51.82421875
thirdtest: 162.953125 51.609375
fourthtest: 155.33984375 52.15234375
--------------------------------------------------------------------------------
total  :             16414708 KiB
free   :             13988564 KiB
buffers:                21956 KiB
cached :              1233572 KiB


--------------------------------------------------------------------------------
firsttest: 137.4921875 51.5859375
secondtest: 152.85546875 51.828125
thirdtest: 156.03515625 51.78125
fourthtest: 138.65234375 51.75
--------------------------------------------------------------------------------
total  :             16414708 KiB
free   :             14034716 KiB
buffers:                21956 KiB
cached :              1233576 KiB


--------------------------------------------------------------------------------
firsttest: 137.4921875 51.5859375
secondtest: 137.984375 52.08984375
thirdtest: 151.64453125 51.59375
fourthtest: 138.65234375 51.75
--------------------------------------------------------------------------------
total  :             16414708 KiB
free   :             14054520 KiB
buffers:                21964 KiB
cached :              1233588 KiB


--------------------------------------------------------------------------------
firsttest: 137.4921875 51.5859375
secondtest: 137.984375 52.08984375
thirdtest: 137.64453125 51.59375
fourthtest: 138.65234375 51.75
--------------------------------------------------------------------------------
total  :             16414708 KiB
free   :             14068716 KiB
buffers:                21964 KiB
cached :              1233596 KiB


--------------------------------------------------------------------------------
firsttest: 137.4921875 51.5859375
secondtest: 137.984375 52.08984375
thirdtest: 137.64453125 51.59375
fourthtest: 138.65234375 51.75
--------------------------------------------------------------------------------
total  :             16414708 KiB
free   :             14068800 KiB
buffers:                21964 KiB
cached :              1233596 KiB


--------------------------------------------------------------------------------
firsttest: 137.4921875 51.5859375
secondtest: 137.984375 52.08984375
thirdtest: 137.64453125 51.59375
fourthtest: 138.65234375 51.75
--------------------------------------------------------------------------------
total  :             16414708 KiB
free   :             14069380 KiB
buffers:                21972 KiB
cached :              1233588 KiB


--------------------------------------------------------------------------------
firsttest: 137.4921875 51.5859375
secondtest: 137.984375 52.08984375
thirdtest: 137.64453125 51.59375
fourthtest: 138.65234375 51.75
--------------------------------------------------------------------------------
total  :             16414708 KiB
free   :             14068984 KiB
buffers:                21972 KiB
cached :              1233604 KiB


--------------------------------------------------------------------------------
firsttest: 137.4921875 51.5859375
secondtest: 137.984375 52.08984375
thirdtest: 137.64453125 51.59375
fourthtest: 138.65234375 51.75
--------------------------------------------------------------------------------
total  :             16414708 KiB
free   :             14069124 KiB
buffers:                21972 KiB
cached :              1233612 KiB


--------------------------------------------------------------------------------
firsttest: 137.4921875 51.5859375
secondtest: 137.984375 52.08984375
thirdtest: 137.64453125 51.59375
fourthtest: 138.65234375 51.75
--------------------------------------------------------------------------------
total  :             16414708 KiB
free   :             14070176 KiB
buffers:                21980 KiB
cached :              1233616 KiB


--------------------------------------------------------------------------------
firsttest: 137.4921875 51.5859375
secondtest: 137.984375 52.08984375
thirdtest: 137.64453125 51.59375
fourthtest: 138.65234375 51.75
--------------------------------------------------------------------------------
total  :             16414708 KiB
free   :             14069336 KiB
buffers:                21980 KiB
cached :              1233616 KiB


--------------------------------------------------------------------------------