Script started on Mon 08 Oct 2018 12:47:32 AM UTC
]0;prashant@Ubuntu1404: ~/omscs/6210/hw1/test/memoryprashant@Ubuntu1404:~/omscs/6210/hw1/test/memory$ ./monitor.py 
firsttest: 512.0 274.95703125
secondtest: 512.0 275.0
thirdtest: 512.0 275.27734375
fourthtest: 512.0 275.47265625
--------------------------------------------------------------------------------
total  :             16414708 KiB
free   :             13398820 KiB
buffers:                22440 KiB
cached :              1235212 KiB


--------------------------------------------------------------------------------
firsttest: 512.0 274.95703125
secondtest: 512.0 275.0
thirdtest: 512.0 275.27734375
fourthtest: 512.0 275.50390625
--------------------------------------------------------------------------------
total  :             16414708 KiB
free   :             13398444 KiB
buffers:                22448 KiB
cached :              1235308 KiB


--------------------------------------------------------------------------------
firsttest: 512.0 274.95703125
secondtest: 512.0 275.0
thirdtest: 512.0 275.27734375
fourthtest: 512.0 275.50390625
--------------------------------------------------------------------------------
total  :             16414708 KiB
free   :             13398584 KiB
buffers:                22448 KiB
cached :              1235476 KiB


--------------------------------------------------------------------------------
firsttest: 512.0 274.95703125
secondtest: 512.0 275.03125
thirdtest: 512.0 275.30859375
fourthtest: 512.0 275.50390625
--------------------------------------------------------------------------------
total  :             16414708 KiB
free   :             13398388 KiB
buffers:                22464 KiB
cached :              1235472 KiB


--------------------------------------------------------------------------------
firsttest: 512.0 274.95703125
secondtest: 512.0 275.03125
thirdtest: 512.0 275.30859375
fourthtest: 512.0 275.50390625
--------------------------------------------------------------------------------
total  :             16414708 KiB
free   :             13398048 KiB
buffers:                22464 KiB
cached :              1235480 KiB


--------------------------------------------------------------------------------
firsttest: 512.0 274.95703125
secondtest: 512.0 275.03125
thirdtest: 512.0 275.30859375
fourthtest: 512.0 275.50390625
--------------------------------------------------------------------------------
total  :             16414708 KiB
free   :             13397508 KiB
buffers:                22464 KiB
cached :              1235552 KiB


--------------------------------------------------------------------------------
firsttest: 512.0 274.95703125
secondtest: 512.0 275.03125
thirdtest: 512.0 275.30859375
fourthtest: 512.0 275.50390625
--------------------------------------------------------------------------------
total  :             16414708 KiB
free   :             13397092 KiB
buffers:                22472 KiB
cached :              1235612 KiB


--------------------------------------------------------------------------------
firsttest: 512.0 255.9140625
secondtest: 512.0 257.0234375
thirdtest: 512.0 257.1796875
fourthtest: 512.0 256.8828125
--------------------------------------------------------------------------------
total  :             16414708 KiB
free   :             13375968 KiB
buffers:                22484 KiB
cached :              1235788 KiB


--------------------------------------------------------------------------------
firsttest: 512.0 207.9609375
secondtest: 512.0 211.0078125
thirdtest: 512.0 211.52734375
fourthtest: 512.0 209.8984375
--------------------------------------------------------------------------------
total  :             16414708 KiB
free   :             13183256 KiB
buffers:                22484 KiB
cached :              1235800 KiB


--------------------------------------------------------------------------------
firsttest: 512.0 160.4921875
secondtest: 512.0 164.87109375
thirdtest: 512.0 166.23828125
fourthtest: 512.0 163.3984375
--------------------------------------------------------------------------------
total  :             16414708 KiB
free   :             12989976 KiB
buffers:                22484 KiB
cached :              1235804 KiB


--------------------------------------------------------------------------------
firsttest: 483.0 86.625
secondtest: 472.0 81.55859375
thirdtest: 470.0 80.3828125
fourthtest: 477.0 84.32421875
--------------------------------------------------------------------------------
total  :             16414708 KiB
free   :             12792156 KiB
buffers:                22492 KiB
cached :              1235812 KiB


--------------------------------------------------------------------------------
firsttest: 480.0 74.2734375
secondtest: 474.0 72.48828125
thirdtest: 475.0 68.7890625
fourthtest: 476.0 73.578125
--------------------------------------------------------------------------------
total  :             16414708 KiB
free   :             12739348 KiB
buffers:                22492 KiB
cached :              1235816 KiB


--------------------------------------------------------------------------------
firsttest: 478.0 85.9296875
secondtest: 474.0 88.5546875
thirdtest: 484.0 73.8359375
fourthtest: 474.0 74.56640625
--------------------------------------------------------------------------------
total  :             16414708 KiB
free   :             12733200 KiB
buffers:                22492 KiB
cached :              1235816 KiB


--------------------------------------------------------------------------------
firsttest: 477.0 351.3359375
secondtest: 472.0 347.15234375
thirdtest: 490.0 72.11328125
fourthtest: 475.0 74.265625
--------------------------------------------------------------------------------
total  :             16414708 KiB
free   :             12713612 KiB
buffers:                22500 KiB
cached :              1235820 KiB


--------------------------------------------------------------------------------
firsttest: 212.0 209.515625
secondtest: 215.0 209.92578125
thirdtest: 334.0 502.6875
fourthtest: 291.0 484.7109375
--------------------------------------------------------------------------------
total  :             16414708 KiB
free   :             13635944 KiB
buffers:                22500 KiB
cached :              1235828 KiB


--------------------------------------------------------------------------------
firsttest: 164.3828125 53.5234375
secondtest: 157.76953125 53.18359375
thirdtest: 163.01953125 68.0
fourthtest: 161.07421875 51.5703125
--------------------------------------------------------------------------------
total  :             16414708 KiB
free   :             13974396 KiB
buffers:                22500 KiB
cached :              1235828 KiB


--------------------------------------------------------------------------------
firsttest: 155.0 51.9765625
secondtest: 138.23828125 63.08984375
thirdtest: 154.82421875 52.3359375
fourthtest: 155.2421875 51.58984375
--------------------------------------------------------------------------------
total  :             16414708 KiB
free   :             14014468 KiB
buffers:                22508 KiB
cached :              1235832 KiB


--------------------------------------------------------------------------------
firsttest: 137.67578125 62.19140625
secondtest: 138.23828125 63.08984375
thirdtest: 152.7734375 51.79296875
fourthtest: 138.0 62.9140625
--------------------------------------------------------------------------------
total  :             16414708 KiB
free   :             14052316 KiB
buffers:                22508 KiB
cached :              1235836 KiB


--------------------------------------------------------------------------------
firsttest: 137.67578125 62.19140625
secondtest: 138.23828125 63.08984375
thirdtest: 138.0 51.7421875
fourthtest: 138.0 62.9140625
--------------------------------------------------------------------------------
total  :             16414708 KiB
free   :             14068632 KiB
buffers:                22516 KiB
cached :              1235836 KiB


--------------------------------------------------------------------------------
firsttest: 137.67578125 62.19140625
secondtest: 138.23828125 63.08984375
thirdtest: 138.0 51.7421875
fourthtest: 138.0 62.9140625
--------------------------------------------------------------------------------
total  :             16414708 KiB
free   :             14068344 KiB
buffers:                22516 KiB
cached :              1235852 KiB


--------------------------------------------------------------------------------
firsttest: 137.67578125 62.19140625
secondtest: 138.23828125 63.08984375
thirdtest: 138.0 51.7421875
fourthtest: 138.0 62.9140625
--------------------------------------------------------------------------------
total  :             16414708 KiB
free   :             14068508 KiB
buffers:                22516 KiB
cached :              1235856 KiB


--------------------------------------------------------------------------------
firsttest: 137.67578125 62.19140625
secondtest: 138.23828125 63.08984375
thirdtest: 138.0 51.7421875
fourthtest: 138.0 62.9140625
--------------------------------------------------------------------------------
total  :             16414708 KiB
free   :             14067828 KiB
buffers:                22524 KiB
cached :              1235848 KiB


--------------------------------------------------------------------------------
firsttest: 137.67578125 62.19140625
secondtest: 138.23828125 63.08984375
thirdtest: 138.0 51.7421875
fourthtest: 138.0 62.9140625
--------------------------------------------------------------------------------
total  :             16414708 KiB
free   :             14068044 KiB
buffers:                22524 KiB
cached :              1235860 KiB


--------------------------------------------------------------------------------
firsttest: 137.67578125 62.19140625
secondtest: 138.23828125 63.08984375
thirdtest: 138.0 51.7421875
fourthtest: 138.0 62.9140625
--------------------------------------------------------------------------------
total  :             16414708 KiB
free   :             14068148 KiB
buffers:                22524 KiB
cached :              1235864 KiB


--------------------------------------------------------------------------------
firsttest: 137.67578125 62.19140625
secondtest: 138.23828125 63.08984375
thirdtest: 138.0 51.7421875
fourthtest: 138.0 62.9140625
--------------------------------------------------------------------------------
total  :             16414708 KiB
free   :             14067804 KiB
buffers:                22532 KiB
cached :              1235860 KiB


--------------------------------------------------------------------------------