Script started on Mon 08 Oct 2018 12:50:00 AM UTC
]0;prashant@Ubuntu1404: ~/omscs/6210/hw1/test/memoryprashant@Ubuntu1404:~/omscs/6210/hw1/test/memory$ ./monitor.py 
firsttest: 512.0 276.05078125
secondtest: 512.0 276.2578125
thirdtest: 512.0 276.12109375
fourthtest: 512.0 276.30859375
--------------------------------------------------------------------------------
total  :             16414708 KiB
free   :             13519572 KiB
buffers:                22768 KiB
cached :              1237048 KiB


--------------------------------------------------------------------------------
firsttest: 512.0 276.05078125
secondtest: 512.0 276.2578125
thirdtest: 512.0 276.12109375
fourthtest: 512.0 276.30859375
--------------------------------------------------------------------------------
total  :             16414708 KiB
free   :             13519260 KiB
buffers:                22768 KiB
cached :              1237056 KiB


--------------------------------------------------------------------------------
firsttest: 512.0 276.05078125
secondtest: 512.0 276.2578125
thirdtest: 512.0 276.12109375
fourthtest: 512.0 276.30859375
--------------------------------------------------------------------------------
total  :             16414708 KiB
free   :             13518424 KiB
buffers:                22776 KiB
cached :              1237056 KiB


--------------------------------------------------------------------------------
firsttest: 512.0 276.05078125
secondtest: 512.0 276.2578125
thirdtest: 512.0 276.12109375
fourthtest: 512.0 276.30859375
--------------------------------------------------------------------------------
total  :             16414708 KiB
free   :             13518308 KiB
buffers:                22776 KiB
cached :              1237060 KiB


--------------------------------------------------------------------------------
firsttest: 512.0 276.05078125
secondtest: 512.0 276.2578125
thirdtest: 512.0 276.12109375
fourthtest: 512.0 276.30859375
--------------------------------------------------------------------------------
total  :             16414708 KiB
free   :             13517944 KiB
buffers:                22776 KiB
cached :              1237060 KiB


--------------------------------------------------------------------------------
firsttest: 512.0 276.05078125
secondtest: 512.0 276.2578125
thirdtest: 512.0 276.12109375
fourthtest: 512.0 276.30859375
--------------------------------------------------------------------------------
total  :             16414708 KiB
free   :             13517644 KiB
buffers:                22784 KiB
cached :              1237064 KiB


--------------------------------------------------------------------------------
firsttest: 512.0 276.05078125
secondtest: 512.0 276.2578125
thirdtest: 512.0 276.12109375
fourthtest: 512.0 276.30859375
--------------------------------------------------------------------------------
total  :             16414708 KiB
free   :             13510636 KiB
buffers:                22784 KiB
cached :              1237064 KiB


--------------------------------------------------------------------------------
firsttest: 512.0 236.24609375
secondtest: 512.0 238.02734375
thirdtest: 512.0 238.23828125
fourthtest: 512.0 238.92578125
--------------------------------------------------------------------------------
total  :             16414708 KiB
free   :             13411024 KiB
buffers:                22784 KiB
cached :              1237072 KiB


--------------------------------------------------------------------------------
firsttest: 512.0 185.9921875
secondtest: 512.0 189.83203125
thirdtest: 512.0 190.76953125
fourthtest: 512.0 192.3046875
--------------------------------------------------------------------------------
total  :             16414708 KiB
free   :             13210048 KiB
buffers:                22784 KiB
cached :              1237072 KiB


--------------------------------------------------------------------------------
firsttest: 432.0 74.65625
secondtest: 427.0 75.0
thirdtest: 426.0 63.2578125
fourthtest: 424.0 75.6875
--------------------------------------------------------------------------------
total  :             16414708 KiB
free   :             13047144 KiB
buffers:                22792 KiB
cached :              1237072 KiB


--------------------------------------------------------------------------------
firsttest: 432.0 73.04296875
secondtest: 427.0 71.31640625
thirdtest: 431.0 70.67578125
fourthtest: 423.0 71.93359375
--------------------------------------------------------------------------------
total  :             16414708 KiB
free   :             13042508 KiB
buffers:                22792 KiB
cached :              1237080 KiB


--------------------------------------------------------------------------------
firsttest: 431.0 66.734375
secondtest: 427.0 68.359375
thirdtest: 435.0 76.34765625
fourthtest: 424.0 70.78125
--------------------------------------------------------------------------------
total  :             16414708 KiB
free   :             13017136 KiB
buffers:                22800 KiB
cached :              1237076 KiB


--------------------------------------------------------------------------------
firsttest: 257.0 305.609375
secondtest: 260.0 301.73046875
thirdtest: 251.0 304.4765625
fourthtest: 232.0 298.7890625
--------------------------------------------------------------------------------
total  :             16414708 KiB
free   :             13805004 KiB
buffers:                22800 KiB
cached :              1237092 KiB


--------------------------------------------------------------------------------
firsttest: 163.12890625 61.86328125
secondtest: 162.8984375 60.13671875
thirdtest: 164.0 59.84765625
fourthtest: 162.98828125 53.94921875
--------------------------------------------------------------------------------
total  :             16414708 KiB
free   :             14044212 KiB
buffers:                22800 KiB
cached :              1237100 KiB


--------------------------------------------------------------------------------
firsttest: 155.45703125 51.8984375
secondtest: 152.8203125 52.625
thirdtest: 156.4609375 51.58984375
fourthtest: 158.06640625 51.640625
--------------------------------------------------------------------------------
total  :             16414708 KiB
free   :             14070588 KiB
buffers:                22808 KiB
cached :              1237156 KiB


--------------------------------------------------------------------------------
firsttest: 152.8671875 51.6875
secondtest: 137.59375 63.26953125
thirdtest: 136.58984375 52.57421875
fourthtest: 150.52734375 51.5546875
--------------------------------------------------------------------------------
total  :             16414708 KiB
free   :             14114784 KiB
buffers:                22816 KiB
cached :              1237160 KiB


--------------------------------------------------------------------------------
firsttest: 137.8046875 52.16015625
secondtest: 137.59375 63.26953125
thirdtest: 136.58984375 52.57421875
fourthtest: 137.52734375 51.5546875
--------------------------------------------------------------------------------
total  :             16414708 KiB
free   :             14141544 KiB
buffers:                22816 KiB
cached :              1237176 KiB


--------------------------------------------------------------------------------
firsttest: 137.8046875 52.16015625
secondtest: 137.59375 63.26953125
thirdtest: 136.58984375 52.57421875
fourthtest: 137.52734375 51.5546875
--------------------------------------------------------------------------------
total  :             16414708 KiB
free   :             14141592 KiB
buffers:                22816 KiB
cached :              1237176 KiB


--------------------------------------------------------------------------------
firsttest: 137.8046875 52.16015625
secondtest: 137.59375 63.26953125
thirdtest: 136.58984375 52.57421875
fourthtest: 137.52734375 51.5546875
--------------------------------------------------------------------------------
total  :             16414708 KiB
free   :             14141812 KiB
buffers:                22824 KiB
cached :              1237176 KiB


--------------------------------------------------------------------------------
firsttest: 137.8046875 52.16015625
secondtest: 137.59375 63.26953125
thirdtest: 136.58984375 52.57421875
fourthtest: 137.52734375 51.5546875
--------------------------------------------------------------------------------
total  :             16414708 KiB
free   :             14142012 KiB
buffers:                22824 KiB
cached :              1237184 KiB


--------------------------------------------------------------------------------
firsttest: 137.8046875 52.16015625
secondtest: 137.59375 63.26953125
thirdtest: 136.58984375 52.57421875
fourthtest: 137.52734375 51.5546875
--------------------------------------------------------------------------------
total  :             16414708 KiB
free   :             14142060 KiB
buffers:                22824 KiB
cached :              1237188 KiB


--------------------------------------------------------------------------------
firsttest: 137.8046875 52.16015625
secondtest: 137.59375 63.26953125
thirdtest: 136.58984375 52.57421875
fourthtest: 137.52734375 51.5546875
--------------------------------------------------------------------------------
total  :             16414708 KiB
free   :             14128372 KiB
buffers:                22832 KiB
cached :              1237188 KiB


--------------------------------------------------------------------------------
firsttest: 137.8046875 52.16015625
secondtest: 137.59375 63.26953125
thirdtest: 136.58984375 52.57421875
fourthtest: 137.52734375 51.5546875
--------------------------------------------------------------------------------
total  :             16414708 KiB
free   :             14128588 KiB
buffers:                22832 KiB
cached :              1237200 KiB


--------------------------------------------------------------------------------
firsttest: 137.8046875 52.16015625
secondtest: 137.59375 63.26953125
thirdtest: 136.58984375 52.57421875
fourthtest: 137.52734375 51.5546875
--------------------------------------------------------------------------------
total  :             16414708 KiB
free   :             14128432 KiB
buffers:                22832 KiB
cached :              1237200 KiB


--------------------------------------------------------------------------------
firsttest: 137.8046875 52.16015625
secondtest: 137.59375 63.26953125
thirdtest: 136.58984375 52.57421875
fourthtest: 137.52734375 51.5546875
--------------------------------------------------------------------------------
total  :             16414708 KiB
free   :             14128440 KiB
buffers:                22840 KiB
cached :              1237196 KiB


--------------------------------------------------------------------------------
firsttest: 137.8046875 52.16015625
secondtest: 137.59375 63.26953125
thirdtest: 136.58984375 52.57421875
fourthtest: 137.52734375 51.5546875
--------------------------------------------------------------------------------
total  :             16414708 KiB
free   :             14128612 KiB
buffers:                22840 KiB
cached :              1237212 KiB


--------------------------------------------------------------------------------
firsttest: 137.8046875 52.16015625
secondtest: 137.59375 63.26953125
thirdtest: 136.58984375 52.57421875
fourthtest: 137.52734375 51.5546875
--------------------------------------------------------------------------------
total  :             16414708 KiB
free   :             14113552 KiB
buffers:                22840 KiB
cached :              1237212 KiB


--------------------------------------------------------------------------------
firsttest: 137.8046875 52.16015625
secondtest: 137.59375 63.26953125
thirdtest: 136.58984375 52.57421875
fourthtest: 137.52734375 51.5546875
--------------------------------------------------------------------------------
total  :             16414708 KiB
free   :             14113940 KiB
buffers:                22848 KiB
cached :              1237204 KiB


--------------------------------------------------------------------------------
firsttest: 137.8046875 52.16015625
secondtest: 137.59375 63.26953125
thirdtest: 136.58984375 52.57421875
fourthtest: 137.52734375 51.5546875
--------------------------------------------------------------------------------
total  :             16414708 KiB
free   :             14114532 KiB
buffers:                22848 KiB
cached :              1237220 KiB


--------------------------------------------------------------------------------