Script started on Mon 08 Oct 2018 07:16:57 AM UTC
]0;prashant@Ubuntu1404: ~/omscs/6210/hw1/test/cpuprashant@Ubuntu1404:~/omscs/6210/hw1/test/cpu$ ./monitor.py 
firsttest: ([(0, 1, 1203890000000L, 1)], [(False, True, False, False)])
secondtest: ([(0, 1, 1201220000000L, 3)], [(False, False, False, True)])
thirdtest: ([(0, 1, 1200080000000L, 0)], [(True, False, False, False)])
fourthtest: ([(0, 1, 1207040000000L, 2)], [(False, False, True, False)])
fifthtest: ([(0, 1, 1073100000000L, 0)], [(True, False, False, False)])
sixthtest: ([(0, 1, 1073790000000L, 1)], [(False, True, False, False)])
seventhtest: ([(0, 1, 1082530000000L, 2)], [(False, False, True, False)])
eighthtest: ([(0, 1, 1072660000000L, 3)], [(False, False, False, True)])
--------------------------------------------------------------------------------
0: 0.0 []
1: 0.0 []
2: 0.0 []
3: 0.0 []
--------------------------------------------------------------------------------
firsttest: ([(0, 1, 1203900000000L, 1)], [(False, True, False, False)])
secondtest: ([(0, 1, 1201220000000L, 3)], [(False, False, False, True)])
thirdtest: ([(0, 1, 1200080000000L, 0)], [(True, False, False, False)])
fourthtest: ([(0, 1, 1207040000000L, 2)], [(False, False, True, False)])
fifthtest: ([(0, 1, 1073100000000L, 0)], [(True, False, False, False)])
sixthtest: ([(0, 1, 1073790000000L, 1)], [(False, True, False, False)])
seventhtest: ([(0, 1, 1082530000000L, 2)], [(False, False, True, False)])
eighthtest: ([(0, 1, 1072660000000L, 3)], [(False, False, False, True)])
--------------------------------------------------------------------------------
0: 0.0 ['thirdtest', 'fifthtest']
1: 1.0 ['firsttest', 'sixthtest']
2: 0.0 ['fourthtest', 'seventhtest']
3: 0.0 ['secondtest', 'eighthtest']
--------------------------------------------------------------------------------
firsttest: ([(0, 1, 1203900000000L, 1)], [(False, True, False, False)])
secondtest: ([(0, 1, 1201230000000L, 3)], [(False, False, False, True)])
thirdtest: ([(0, 1, 1200090000000L, 0)], [(True, False, False, False)])
fourthtest: ([(0, 1, 1207040000000L, 2)], [(False, False, True, False)])
fifthtest: ([(0, 1, 1073100000000L, 0)], [(True, False, False, False)])
sixthtest: ([(0, 1, 1073800000000L, 1)], [(False, True, False, False)])
seventhtest: ([(0, 1, 1082540000000L, 2)], [(False, False, True, False)])
eighthtest: ([(0, 1, 1072660000000L, 3)], [(False, False, False, True)])
--------------------------------------------------------------------------------
0: 1.0 ['thirdtest', 'fifthtest']
1: 1.0 ['firsttest', 'sixthtest']
2: 1.0 ['fourthtest', 'seventhtest']
3: 1.0 ['secondtest', 'eighthtest']
--------------------------------------------------------------------------------
firsttest: ([(0, 1, 1203900000000L, 1)], [(False, True, False, False)])
secondtest: ([(0, 1, 1201230000000L, 3)], [(False, False, False, True)])
thirdtest: ([(0, 1, 1200090000000L, 0)], [(True, False, False, False)])
fourthtest: ([(0, 1, 1207040000000L, 2)], [(False, False, True, False)])
fifthtest: ([(0, 1, 1073100000000L, 0)], [(True, False, False, False)])
sixthtest: ([(0, 1, 1073800000000L, 1)], [(False, True, False, False)])
seventhtest: ([(0, 1, 1082540000000L, 2)], [(False, False, True, False)])
eighthtest: ([(0, 1, 1072660000000L, 3)], [(False, False, False, True)])
--------------------------------------------------------------------------------
0: 0.0 ['thirdtest', 'fifthtest']
1: 0.0 ['firsttest', 'sixthtest']
2: 0.0 ['fourthtest', 'seventhtest']
3: 0.0 ['secondtest', 'eighthtest']
--------------------------------------------------------------------------------
firsttest: ([(0, 1, 1203900000000L, 1)], [(False, True, False, False)])
secondtest: ([(0, 1, 1201230000000L, 3)], [(False, False, False, True)])
thirdtest: ([(0, 1, 1200090000000L, 0)], [(True, False, False, False)])
fourthtest: ([(0, 1, 1207040000000L, 2)], [(False, False, True, False)])
fifthtest: ([(0, 1, 1073100000000L, 0)], [(True, False, False, False)])
sixthtest: ([(0, 1, 1073800000000L, 1)], [(False, True, False, False)])
seventhtest: ([(0, 1, 1082550000000L, 2)], [(False, False, True, False)])
eighthtest: ([(0, 1, 1072660000000L, 3)], [(False, False, False, True)])
--------------------------------------------------------------------------------
0: 0.0 ['thirdtest', 'fifthtest']
1: 0.0 ['firsttest', 'sixthtest']
2: 1.0 ['fourthtest', 'seventhtest']
3: 0.0 ['secondtest', 'eighthtest']
--------------------------------------------------------------------------------
firsttest: ([(0, 1, 1203910000000L, 1)], [(False, True, False, False)])
secondtest: ([(0, 1, 1201230000000L, 3)], [(False, False, False, True)])
thirdtest: ([(0, 1, 1200090000000L, 0)], [(True, False, False, False)])
fourthtest: ([(0, 1, 1207050000000L, 2)], [(False, False, True, False)])
fifthtest: ([(0, 1, 1073100000000L, 0)], [(True, False, False, False)])
sixthtest: ([(0, 1, 1073800000000L, 1)], [(False, True, False, False)])
seventhtest: ([(0, 1, 1082550000000L, 2)], [(False, False, True, False)])
eighthtest: ([(0, 1, 1072670000000L, 3)], [(False, False, False, True)])
--------------------------------------------------------------------------------
0: 0.0 ['thirdtest', 'fifthtest']
1: 1.0 ['firsttest', 'sixthtest']
2: 1.0 ['fourthtest', 'seventhtest']
3: 1.0 ['secondtest', 'eighthtest']
--------------------------------------------------------------------------------
firsttest: ([(0, 1, 1203910000000L, 1)], [(False, True, False, False)])
secondtest: ([(0, 1, 1201230000000L, 3)], [(False, False, False, True)])
thirdtest: ([(0, 1, 1200100000000L, 0)], [(True, False, False, False)])
fourthtest: ([(0, 1, 1207050000000L, 2)], [(False, False, True, False)])
fifthtest: ([(0, 1, 1073110000000L, 0)], [(True, False, False, False)])
sixthtest: ([(0, 1, 1073800000000L, 1)], [(False, True, False, False)])
seventhtest: ([(0, 1, 1082550000000L, 2)], [(False, False, True, False)])
eighthtest: ([(0, 1, 1072670000000L, 3)], [(False, False, False, True)])
--------------------------------------------------------------------------------
0: 2.0 ['thirdtest', 'fifthtest']
1: 0.0 ['firsttest', 'sixthtest']
2: 0.0 ['fourthtest', 'seventhtest']
3: 0.0 ['secondtest', 'eighthtest']
--------------------------------------------------------------------------------
firsttest: ([(0, 1, 1203910000000L, 1)], [(False, True, False, False)])
secondtest: ([(0, 1, 1201240000000L, 3)], [(False, False, False, True)])
thirdtest: ([(0, 1, 1200100000000L, 0)], [(True, False, False, False)])
fourthtest: ([(0, 1, 1207050000000L, 2)], [(False, False, True, False)])
fifthtest: ([(0, 1, 1073110000000L, 0)], [(True, False, False, False)])
sixthtest: ([(0, 1, 1073810000000L, 1)], [(False, True, False, False)])
seventhtest: ([(0, 1, 1082550000000L, 2)], [(False, False, True, False)])
eighthtest: ([(0, 1, 1072670000000L, 3)], [(False, False, False, True)])
--------------------------------------------------------------------------------
0: 0.0 ['thirdtest', 'fifthtest']
1: 1.0 ['firsttest', 'sixthtest']
2: 0.0 ['fourthtest', 'seventhtest']
3: 1.0 ['secondtest', 'eighthtest']
--------------------------------------------------------------------------------
firsttest: ([(0, 1, 1203910000000L, 1)], [(False, True, False, False)])
secondtest: ([(0, 1, 1201240000000L, 3)], [(False, False, False, True)])
thirdtest: ([(0, 1, 1200100000000L, 0)], [(True, False, False, False)])
fourthtest: ([(0, 1, 1207050000000L, 2)], [(False, False, True, False)])
fifthtest: ([(0, 1, 1073110000000L, 0)], [(True, False, False, False)])
sixthtest: ([(0, 1, 1073810000000L, 1)], [(False, True, False, False)])
seventhtest: ([(0, 1, 1082550000000L, 2)], [(False, False, True, False)])
eighthtest: ([(0, 1, 1072670000000L, 3)], [(False, False, False, True)])
--------------------------------------------------------------------------------
0: 0.0 ['thirdtest', 'fifthtest']
1: 0.0 ['firsttest', 'sixthtest']
2: 0.0 ['fourthtest', 'seventhtest']
3: 0.0 ['secondtest', 'eighthtest']
--------------------------------------------------------------------------------
firsttest: ([(0, 1, 1203910000000L, 1)], [(False, True, False, False)])
secondtest: ([(0, 1, 1201240000000L, 3)], [(False, False, False, True)])
thirdtest: ([(0, 1, 1200100000000L, 0)], [(True, False, False, False)])
fourthtest: ([(0, 1, 1207060000000L, 2)], [(False, False, True, False)])
fifthtest: ([(0, 1, 1073110000000L, 0)], [(True, False, False, False)])
sixthtest: ([(0, 1, 1073810000000L, 1)], [(False, True, False, False)])
seventhtest: ([(0, 1, 1082560000000L, 2)], [(False, False, True, False)])
eighthtest: ([(0, 1, 1072680000000L, 3)], [(False, False, False, True)])
--------------------------------------------------------------------------------
0: 0.0 ['thirdtest', 'fifthtest']
1: 0.0 ['firsttest', 'sixthtest']
2: 2.0 ['fourthtest', 'seventhtest']
3: 1.0 ['secondtest', 'eighthtest']
--------------------------------------------------------------------------------
firsttest: ([(0, 1, 1203920000000L, 0)], [(True, False, False, False)])
secondtest: ([(0, 1, 1201240000000L, 1)], [(False, True, False, False)])
thirdtest: ([(0, 1, 1200100000000L, 2)], [(False, False, True, False)])
fourthtest: ([(0, 1, 1207060000000L, 3)], [(False, False, False, True)])
fifthtest: ([(0, 1, 1073110000000L, 0)], [(True, False, False, False)])
sixthtest: ([(0, 1, 1073810000000L, 1)], [(False, True, False, False)])
seventhtest: ([(0, 1, 1082560000000L, 2)], [(False, False, True, False)])
eighthtest: ([(0, 1, 1072680000000L, 3)], [(False, False, False, True)])
--------------------------------------------------------------------------------
0: 1.0 ['firsttest', 'fifthtest']
1: 0.0 ['secondtest', 'sixthtest']
2: 0.0 ['thirdtest', 'seventhtest']
3: 0.0 ['fourthtest', 'eighthtest']
--------------------------------------------------------------------------------
firsttest: ([(0, 1, 1204090000000L, 0)], [(True, False, False, False)])
secondtest: ([(0, 1, 1201400000000L, 1)], [(False, True, False, False)])
thirdtest: ([(0, 1, 1200260000000L, 2)], [(False, False, True, False)])
fourthtest: ([(0, 1, 1207200000000L, 3)], [(False, False, False, True)])
fifthtest: ([(0, 1, 1073270000000L, 0)], [(True, False, False, False)])
sixthtest: ([(0, 1, 1073980000000L, 1)], [(False, True, False, False)])
seventhtest: ([(0, 1, 1082730000000L, 2)], [(False, False, True, False)])
eighthtest: ([(0, 1, 1072840000000L, 3)], [(False, False, False, True)])
--------------------------------------------------------------------------------
0: 33.0 ['firsttest', 'fifthtest']
1: 33.0 ['secondtest', 'sixthtest']
2: 33.0 ['thirdtest', 'seventhtest']
3: 30.0 ['fourthtest', 'eighthtest']
--------------------------------------------------------------------------------
firsttest: ([(0, 1, 1204570000000L, 0)], [(True, False, False, False)])
secondtest: ([(0, 1, 1201910000000L, 1)], [(False, True, False, False)])
thirdtest: ([(0, 1, 1200760000000L, 2)], [(False, False, True, False)])
fourthtest: ([(0, 1, 1207700000000L, 3)], [(False, False, False, True)])
fifthtest: ([(0, 1, 1073760000000L, 0)], [(True, False, False, False)])
sixthtest: ([(0, 1, 1074460000000L, 1)], [(False, True, False, False)])
seventhtest: ([(0, 1, 1083200000000L, 2)], [(False, False, True, False)])
eighthtest: ([(0, 1, 1073320000000L, 3)], [(False, False, False, True)])
--------------------------------------------------------------------------------
0: 97.0 ['firsttest', 'fifthtest']
1: 99.0 ['secondtest', 'sixthtest']
2: 97.0 ['thirdtest', 'seventhtest']
3: 98.0 ['fourthtest', 'eighthtest']
--------------------------------------------------------------------------------
firsttest: ([(0, 1, 1205070000000L, 0)], [(True, False, False, False)])
secondtest: ([(0, 1, 1202410000000L, 1)], [(False, True, False, False)])
thirdtest: ([(0, 1, 1201260000000L, 2)], [(False, False, True, False)])
fourthtest: ([(0, 1, 1208190000000L, 3)], [(False, False, False, True)])
fifthtest: ([(0, 1, 1074260000000L, 0)], [(True, False, False, False)])
sixthtest: ([(0, 1, 1074960000000L, 1)], [(False, True, False, False)])
seventhtest: ([(0, 1, 1083710000000L, 2)], [(False, False, True, False)])
eighthtest: ([(0, 1, 1073810000000L, 3)], [(False, False, False, True)])
--------------------------------------------------------------------------------
0: 100.0 ['firsttest', 'fifthtest']
1: 100.0 ['secondtest', 'sixthtest']
2: 101.0 ['thirdtest', 'seventhtest']
3: 98.0 ['fourthtest', 'eighthtest']
--------------------------------------------------------------------------------
firsttest: ([(0, 1, 1205570000000L, 0)], [(True, False, False, False)])
secondtest: ([(0, 1, 1202920000000L, 1)], [(False, True, False, False)])
thirdtest: ([(0, 1, 1201770000000L, 2)], [(False, False, True, False)])
fourthtest: ([(0, 1, 1208690000000L, 3)], [(False, False, False, True)])
fifthtest: ([(0, 1, 1074760000000L, 0)], [(True, False, False, False)])
sixthtest: ([(0, 1, 1075470000000L, 1)], [(False, True, False, False)])
seventhtest: ([(0, 1, 1084210000000L, 2)], [(False, False, True, False)])
eighthtest: ([(0, 1, 1074310000000L, 3)], [(False, False, False, True)])
--------------------------------------------------------------------------------
0: 100.0 ['firsttest', 'fifthtest']
1: 102.0 ['secondtest', 'sixthtest']
2: 101.0 ['thirdtest', 'seventhtest']
3: 100.0 ['fourthtest', 'eighthtest']
--------------------------------------------------------------------------------
firsttest: ([(0, 1, 1206070000000L, 0)], [(True, False, False, False)])
secondtest: ([(0, 1, 1203430000000L, 1)], [(False, True, False, False)])
thirdtest: ([(0, 1, 1202260000000L, 2)], [(False, False, True, False)])
fourthtest: ([(0, 1, 1209190000000L, 3)], [(False, False, False, True)])
fifthtest: ([(0, 1, 1075250000000L, 0)], [(True, False, False, False)])
sixthtest: ([(0, 1, 1075970000000L, 1)], [(False, True, False, False)])
seventhtest: ([(0, 1, 1084710000000L, 2)], [(False, False, True, False)])
eighthtest: ([(0, 1, 1074810000000L, 3)], [(False, False, False, True)])
--------------------------------------------------------------------------------
0: 99.0 ['firsttest', 'fifthtest']
1: 101.0 ['secondtest', 'sixthtest']
2: 99.0 ['thirdtest', 'seventhtest']
3: 100.0 ['fourthtest', 'eighthtest']
--------------------------------------------------------------------------------
firsttest: ([(0, 1, 1206560000000L, 0)], [(True, False, False, False)])
secondtest: ([(0, 1, 1203930000000L, 1)], [(False, True, False, False)])
thirdtest: ([(0, 1, 1202760000000L, 2)], [(False, False, True, False)])
fourthtest: ([(0, 1, 1209690000000L, 3)], [(False, False, False, True)])
fifthtest: ([(0, 1, 1075760000000L, 0)], [(True, False, False, False)])
sixthtest: ([(0, 1, 1076470000000L, 1)], [(False, True, False, False)])
seventhtest: ([(0, 1, 1085200000000L, 2)], [(False, False, True, False)])
eighthtest: ([(0, 1, 1075310000000L, 3)], [(False, False, False, True)])
--------------------------------------------------------------------------------
0: 100.0 ['firsttest', 'fifthtest']
1: 100.0 ['secondtest', 'sixthtest']
2: 99.0 ['thirdtest', 'seventhtest']
3: 100.0 ['fourthtest', 'eighthtest']
--------------------------------------------------------------------------------
firsttest: ([(0, 1, 1207050000000L, 0)], [(True, False, False, False)])
secondtest: ([(0, 1, 1204420000000L, 1)], [(False, True, False, False)])
thirdtest: ([(0, 1, 1203270000000L, 2)], [(False, False, True, False)])
fourthtest: ([(0, 1, 1210190000000L, 3)], [(False, False, False, True)])
fifthtest: ([(0, 1, 1076240000000L, 0)], [(True, False, False, False)])
sixthtest: ([(0, 1, 1076970000000L, 1)], [(False, True, False, False)])
seventhtest: ([(0, 1, 1085720000000L, 2)], [(False, False, True, False)])
eighthtest: ([(0, 1, 1075810000000L, 3)], [(False, False, False, True)])
--------------------------------------------------------------------------------
0: 97.0 ['firsttest', 'fifthtest']
1: 99.0 ['secondtest', 'sixthtest']
2: 103.0 ['thirdtest', 'seventhtest']
3: 100.0 ['fourthtest', 'eighthtest']
--------------------------------------------------------------------------------
firsttest: ([(0, 1, 1207560000000L, 0)], [(True, False, False, False)])
secondtest: ([(0, 1, 1204930000000L, 1)], [(False, True, False, False)])
thirdtest: ([(0, 1, 1203770000000L, 2)], [(False, False, True, False)])
fourthtest: ([(0, 1, 1210690000000L, 3)], [(False, False, False, True)])
fifthtest: ([(0, 1, 1076740000000L, 0)], [(True, False, False, False)])
sixthtest: ([(0, 1, 1077470000000L, 1)], [(False, True, False, False)])
seventhtest: ([(0, 1, 1086220000000L, 2)], [(False, False, True, False)])
eighthtest: ([(0, 1, 1076320000000L, 3)], [(False, False, False, True)])
--------------------------------------------------------------------------------
0: 101.0 ['firsttest', 'fifthtest']
1: 101.0 ['secondtest', 'sixthtest']
2: 100.0 ['thirdtest', 'seventhtest']
3: 101.0 ['fourthtest', 'eighthtest']
--------------------------------------------------------------------------------
firsttest: ([(0, 1, 1208050000000L, 0)], [(True, False, False, False)])
secondtest: ([(0, 1, 1205430000000L, 1)], [(False, True, False, False)])
thirdtest: ([(0, 1, 1204280000000L, 2)], [(False, False, True, False)])
fourthtest: ([(0, 1, 1211200000000L, 3)], [(False, False, False, True)])
fifthtest: ([(0, 1, 1077250000000L, 0)], [(True, False, False, False)])
sixthtest: ([(0, 1, 1077980000000L, 1)], [(False, True, False, False)])
seventhtest: ([(0, 1, 1086720000000L, 2)], [(False, False, True, False)])
eighthtest: ([(0, 1, 1076810000000L, 3)], [(False, False, False, True)])
--------------------------------------------------------------------------------
0: 100.0 ['firsttest', 'fifthtest']
1: 101.0 ['secondtest', 'sixthtest']
2: 101.0 ['thirdtest', 'seventhtest']
3: 100.0 ['fourthtest', 'eighthtest']
--------------------------------------------------------------------------------
firsttest: ([(0, 1, 1208550000000L, 0)], [(True, False, False, False)])
secondtest: ([(0, 1, 1205940000000L, 1)], [(False, True, False, False)])
thirdtest: ([(0, 1, 1204770000000L, 2)], [(False, False, True, False)])
fourthtest: ([(0, 1, 1211700000000L, 3)], [(False, False, False, True)])
fifthtest: ([(0, 1, 1077750000000L, 0)], [(True, False, False, False)])
sixthtest: ([(0, 1, 1078480000000L, 1)], [(False, True, False, False)])
seventhtest: ([(0, 1, 1087220000000L, 2)], [(False, False, True, False)])
eighthtest: ([(0, 1, 1077320000000L, 3)], [(False, False, False, True)])
--------------------------------------------------------------------------------
0: 100.0 ['firsttest', 'fifthtest']
1: 101.0 ['secondtest', 'sixthtest']
2: 99.0 ['thirdtest', 'seventhtest']
3: 101.0 ['fourthtest', 'eighthtest']
--------------------------------------------------------------------------------
firsttest: ([(0, 1, 1209060000000L, 0)], [(True, False, False, False)])
secondtest: ([(0, 1, 1206430000000L, 1)], [(False, True, False, False)])
thirdtest: ([(0, 1, 1205280000000L, 2)], [(False, False, True, False)])
fourthtest: ([(0, 1, 1212210000000L, 3)], [(False, False, False, True)])
fifthtest: ([(0, 1, 1078240000000L, 0)], [(True, False, False, False)])
sixthtest: ([(0, 1, 1078980000000L, 1)], [(False, True, False, False)])
seventhtest: ([(0, 1, 1087720000000L, 2)], [(False, False, True, False)])
eighthtest: ([(0, 1, 1077830000000L, 3)], [(False, False, False, True)])
--------------------------------------------------------------------------------
0: 100.0 ['firsttest', 'fifthtest']
1: 99.0 ['secondtest', 'sixthtest']
2: 101.0 ['thirdtest', 'seventhtest']
3: 102.0 ['fourthtest', 'eighthtest']
--------------------------------------------------------------------------------
firsttest: ([(0, 1, 1209550000000L, 0)], [(True, False, False, False)])
secondtest: ([(0, 1, 1206940000000L, 1)], [(False, True, False, False)])
thirdtest: ([(0, 1, 1205780000000L, 2)], [(False, False, True, False)])
fourthtest: ([(0, 1, 1212720000000L, 3)], [(False, False, False, True)])
fifthtest: ([(0, 1, 1078740000000L, 0)], [(True, False, False, False)])
sixthtest: ([(0, 1, 1079480000000L, 1)], [(False, True, False, False)])
seventhtest: ([(0, 1, 1088230000000L, 2)], [(False, False, True, False)])
eighthtest: ([(0, 1, 1078340000000L, 3)], [(False, False, False, True)])
--------------------------------------------------------------------------------
0: 99.0 ['firsttest', 'fifthtest']
1: 101.0 ['secondtest', 'sixthtest']
2: 101.0 ['thirdtest', 'seventhtest']
3: 102.0 ['fourthtest', 'eighthtest']
--------------------------------------------------------------------------------
firsttest: ([(0, 1, 1210040000000L, 1)], [(False, True, False, False)])
secondtest: ([(0, 1, 1207440000000L, 3)], [(False, False, False, True)])
thirdtest: ([(0, 1, 1206280000000L, 0)], [(True, False, False, False)])
fourthtest: ([(0, 1, 1213210000000L, 2)], [(False, False, True, False)])
fifthtest: ([(0, 1, 1079220000000L, 3)], [(False, False, False, True)])
sixthtest: ([(0, 1, 1079980000000L, 1)], [(False, True, False, False)])
seventhtest: ([(0, 1, 1088740000000L, 2)], [(False, False, True, False)])
eighthtest: ([(0, 1, 1078830000000L, 0)], [(True, False, False, False)])
--------------------------------------------------------------------------------
0: 99.0 ['thirdtest', 'eighthtest']
1: 99.0 ['firsttest', 'sixthtest']
2: 100.0 ['fourthtest', 'seventhtest']
3: 98.0 ['secondtest', 'fifthtest']
--------------------------------------------------------------------------------
firsttest: ([(0, 1, 1210530000000L, 1)], [(False, True, False, False)])
secondtest: ([(0, 1, 1207940000000L, 3)], [(False, False, False, True)])
thirdtest: ([(0, 1, 1206770000000L, 0)], [(True, False, False, False)])
fourthtest: ([(0, 1, 1213710000000L, 2)], [(False, False, True, False)])
fifthtest: ([(0, 1, 1079720000000L, 3)], [(False, False, False, True)])
sixthtest: ([(0, 1, 1080490000000L, 1)], [(False, True, False, False)])
seventhtest: ([(0, 1, 1089240000000L, 2)], [(False, False, True, False)])
eighthtest: ([(0, 1, 1079310000000L, 0)], [(True, False, False, False)])
--------------------------------------------------------------------------------
0: 97.0 ['thirdtest', 'eighthtest']
1: 100.0 ['firsttest', 'sixthtest']
2: 100.0 ['fourthtest', 'seventhtest']
3: 100.0 ['secondtest', 'fifthtest']
--------------------------------------------------------------------------------
firsttest: ([(0, 1, 1211040000000L, 1)], [(False, True, False, False)])
secondtest: ([(0, 1, 1208420000000L, 3)], [(False, False, False, True)])
thirdtest: ([(0, 1, 1207280000000L, 0)], [(True, False, False, False)])
fourthtest: ([(0, 1, 1214210000000L, 2)], [(False, False, True, False)])
fifthtest: ([(0, 1, 1080210000000L, 3)], [(False, False, False, True)])
sixthtest: ([(0, 1, 1080990000000L, 1)], [(False, True, False, False)])
seventhtest: ([(0, 1, 1089740000000L, 2)], [(False, False, True, False)])
eighthtest: ([(0, 1, 1079820000000L, 0)], [(True, False, False, False)])
--------------------------------------------------------------------------------
0: 102.0 ['thirdtest', 'eighthtest']
1: 101.0 ['firsttest', 'sixthtest']
2: 100.0 ['fourthtest', 'seventhtest']
3: 97.0 ['secondtest', 'fifthtest']
--------------------------------------------------------------------------------
firsttest: ([(0, 1, 1211530000000L, 1)], [(False, True, False, False)])
secondtest: ([(0, 1, 1208920000000L, 3)], [(False, False, False, True)])
thirdtest: ([(0, 1, 1207790000000L, 0)], [(True, False, False, False)])
fourthtest: ([(0, 1, 1214710000000L, 2)], [(False, False, True, False)])
fifthtest: ([(0, 1, 1080700000000L, 3)], [(False, False, False, True)])
sixthtest: ([(0, 1, 1081490000000L, 1)], [(False, True, False, False)])
seventhtest: ([(0, 1, 1090240000000L, 2)], [(False, False, True, False)])
eighthtest: ([(0, 1, 1080330000000L, 0)], [(True, False, False, False)])
--------------------------------------------------------------------------------
0: 102.0 ['thirdtest', 'eighthtest']
1: 99.0 ['firsttest', 'sixthtest']
2: 100.0 ['fourthtest', 'seventhtest']
3: 99.0 ['secondtest', 'fifthtest']
--------------------------------------------------------------------------------
firsttest: ([(0, 1, 1212040000000L, 1)], [(False, True, False, False)])
secondtest: ([(0, 1, 1209410000000L, 3)], [(False, False, False, True)])
thirdtest: ([(0, 1, 1208280000000L, 0)], [(True, False, False, False)])
fourthtest: ([(0, 1, 1215210000000L, 2)], [(False, False, True, False)])
fifthtest: ([(0, 1, 1081190000000L, 3)], [(False, False, False, True)])
sixthtest: ([(0, 1, 1081980000000L, 1)], [(False, True, False, False)])
seventhtest: ([(0, 1, 1090730000000L, 2)], [(False, False, True, False)])
eighthtest: ([(0, 1, 1080830000000L, 0)], [(True, False, False, False)])
--------------------------------------------------------------------------------
0: 99.0 ['thirdtest', 'eighthtest']
1: 100.0 ['firsttest', 'sixthtest']
2: 99.0 ['fourthtest', 'seventhtest']
3: 98.0 ['secondtest', 'fifthtest']
--------------------------------------------------------------------------------
firsttest: ([(0, 1, 1212530000000L, 1)], [(False, True, False, False)])
secondtest: ([(0, 1, 1209900000000L, 3)], [(False, False, False, True)])
thirdtest: ([(0, 1, 1208780000000L, 0)], [(True, False, False, False)])
fourthtest: ([(0, 1, 1215690000000L, 2)], [(False, False, True, False)])
fifthtest: ([(0, 1, 1081680000000L, 3)], [(False, False, False, True)])
sixthtest: ([(0, 1, 1082480000000L, 1)], [(False, True, False, False)])
seventhtest: ([(0, 1, 1091210000000L, 2)], [(False, False, True, False)])
eighthtest: ([(0, 1, 1081330000000L, 0)], [(True, False, False, False)])
--------------------------------------------------------------------------------
0: 100.0 ['thirdtest', 'eighthtest']
1: 99.0 ['firsttest', 'sixthtest']
2: 96.0 ['fourthtest', 'seventhtest']
3: 98.0 ['secondtest', 'fifthtest']
--------------------------------------------------------------------------------
firsttest: ([(0, 1, 1213010000000L, 1)], [(False, True, False, False)])
secondtest: ([(0, 1, 1210390000000L, 3)], [(False, False, False, True)])
thirdtest: ([(0, 1, 1209280000000L, 0)], [(True, False, False, False)])
fourthtest: ([(0, 1, 1216160000000L, 2)], [(False, False, True, False)])
fifthtest: ([(0, 1, 1082170000000L, 3)], [(False, False, False, True)])
sixthtest: ([(0, 1, 1082970000000L, 1)], [(False, True, False, False)])
seventhtest: ([(0, 1, 1091680000000L, 2)], [(False, False, True, False)])
eighthtest: ([(0, 1, 1081830000000L, 0)], [(True, False, False, False)])
--------------------------------------------------------------------------------
0: 100.0 ['thirdtest', 'eighthtest']
1: 97.0 ['firsttest', 'sixthtest']
2: 94.0 ['fourthtest', 'seventhtest']
3: 98.0 ['secondtest', 'fifthtest']
--------------------------------------------------------------------------------
firsttest: ([(0, 1, 1213510000000L, 1)], [(False, True, False, False)])
secondtest: ([(0, 1, 1210900000000L, 3)], [(False, False, False, True)])
thirdtest: ([(0, 1, 1209770000000L, 0)], [(True, False, False, False)])
fourthtest: ([(0, 1, 1216640000000L, 2)], [(False, False, True, False)])
fifthtest: ([(0, 1, 1082670000000L, 3)], [(False, False, False, True)])
sixthtest: ([(0, 1, 1083470000000L, 1)], [(False, True, False, False)])
seventhtest: ([(0, 1, 1092160000000L, 2)], [(False, False, True, False)])
eighthtest: ([(0, 1, 1082330000000L, 0)], [(True, False, False, False)])
--------------------------------------------------------------------------------
0: 99.0 ['thirdtest', 'eighthtest']
1: 100.0 ['firsttest', 'sixthtest']
2: 96.0 ['fourthtest', 'seventhtest']
3: 101.0 ['secondtest', 'fifthtest']
--------------------------------------------------------------------------------
firsttest: ([(0, 1, 1214000000000L, 1)], [(False, True, False, False)])
secondtest: ([(0, 1, 1211390000000L, 3)], [(False, False, False, True)])
thirdtest: ([(0, 1, 1210270000000L, 0)], [(True, False, False, False)])
fourthtest: ([(0, 1, 1217130000000L, 2)], [(False, False, True, False)])
fifthtest: ([(0, 1, 1083160000000L, 3)], [(False, False, False, True)])
sixthtest: ([(0, 1, 1083960000000L, 1)], [(False, True, False, False)])
seventhtest: ([(0, 1, 1092650000000L, 2)], [(False, False, True, False)])
eighthtest: ([(0, 1, 1082830000000L, 0)], [(True, False, False, False)])
--------------------------------------------------------------------------------
0: 100.0 ['thirdtest', 'eighthtest']
1: 98.0 ['firsttest', 'sixthtest']
2: 98.0 ['fourthtest', 'seventhtest']
3: 98.0 ['secondtest', 'fifthtest']
--------------------------------------------------------------------------------
firsttest: ([(0, 1, 1214500000000L, 1)], [(False, True, False, False)])
secondtest: ([(0, 1, 1211880000000L, 3)], [(False, False, False, True)])
thirdtest: ([(0, 1, 1210780000000L, 0)], [(True, False, False, False)])
fourthtest: ([(0, 1, 1217610000000L, 2)], [(False, False, True, False)])
fifthtest: ([(0, 1, 1083660000000L, 3)], [(False, False, False, True)])
sixthtest: ([(0, 1, 1084440000000L, 1)], [(False, True, False, False)])
seventhtest: ([(0, 1, 1093120000000L, 2)], [(False, False, True, False)])
eighthtest: ([(0, 1, 1083320000000L, 0)], [(True, False, False, False)])
--------------------------------------------------------------------------------
0: 100.0 ['thirdtest', 'eighthtest']
1: 98.0 ['firsttest', 'sixthtest']
2: 95.0 ['fourthtest', 'seventhtest']
3: 99.0 ['secondtest', 'fifthtest']
--------------------------------------------------------------------------------
firsttest: ([(0, 1, 1214990000000L, 1)], [(False, True, False, False)])
secondtest: ([(0, 1, 1212370000000L, 3)], [(False, False, False, True)])
thirdtest: ([(0, 1, 1211280000000L, 0)], [(True, False, False, False)])
fourthtest: ([(0, 1, 1218110000000L, 2)], [(False, False, True, False)])
fifthtest: ([(0, 1, 1084150000000L, 3)], [(False, False, False, True)])
sixthtest: ([(0, 1, 1084940000000L, 1)], [(False, True, False, False)])
seventhtest: ([(0, 1, 1093630000000L, 2)], [(False, False, True, False)])
eighthtest: ([(0, 1, 1083830000000L, 0)], [(True, False, False, False)])
--------------------------------------------------------------------------------
0: 101.0 ['thirdtest', 'eighthtest']
1: 99.0 ['firsttest', 'sixthtest']
2: 101.0 ['fourthtest', 'seventhtest']
3: 98.0 ['secondtest', 'fifthtest']
--------------------------------------------------------------------------------
firsttest: ([(0, 1, 1215480000000L, 1)], [(False, True, False, False)])
secondtest: ([(0, 1, 1212860000000L, 3)], [(False, False, False, True)])
thirdtest: ([(0, 1, 1211790000000L, 0)], [(True, False, False, False)])
fourthtest: ([(0, 1, 1218610000000L, 2)], [(False, False, True, False)])
fifthtest: ([(0, 1, 1084640000000L, 3)], [(False, False, False, True)])
sixthtest: ([(0, 1, 1085440000000L, 1)], [(False, True, False, False)])
seventhtest: ([(0, 1, 1094140000000L, 2)], [(False, False, True, False)])
eighthtest: ([(0, 1, 1084340000000L, 0)], [(True, False, False, False)])
--------------------------------------------------------------------------------
0: 102.0 ['thirdtest', 'eighthtest']
1: 99.0 ['firsttest', 'sixthtest']
2: 101.0 ['fourthtest', 'seventhtest']
3: 98.0 ['secondtest', 'fifthtest']
--------------------------------------------------------------------------------
firsttest: ([(0, 1, 1215990000000L, 1)], [(False, True, False, False)])
secondtest: ([(0, 1, 1213350000000L, 3)], [(False, False, False, True)])
thirdtest: ([(0, 1, 1212300000000L, 0)], [(True, False, False, False)])
fourthtest: ([(0, 1, 1219110000000L, 2)], [(False, False, True, False)])
fifthtest: ([(0, 1, 1085130000000L, 3)], [(False, False, False, True)])
sixthtest: ([(0, 1, 1085940000000L, 1)], [(False, True, False, False)])
seventhtest: ([(0, 1, 1094620000000L, 2)], [(False, False, True, False)])
eighthtest: ([(0, 1, 1084860000000L, 0)], [(True, False, False, False)])
--------------------------------------------------------------------------------
0: 103.0 ['thirdtest', 'eighthtest']
1: 101.0 ['firsttest', 'sixthtest']
2: 98.0 ['fourthtest', 'seventhtest']
3: 98.0 ['secondtest', 'fifthtest']
--------------------------------------------------------------------------------
firsttest: ([(0, 1, 1216490000000L, 1)], [(False, True, False, False)])
secondtest: ([(0, 1, 1213860000000L, 3)], [(False, False, False, True)])
thirdtest: ([(0, 1, 1212810000000L, 0)], [(True, False, False, False)])
fourthtest: ([(0, 1, 1219590000000L, 2)], [(False, False, True, False)])
fifthtest: ([(0, 1, 1085640000000L, 3)], [(False, False, False, True)])
sixthtest: ([(0, 1, 1086440000000L, 1)], [(False, True, False, False)])
seventhtest: ([(0, 1, 1095110000000L, 2)], [(False, False, True, False)])
eighthtest: ([(0, 1, 1085360000000L, 0)], [(True, False, False, False)])
--------------------------------------------------------------------------------
0: 101.0 ['thirdtest', 'eighthtest']
1: 100.0 ['firsttest', 'sixthtest']
2: 97.0 ['fourthtest', 'seventhtest']
3: 102.0 ['secondtest', 'fifthtest']
--------------------------------------------------------------------------------
firsttest: ([(0, 1, 1216980000000L, 1)], [(False, True, False, False)])
secondtest: ([(0, 1, 1214370000000L, 3)], [(False, False, False, True)])
thirdtest: ([(0, 1, 1213310000000L, 0)], [(True, False, False, False)])
fourthtest: ([(0, 1, 1220070000000L, 2)], [(False, False, True, False)])
fifthtest: ([(0, 1, 1086150000000L, 3)], [(False, False, False, True)])
sixthtest: ([(0, 1, 1086930000000L, 1)], [(False, True, False, False)])
seventhtest: ([(0, 1, 1095600000000L, 2)], [(False, False, True, False)])
eighthtest: ([(0, 1, 1085860000000L, 0)], [(True, False, False, False)])
--------------------------------------------------------------------------------
0: 100.0 ['thirdtest', 'eighthtest']
1: 98.0 ['firsttest', 'sixthtest']
2: 97.0 ['fourthtest', 'seventhtest']
3: 102.0 ['secondtest', 'fifthtest']
--------------------------------------------------------------------------------
firsttest: ([(0, 1, 1217480000000L, 1)], [(False, True, False, False)])
secondtest: ([(0, 1, 1214880000000L, 3)], [(False, False, False, True)])
thirdtest: ([(0, 1, 1213810000000L, 0)], [(True, False, False, False)])
fourthtest: ([(0, 1, 1220560000000L, 2)], [(False, False, True, False)])
fifthtest: ([(0, 1, 1086640000000L, 3)], [(False, False, False, True)])
sixthtest: ([(0, 1, 1087440000000L, 1)], [(False, True, False, False)])
seventhtest: ([(0, 1, 1096090000000L, 2)], [(False, False, True, False)])
eighthtest: ([(0, 1, 1086370000000L, 0)], [(True, False, False, False)])
--------------------------------------------------------------------------------
0: 101.0 ['thirdtest', 'eighthtest']
1: 101.0 ['firsttest', 'sixthtest']
2: 98.0 ['fourthtest', 'seventhtest']
3: 100.0 ['secondtest', 'fifthtest']
--------------------------------------------------------------------------------
firsttest: ([(0, 1, 1217980000000L, 1)], [(False, True, False, False)])
secondtest: ([(0, 1, 1215360000000L, 3)], [(False, False, False, True)])
thirdtest: ([(0, 1, 1214320000000L, 0)], [(True, False, False, False)])
fourthtest: ([(0, 1, 1221060000000L, 2)], [(False, False, True, False)])
fifthtest: ([(0, 1, 1087130000000L, 3)], [(False, False, False, True)])
sixthtest: ([(0, 1, 1087930000000L, 1)], [(False, True, False, False)])
seventhtest: ([(0, 1, 1096570000000L, 2)], [(False, False, True, False)])
eighthtest: ([(0, 1, 1086860000000L, 0)], [(True, False, False, False)])
--------------------------------------------------------------------------------
0: 100.0 ['thirdtest', 'eighthtest']
1: 99.0 ['firsttest', 'sixthtest']
2: 98.0 ['fourthtest', 'seventhtest']
3: 97.0 ['secondtest', 'fifthtest']
--------------------------------------------------------------------------------
firsttest: ([(0, 1, 1218470000000L, 1)], [(False, True, False, False)])
secondtest: ([(0, 1, 1215850000000L, 3)], [(False, False, False, True)])
thirdtest: ([(0, 1, 1214820000000L, 0)], [(True, False, False, False)])
fourthtest: ([(0, 1, 1221540000000L, 2)], [(False, False, True, False)])
fifthtest: ([(0, 1, 1087640000000L, 3)], [(False, False, False, True)])
sixthtest: ([(0, 1, 1088420000000L, 1)], [(False, True, False, False)])
seventhtest: ([(0, 1, 1097060000000L, 2)], [(False, False, True, False)])
eighthtest: ([(0, 1, 1087370000000L, 0)], [(True, False, False, False)])
--------------------------------------------------------------------------------
0: 101.0 ['thirdtest', 'eighthtest']
1: 98.0 ['firsttest', 'sixthtest']
2: 97.0 ['fourthtest', 'seventhtest']
3: 100.0 ['secondtest', 'fifthtest']
--------------------------------------------------------------------------------
firsttest: ([(0, 1, 1218970000000L, 1)], [(False, True, False, False)])
secondtest: ([(0, 1, 1216350000000L, 3)], [(False, False, False, True)])
thirdtest: ([(0, 1, 1215330000000L, 0)], [(True, False, False, False)])
fourthtest: ([(0, 1, 1222040000000L, 2)], [(False, False, True, False)])
fifthtest: ([(0, 1, 1088120000000L, 3)], [(False, False, False, True)])
sixthtest: ([(0, 1, 1088930000000L, 1)], [(False, True, False, False)])
seventhtest: ([(0, 1, 1097550000000L, 2)], [(False, False, True, False)])
eighthtest: ([(0, 1, 1087870000000L, 0)], [(True, False, False, False)])
--------------------------------------------------------------------------------
0: 101.0 ['thirdtest', 'eighthtest']
1: 101.0 ['firsttest', 'sixthtest']
2: 99.0 ['fourthtest', 'seventhtest']
3: 98.0 ['secondtest', 'fifthtest']
--------------------------------------------------------------------------------
firsttest: ([(0, 1, 1219470000000L, 1)], [(False, True, False, False)])
secondtest: ([(0, 1, 1216840000000L, 3)], [(False, False, False, True)])
thirdtest: ([(0, 1, 1215830000000L, 0)], [(True, False, False, False)])
fourthtest: ([(0, 1, 1222540000000L, 2)], [(False, False, True, False)])
fifthtest: ([(0, 1, 1088610000000L, 3)], [(False, False, False, True)])
sixthtest: ([(0, 1, 1089420000000L, 1)], [(False, True, False, False)])
seventhtest: ([(0, 1, 1098050000000L, 2)], [(False, False, True, False)])
eighthtest: ([(0, 1, 1088370000000L, 0)], [(True, False, False, False)])
--------------------------------------------------------------------------------
0: 100.0 ['thirdtest', 'eighthtest']
1: 99.0 ['firsttest', 'sixthtest']
2: 100.0 ['fourthtest', 'seventhtest']
3: 98.0 ['secondtest', 'fifthtest']
--------------------------------------------------------------------------------
firsttest: ([(0, 1, 1219980000000L, 1)], [(False, True, False, False)])
secondtest: ([(0, 1, 1217340000000L, 3)], [(False, False, False, True)])
thirdtest: ([(0, 1, 1216340000000L, 0)], [(True, False, False, False)])
fourthtest: ([(0, 1, 1223020000000L, 2)], [(False, False, True, False)])
fifthtest: ([(0, 1, 1089120000000L, 3)], [(False, False, False, True)])
sixthtest: ([(0, 1, 1089930000000L, 1)], [(False, True, False, False)])
seventhtest: ([(0, 1, 1098540000000L, 2)], [(False, False, True, False)])
eighthtest: ([(0, 1, 1088880000000L, 0)], [(True, False, False, False)])
--------------------------------------------------------------------------------
0: 102.0 ['thirdtest', 'eighthtest']
1: 102.0 ['firsttest', 'sixthtest']
2: 97.0 ['fourthtest', 'seventhtest']
3: 101.0 ['secondtest', 'fifthtest']
--------------------------------------------------------------------------------
firsttest: ([(0, 1, 1220480000000L, 1)], [(False, True, False, False)])
secondtest: ([(0, 1, 1217830000000L, 3)], [(False, False, False, True)])
thirdtest: ([(0, 1, 1216840000000L, 0)], [(True, False, False, False)])
fourthtest: ([(0, 1, 1223510000000L, 2)], [(False, False, True, False)])
fifthtest: ([(0, 1, 1089610000000L, 3)], [(False, False, False, True)])
sixthtest: ([(0, 1, 1090430000000L, 1)], [(False, True, False, False)])
seventhtest: ([(0, 1, 1099030000000L, 2)], [(False, False, True, False)])
eighthtest: ([(0, 1, 1089400000000L, 0)], [(True, False, False, False)])
--------------------------------------------------------------------------------
0: 102.0 ['thirdtest', 'eighthtest']
1: 100.0 ['firsttest', 'sixthtest']
2: 98.0 ['fourthtest', 'seventhtest']
3: 98.0 ['secondtest', 'fifthtest']
--------------------------------------------------------------------------------
firsttest: ([(0, 1, 1220980000000L, 1)], [(False, True, False, False)])
secondtest: ([(0, 1, 1218340000000L, 3)], [(False, False, False, True)])
thirdtest: ([(0, 1, 1217340000000L, 0)], [(True, False, False, False)])
fourthtest: ([(0, 1, 1223990000000L, 2)], [(False, False, True, False)])
fifthtest: ([(0, 1, 1090120000000L, 3)], [(False, False, False, True)])
sixthtest: ([(0, 1, 1090930000000L, 1)], [(False, True, False, False)])
seventhtest: ([(0, 1, 1099510000000L, 2)], [(False, False, True, False)])
eighthtest: ([(0, 1, 1089900000000L, 0)], [(True, False, False, False)])
--------------------------------------------------------------------------------
0: 100.0 ['thirdtest', 'eighthtest']
1: 100.0 ['firsttest', 'sixthtest']
2: 96.0 ['fourthtest', 'seventhtest']
3: 102.0 ['secondtest', 'fifthtest']
--------------------------------------------------------------------------------
firsttest: ([(0, 1, 1221480000000L, 1)], [(False, True, False, False)])
secondtest: ([(0, 1, 1218820000000L, 3)], [(False, False, False, True)])
thirdtest: ([(0, 1, 1217850000000L, 0)], [(True, False, False, False)])
fourthtest: ([(0, 1, 1224500000000L, 2)], [(False, False, True, False)])
fifthtest: ([(0, 1, 1090610000000L, 3)], [(False, False, False, True)])
sixthtest: ([(0, 1, 1091430000000L, 1)], [(False, True, False, False)])
seventhtest: ([(0, 1, 1100030000000L, 2)], [(False, False, True, False)])
eighthtest: ([(0, 1, 1090410000000L, 0)], [(True, False, False, False)])
--------------------------------------------------------------------------------
0: 102.0 ['thirdtest', 'eighthtest']
1: 100.0 ['firsttest', 'sixthtest']
2: 103.0 ['fourthtest', 'seventhtest']
3: 97.0 ['secondtest', 'fifthtest']
--------------------------------------------------------------------------------
firsttest: ([(0, 1, 1221980000000L, 1)], [(False, True, False, False)])
secondtest: ([(0, 1, 1219310000000L, 3)], [(False, False, False, True)])
thirdtest: ([(0, 1, 1218360000000L, 0)], [(True, False, False, False)])
fourthtest: ([(0, 1, 1225010000000L, 2)], [(False, False, True, False)])
fifthtest: ([(0, 1, 1091080000000L, 3)], [(False, False, False, True)])
sixthtest: ([(0, 1, 1091930000000L, 1)], [(False, True, False, False)])
seventhtest: ([(0, 1, 1100530000000L, 2)], [(False, False, True, False)])
eighthtest: ([(0, 1, 1090920000000L, 0)], [(True, False, False, False)])
--------------------------------------------------------------------------------
0: 102.0 ['thirdtest', 'eighthtest']
1: 100.0 ['firsttest', 'sixthtest']
2: 101.0 ['fourthtest', 'seventhtest']
3: 96.0 ['secondtest', 'fifthtest']
--------------------------------------------------------------------------------
firsttest: ([(0, 1, 1222480000000L, 1)], [(False, True, False, False)])
secondtest: ([(0, 1, 1219810000000L, 3)], [(False, False, False, True)])
thirdtest: ([(0, 1, 1218870000000L, 0)], [(True, False, False, False)])
fourthtest: ([(0, 1, 1225490000000L, 2)], [(False, False, True, False)])
fifthtest: ([(0, 1, 1091580000000L, 3)], [(False, False, False, True)])
sixthtest: ([(0, 1, 1092430000000L, 1)], [(False, True, False, False)])
seventhtest: ([(0, 1, 1101010000000L, 2)], [(False, False, True, False)])
eighthtest: ([(0, 1, 1091420000000L, 0)], [(True, False, False, False)])
--------------------------------------------------------------------------------
0: 101.0 ['thirdtest', 'eighthtest']
1: 100.0 ['firsttest', 'sixthtest']
2: 96.0 ['fourthtest', 'seventhtest']
3: 100.0 ['secondtest', 'fifthtest']
--------------------------------------------------------------------------------
firsttest: ([(0, 1, 1222980000000L, 1)], [(False, True, False, False)])
secondtest: ([(0, 1, 1220310000000L, 3)], [(False, False, False, True)])
thirdtest: ([(0, 1, 1219380000000L, 0)], [(True, False, False, False)])
fourthtest: ([(0, 1, 1225980000000L, 2)], [(False, False, True, False)])
fifthtest: ([(0, 1, 1092080000000L, 3)], [(False, False, False, True)])
sixthtest: ([(0, 1, 1092930000000L, 1)], [(False, True, False, False)])
seventhtest: ([(0, 1, 1101500000000L, 2)], [(False, False, True, False)])
eighthtest: ([(0, 1, 1091920000000L, 0)], [(True, False, False, False)])
--------------------------------------------------------------------------------
0: 101.0 ['thirdtest', 'eighthtest']
1: 100.0 ['firsttest', 'sixthtest']
2: 98.0 ['fourthtest', 'seventhtest']
3: 100.0 ['secondtest', 'fifthtest']
--------------------------------------------------------------------------------
firsttest: ([(0, 1, 1223490000000L, 1)], [(False, True, False, False)])
secondtest: ([(0, 1, 1220790000000L, 3)], [(False, False, False, True)])
thirdtest: ([(0, 1, 1219870000000L, 0)], [(True, False, False, False)])
fourthtest: ([(0, 1, 1226480000000L, 2)], [(False, False, True, False)])
fifthtest: ([(0, 1, 1092570000000L, 3)], [(False, False, False, True)])
sixthtest: ([(0, 1, 1093430000000L, 1)], [(False, True, False, False)])
seventhtest: ([(0, 1, 1102000000000L, 2)], [(False, False, True, False)])
eighthtest: ([(0, 1, 1092430000000L, 0)], [(True, False, False, False)])
--------------------------------------------------------------------------------
0: 100.0 ['thirdtest', 'eighthtest']
1: 101.0 ['firsttest', 'sixthtest']
2: 100.0 ['fourthtest', 'seventhtest']
3: 97.0 ['secondtest', 'fifthtest']
--------------------------------------------------------------------------------
firsttest: ([(0, 1, 1223990000000L, 1)], [(False, True, False, False)])
secondtest: ([(0, 1, 1221280000000L, 3)], [(False, False, False, True)])
thirdtest: ([(0, 1, 1220380000000L, 0)], [(True, False, False, False)])
fourthtest: ([(0, 1, 1226980000000L, 2)], [(False, False, True, False)])
fifthtest: ([(0, 1, 1093060000000L, 3)], [(False, False, False, True)])
sixthtest: ([(0, 1, 1093940000000L, 1)], [(False, True, False, False)])
seventhtest: ([(0, 1, 1102500000000L, 2)], [(False, False, True, False)])
eighthtest: ([(0, 1, 1092930000000L, 0)], [(True, False, False, False)])
--------------------------------------------------------------------------------
0: 101.0 ['thirdtest', 'eighthtest']
1: 101.0 ['firsttest', 'sixthtest']
2: 100.0 ['fourthtest', 'seventhtest']
3: 98.0 ['secondtest', 'fifthtest']
--------------------------------------------------------------------------------
firsttest: ([(0, 1, 1224490000000L, 1)], [(False, True, False, False)])
secondtest: ([(0, 1, 1221770000000L, 3)], [(False, False, False, True)])
thirdtest: ([(0, 1, 1220880000000L, 0)], [(True, False, False, False)])
fourthtest: ([(0, 1, 1227480000000L, 2)], [(False, False, True, False)])
fifthtest: ([(0, 1, 1093540000000L, 3)], [(False, False, False, True)])
sixthtest: ([(0, 1, 1094430000000L, 1)], [(False, True, False, False)])
seventhtest: ([(0, 1, 1103010000000L, 2)], [(False, False, True, False)])
eighthtest: ([(0, 1, 1093430000000L, 0)], [(True, False, False, False)])
--------------------------------------------------------------------------------
0: 100.0 ['thirdtest', 'eighthtest']
1: 99.0 ['firsttest', 'sixthtest']
2: 101.0 ['fourthtest', 'seventhtest']
3: 97.0 ['secondtest', 'fifthtest']
--------------------------------------------------------------------------------
firsttest: ([(0, 1, 1224990000000L, 1)], [(False, True, False, False)])
secondtest: ([(0, 1, 1222260000000L, 3)], [(False, False, False, True)])
thirdtest: ([(0, 1, 1221390000000L, 0)], [(True, False, False, False)])
fourthtest: ([(0, 1, 1227970000000L, 2)], [(False, False, True, False)])
fifthtest: ([(0, 1, 1094030000000L, 3)], [(False, False, False, True)])
sixthtest: ([(0, 1, 1094940000000L, 1)], [(False, True, False, False)])
seventhtest: ([(0, 1, 1103500000000L, 2)], [(False, False, True, False)])
eighthtest: ([(0, 1, 1093940000000L, 0)], [(True, False, False, False)])
--------------------------------------------------------------------------------
0: 102.0 ['thirdtest', 'eighthtest']
1: 101.0 ['firsttest', 'sixthtest']
2: 98.0 ['fourthtest', 'seventhtest']
3: 98.0 ['secondtest', 'fifthtest']
--------------------------------------------------------------------------------
firsttest: ([(0, 1, 1225490000000L, 1)], [(False, True, False, False)])
secondtest: ([(0, 1, 1222750000000L, 3)], [(False, False, False, True)])
thirdtest: ([(0, 1, 1221890000000L, 0)], [(True, False, False, False)])
fourthtest: ([(0, 1, 1228460000000L, 2)], [(False, False, True, False)])
fifthtest: ([(0, 1, 1094530000000L, 3)], [(False, False, False, True)])
sixthtest: ([(0, 1, 1095440000000L, 1)], [(False, True, False, False)])
seventhtest: ([(0, 1, 1103990000000L, 2)], [(False, False, True, False)])
eighthtest: ([(0, 1, 1094440000000L, 0)], [(True, False, False, False)])
--------------------------------------------------------------------------------
0: 100.0 ['thirdtest', 'eighthtest']
1: 100.0 ['firsttest', 'sixthtest']
2: 98.0 ['fourthtest', 'seventhtest']
3: 99.0 ['secondtest', 'fifthtest']
--------------------------------------------------------------------------------
firsttest: ([(0, 1, 1225980000000L, 1)], [(False, True, False, False)])
secondtest: ([(0, 1, 1223250000000L, 3)], [(False, False, False, True)])
thirdtest: ([(0, 1, 1222400000000L, 0)], [(True, False, False, False)])
fourthtest: ([(0, 1, 1228950000000L, 2)], [(False, False, True, False)])
fifthtest: ([(0, 1, 1095020000000L, 3)], [(False, False, False, True)])
sixthtest: ([(0, 1, 1095940000000L, 1)], [(False, True, False, False)])
seventhtest: ([(0, 1, 1104470000000L, 2)], [(False, False, True, False)])
eighthtest: ([(0, 1, 1094940000000L, 0)], [(True, False, False, False)])
--------------------------------------------------------------------------------
0: 101.0 ['thirdtest', 'eighthtest']
1: 99.0 ['firsttest', 'sixthtest']
2: 97.0 ['fourthtest', 'seventhtest']
3: 99.0 ['secondtest', 'fifthtest']
--------------------------------------------------------------------------------
firsttest: ([(0, 1, 1226480000000L, 1)], [(False, True, False, False)])
secondtest: ([(0, 1, 1223740000000L, 3)], [(False, False, False, True)])
thirdtest: ([(0, 1, 1222890000000L, 0)], [(True, False, False, False)])
fourthtest: ([(0, 1, 1229430000000L, 2)], [(False, False, True, False)])
fifthtest: ([(0, 1, 1095510000000L, 3)], [(False, False, False, True)])
sixthtest: ([(0, 1, 1096430000000L, 1)], [(False, True, False, False)])
seventhtest: ([(0, 1, 1104960000000L, 2)], [(False, False, True, False)])
eighthtest: ([(0, 1, 1095450000000L, 0)], [(True, False, False, False)])
--------------------------------------------------------------------------------
0: 100.0 ['thirdtest', 'eighthtest']
1: 99.0 ['firsttest', 'sixthtest']
2: 97.0 ['fourthtest', 'seventhtest']
3: 98.0 ['secondtest', 'fifthtest']
--------------------------------------------------------------------------------
firsttest: ([(0, 1, 1226980000000L, 1)], [(False, True, False, False)])
secondtest: ([(0, 1, 1224220000000L, 3)], [(False, False, False, True)])
thirdtest: ([(0, 1, 1223400000000L, 0)], [(True, False, False, False)])
fourthtest: ([(0, 1, 1229920000000L, 2)], [(False, False, True, False)])
fifthtest: ([(0, 1, 1095990000000L, 3)], [(False, False, False, True)])
sixthtest: ([(0, 1, 1096920000000L, 1)], [(False, True, False, False)])
seventhtest: ([(0, 1, 1105440000000L, 2)], [(False, False, True, False)])
eighthtest: ([(0, 1, 1095940000000L, 0)], [(True, False, False, False)])
--------------------------------------------------------------------------------
0: 100.0 ['thirdtest', 'eighthtest']
1: 99.0 ['firsttest', 'sixthtest']
2: 97.0 ['fourthtest', 'seventhtest']
3: 96.0 ['secondtest', 'fifthtest']
--------------------------------------------------------------------------------
firsttest: ([(0, 1, 1227470000000L, 1)], [(False, True, False, False)])
secondtest: ([(0, 1, 1224720000000L, 3)], [(False, False, False, True)])
thirdtest: ([(0, 1, 1223900000000L, 0)], [(True, False, False, False)])
fourthtest: ([(0, 1, 1230400000000L, 2)], [(False, False, True, False)])
fifthtest: ([(0, 1, 1096490000000L, 3)], [(False, False, False, True)])
sixthtest: ([(0, 1, 1097420000000L, 1)], [(False, True, False, False)])
seventhtest: ([(0, 1, 1105930000000L, 2)], [(False, False, True, False)])
eighthtest: ([(0, 1, 1096450000000L, 0)], [(True, False, False, False)])
--------------------------------------------------------------------------------
0: 101.0 ['thirdtest', 'eighthtest']
1: 99.0 ['firsttest', 'sixthtest']
2: 97.0 ['fourthtest', 'seventhtest']
3: 100.0 ['secondtest', 'fifthtest']
--------------------------------------------------------------------------------
firsttest: ([(0, 1, 1227970000000L, 1)], [(False, True, False, False)])
secondtest: ([(0, 1, 1225210000000L, 3)], [(False, False, False, True)])
thirdtest: ([(0, 1, 1224410000000L, 0)], [(True, False, False, False)])
fourthtest: ([(0, 1, 1230900000000L, 2)], [(False, False, True, False)])
fifthtest: ([(0, 1, 1096970000000L, 3)], [(False, False, False, True)])
sixthtest: ([(0, 1, 1097930000000L, 1)], [(False, True, False, False)])
seventhtest: ([(0, 1, 1106430000000L, 2)], [(False, False, True, False)])
eighthtest: ([(0, 1, 1096960000000L, 0)], [(True, False, False, False)])
--------------------------------------------------------------------------------
0: 102.0 ['thirdtest', 'eighthtest']
1: 101.0 ['firsttest', 'sixthtest']
2: 100.0 ['fourthtest', 'seventhtest']
3: 97.0 ['secondtest', 'fifthtest']
--------------------------------------------------------------------------------
firsttest: ([(0, 1, 1228480000000L, 1)], [(False, True, False, False)])
secondtest: ([(0, 1, 1225700000000L, 3)], [(False, False, False, True)])
thirdtest: ([(0, 1, 1224910000000L, 0)], [(True, False, False, False)])
fourthtest: ([(0, 1, 1231390000000L, 2)], [(False, False, True, False)])
fifthtest: ([(0, 1, 1097480000000L, 3)], [(False, False, False, True)])
sixthtest: ([(0, 1, 1098430000000L, 1)], [(False, True, False, False)])
seventhtest: ([(0, 1, 1106910000000L, 2)], [(False, False, True, False)])
eighthtest: ([(0, 1, 1097470000000L, 0)], [(True, False, False, False)])
--------------------------------------------------------------------------------
0: 101.0 ['thirdtest', 'eighthtest']
1: 101.0 ['firsttest', 'sixthtest']
2: 97.0 ['fourthtest', 'seventhtest']
3: 100.0 ['secondtest', 'fifthtest']
--------------------------------------------------------------------------------
firsttest: ([(0, 1, 1228970000000L, 1)], [(False, True, False, False)])
secondtest: ([(0, 1, 1226210000000L, 3)], [(False, False, False, True)])
thirdtest: ([(0, 1, 1225420000000L, 0)], [(True, False, False, False)])
fourthtest: ([(0, 1, 1231870000000L, 2)], [(False, False, True, False)])
fifthtest: ([(0, 1, 1097980000000L, 3)], [(False, False, False, True)])
sixthtest: ([(0, 1, 1098920000000L, 1)], [(False, True, False, False)])
seventhtest: ([(0, 1, 1107400000000L, 2)], [(False, False, True, False)])
eighthtest: ([(0, 1, 1097980000000L, 0)], [(True, False, False, False)])
--------------------------------------------------------------------------------
0: 102.0 ['thirdtest', 'eighthtest']
1: 98.0 ['firsttest', 'sixthtest']
2: 97.0 ['fourthtest', 'seventhtest']
3: 101.0 ['secondtest', 'fifthtest']
--------------------------------------------------------------------------------
firsttest: ([(0, 1, 1229470000000L, 1)], [(False, True, False, False)])
secondtest: ([(0, 1, 1226690000000L, 3)], [(False, False, False, True)])
thirdtest: ([(0, 1, 1225920000000L, 0)], [(True, False, False, False)])
fourthtest: ([(0, 1, 1232370000000L, 2)], [(False, False, True, False)])
fifthtest: ([(0, 1, 1098470000000L, 0)], [(True, False, False, False)])
sixthtest: ([(0, 1, 1099420000000L, 1)], [(False, True, False, False)])
seventhtest: ([(0, 1, 1107890000000L, 2)], [(False, False, True, False)])
eighthtest: ([(0, 1, 1098480000000L, 3)], [(False, False, False, True)])
--------------------------------------------------------------------------------
0: 99.0 ['thirdtest', 'fifthtest']
1: 100.0 ['firsttest', 'sixthtest']
2: 99.0 ['fourthtest', 'seventhtest']
3: 98.0 ['secondtest', 'eighthtest']
--------------------------------------------------------------------------------
firsttest: ([(0, 1, 1229980000000L, 1)], [(False, True, False, False)])
secondtest: ([(0, 1, 1227180000000L, 3)], [(False, False, False, True)])
thirdtest: ([(0, 1, 1226440000000L, 0)], [(True, False, False, False)])
fourthtest: ([(0, 1, 1232860000000L, 2)], [(False, False, True, False)])
fifthtest: ([(0, 1, 1098970000000L, 3)], [(False, False, False, True)])
sixthtest: ([(0, 1, 1099920000000L, 1)], [(False, True, False, False)])
seventhtest: ([(0, 1, 1108380000000L, 2)], [(False, False, True, False)])
eighthtest: ([(0, 1, 1098970000000L, 0)], [(True, False, False, False)])
--------------------------------------------------------------------------------
0: 101.0 ['thirdtest', 'eighthtest']
1: 101.0 ['firsttest', 'sixthtest']
2: 98.0 ['fourthtest', 'seventhtest']
3: 99.0 ['secondtest', 'fifthtest']
--------------------------------------------------------------------------------
firsttest: ([(0, 1, 1230480000000L, 1)], [(False, True, False, False)])
secondtest: ([(0, 1, 1227670000000L, 3)], [(False, False, False, True)])
thirdtest: ([(0, 1, 1226940000000L, 0)], [(True, False, False, False)])
fourthtest: ([(0, 1, 1233350000000L, 2)], [(False, False, True, False)])
fifthtest: ([(0, 1, 1099460000000L, 0)], [(True, False, False, False)])
sixthtest: ([(0, 1, 1100420000000L, 1)], [(False, True, False, False)])
seventhtest: ([(0, 1, 1108870000000L, 2)], [(False, False, True, False)])
eighthtest: ([(0, 1, 1099470000000L, 3)], [(False, False, False, True)])
--------------------------------------------------------------------------------
0: 99.0 ['thirdtest', 'fifthtest']
1: 100.0 ['firsttest', 'sixthtest']
2: 98.0 ['fourthtest', 'seventhtest']
3: 99.0 ['secondtest', 'eighthtest']
--------------------------------------------------------------------------------
firsttest: ([(0, 1, 1230980000000L, 1)], [(False, True, False, False)])
secondtest: ([(0, 1, 1228160000000L, 3)], [(False, False, False, True)])
thirdtest: ([(0, 1, 1227440000000L, 0)], [(True, False, False, False)])
fourthtest: ([(0, 1, 1233830000000L, 2)], [(False, False, True, False)])
fifthtest: ([(0, 1, 1099970000000L, 0)], [(True, False, False, False)])
sixthtest: ([(0, 1, 1100920000000L, 1)], [(False, True, False, False)])
seventhtest: ([(0, 1, 1109350000000L, 2)], [(False, False, True, False)])
eighthtest: ([(0, 1, 1099980000000L, 3)], [(False, False, False, True)])
--------------------------------------------------------------------------------
0: 101.0 ['thirdtest', 'fifthtest']
1: 100.0 ['firsttest', 'sixthtest']
2: 96.0 ['fourthtest', 'seventhtest']
3: 100.0 ['secondtest', 'eighthtest']
--------------------------------------------------------------------------------
firsttest: ([(0, 1, 1231470000000L, 1)], [(False, True, False, False)])
secondtest: ([(0, 1, 1228660000000L, 3)], [(False, False, False, True)])
thirdtest: ([(0, 1, 1227950000000L, 0)], [(True, False, False, False)])
fourthtest: ([(0, 1, 1234310000000L, 2)], [(False, False, True, False)])
fifthtest: ([(0, 1, 1100470000000L, 3)], [(False, False, False, True)])
sixthtest: ([(0, 1, 1101430000000L, 1)], [(False, True, False, False)])
seventhtest: ([(0, 1, 1109830000000L, 2)], [(False, False, True, False)])
eighthtest: ([(0, 1, 1100470000000L, 0)], [(True, False, False, False)])
--------------------------------------------------------------------------------
0: 100.0 ['thirdtest', 'eighthtest']
1: 100.0 ['firsttest', 'sixthtest']
2: 96.0 ['fourthtest', 'seventhtest']
3: 100.0 ['secondtest', 'fifthtest']
--------------------------------------------------------------------------------
firsttest: ([(0, 1, 1231970000000L, 1)], [(False, True, False, False)])
secondtest: ([(0, 1, 1229150000000L, 3)], [(False, False, False, True)])
thirdtest: ([(0, 1, 1228440000000L, 0)], [(True, False, False, False)])
fourthtest: ([(0, 1, 1234810000000L, 2)], [(False, False, True, False)])
fifthtest: ([(0, 1, 1100960000000L, 0)], [(True, False, False, False)])
sixthtest: ([(0, 1, 1101920000000L, 1)], [(False, True, False, False)])
seventhtest: ([(0, 1, 1110330000000L, 2)], [(False, False, True, False)])
eighthtest: ([(0, 1, 1100970000000L, 3)], [(False, False, False, True)])
--------------------------------------------------------------------------------
0: 98.0 ['thirdtest', 'fifthtest']
1: 99.0 ['firsttest', 'sixthtest']
2: 100.0 ['fourthtest', 'seventhtest']
3: 99.0 ['secondtest', 'eighthtest']
--------------------------------------------------------------------------------
firsttest: ([(0, 1, 1232460000000L, 1)], [(False, True, False, False)])
secondtest: ([(0, 1, 1229650000000L, 3)], [(False, False, False, True)])
thirdtest: ([(0, 1, 1228940000000L, 0)], [(True, False, False, False)])
fourthtest: ([(0, 1, 1235310000000L, 2)], [(False, False, True, False)])
fifthtest: ([(0, 1, 1101450000000L, 0)], [(True, False, False, False)])
sixthtest: ([(0, 1, 1102410000000L, 1)], [(False, True, False, False)])
seventhtest: ([(0, 1, 1110830000000L, 2)], [(False, False, True, False)])
eighthtest: ([(0, 1, 1101460000000L, 3)], [(False, False, False, True)])
--------------------------------------------------------------------------------
0: 99.0 ['thirdtest', 'fifthtest']
1: 98.0 ['firsttest', 'sixthtest']
2: 100.0 ['fourthtest', 'seventhtest']
3: 99.0 ['secondtest', 'eighthtest']
--------------------------------------------------------------------------------
firsttest: ([(0, 1, 1232960000000L, 1)], [(False, True, False, False)])
secondtest: ([(0, 1, 1230150000000L, 3)], [(False, False, False, True)])
thirdtest: ([(0, 1, 1229440000000L, 0)], [(True, False, False, False)])
fourthtest: ([(0, 1, 1235810000000L, 2)], [(False, False, True, False)])
fifthtest: ([(0, 1, 1101940000000L, 0)], [(True, False, False, False)])
sixthtest: ([(0, 1, 1102900000000L, 1)], [(False, True, False, False)])
seventhtest: ([(0, 1, 1111330000000L, 2)], [(False, False, True, False)])
eighthtest: ([(0, 1, 1101970000000L, 3)], [(False, False, False, True)])
--------------------------------------------------------------------------------
0: 99.0 ['thirdtest', 'fifthtest']
1: 99.0 ['firsttest', 'sixthtest']
2: 100.0 ['fourthtest', 'seventhtest']
3: 101.0 ['secondtest', 'eighthtest']
--------------------------------------------------------------------------------
firsttest: ([(0, 1, 1233450000000L, 1)], [(False, True, False, False)])
secondtest: ([(0, 1, 1230650000000L, 3)], [(False, False, False, True)])
thirdtest: ([(0, 1, 1229930000000L, 0)], [(True, False, False, False)])
fourthtest: ([(0, 1, 1236300000000L, 2)], [(False, False, True, False)])
fifthtest: ([(0, 1, 1102440000000L, 0)], [(True, False, False, False)])
sixthtest: ([(0, 1, 1103390000000L, 1)], [(False, True, False, False)])
seventhtest: ([(0, 1, 1111830000000L, 2)], [(False, False, True, False)])
eighthtest: ([(0, 1, 1102460000000L, 3)], [(False, False, False, True)])
--------------------------------------------------------------------------------
0: 99.0 ['thirdtest', 'fifthtest']
1: 98.0 ['firsttest', 'sixthtest']
2: 99.0 ['fourthtest', 'seventhtest']
3: 99.0 ['secondtest', 'eighthtest']
--------------------------------------------------------------------------------
firsttest: ([(0, 1, 1233930000000L, 1)], [(False, True, False, False)])
secondtest: ([(0, 1, 1231140000000L, 3)], [(False, False, False, True)])
thirdtest: ([(0, 1, 1230430000000L, 0)], [(True, False, False, False)])
fourthtest: ([(0, 1, 1236800000000L, 2)], [(False, False, True, False)])
fifthtest: ([(0, 1, 1102940000000L, 0)], [(True, False, False, False)])
sixthtest: ([(0, 1, 1103880000000L, 1)], [(False, True, False, False)])
seventhtest: ([(0, 1, 1112320000000L, 2)], [(False, False, True, False)])
eighthtest: ([(0, 1, 1102960000000L, 3)], [(False, False, False, True)])
--------------------------------------------------------------------------------
0: 100.0 ['thirdtest', 'fifthtest']
1: 97.0 ['firsttest', 'sixthtest']
2: 99.0 ['fourthtest', 'seventhtest']
3: 99.0 ['secondtest', 'eighthtest']
--------------------------------------------------------------------------------
firsttest: ([(0, 1, 1234420000000L, 1)], [(False, True, False, False)])
secondtest: ([(0, 1, 1231640000000L, 3)], [(False, False, False, True)])
thirdtest: ([(0, 1, 1230930000000L, 0)], [(True, False, False, False)])
fourthtest: ([(0, 1, 1237300000000L, 2)], [(False, False, True, False)])
fifthtest: ([(0, 1, 1103430000000L, 0)], [(True, False, False, False)])
sixthtest: ([(0, 1, 1104360000000L, 1)], [(False, True, False, False)])
sevent