Script started on Mon 08 Oct 2018 07:20:47 AM UTC
]0;prashant@Ubuntu1404: ~/omscs/6210/hw1/test/cpuprashant@Ubuntu1404:~/omscs/6210/hw1/test/cpu$ ./monitor.py 
firsttest: ([(0, 1, 1268530000000L, 1)], [(False, True, False, False)])
secondtest: ([(0, 1, 1265950000000L, 3)], [(False, False, False, True)])
thirdtest: ([(0, 1, 1265390000000L, 0)], [(True, False, False, False)])
fourthtest: ([(0, 1, 1271280000000L, 2)], [(False, False, True, False)])
fifthtest: ([(0, 1, 1137660000000L, 3)], [(False, False, False, True)])
sixthtest: ([(0, 1, 1138410000000L, 1)], [(False, True, False, False)])
seventhtest: ([(0, 1, 1146750000000L, 2)], [(False, False, True, False)])
eighthtest: ([(0, 1, 1137600000000L, 0)], [(True, False, False, False)])
--------------------------------------------------------------------------------
0: 0.0 []
1: 0.0 []
2: 0.0 []
3: 0.0 []
--------------------------------------------------------------------------------
firsttest: ([(0, 1, 1268530000000L, 1)], [(False, True, False, False)])
secondtest: ([(0, 1, 1265960000000L, 3)], [(False, False, False, True)])
thirdtest: ([(0, 1, 1265390000000L, 0)], [(True, False, False, False)])
fourthtest: ([(0, 1, 1271280000000L, 2)], [(False, False, True, False)])
fifthtest: ([(0, 1, 1137660000000L, 3)], [(False, False, False, True)])
sixthtest: ([(0, 1, 1138410000000L, 1)], [(False, True, False, False)])
seventhtest: ([(0, 1, 1146750000000L, 2)], [(False, False, True, False)])
eighthtest: ([(0, 1, 1137600000000L, 0)], [(True, False, False, False)])
--------------------------------------------------------------------------------
0: 0.0 ['thirdtest', 'eighthtest']
1: 0.0 ['firsttest', 'sixthtest']
2: 0.0 ['fourthtest', 'seventhtest']
3: 1.0 ['secondtest', 'fifthtest']
--------------------------------------------------------------------------------
firsttest: ([(0, 1, 1268530000000L, 1)], [(False, True, False, False)])
secondtest: ([(0, 1, 1265960000000L, 3)], [(False, False, False, True)])
thirdtest: ([(0, 1, 1265390000000L, 0)], [(True, False, False, False)])
fourthtest: ([(0, 1, 1271290000000L, 2)], [(False, False, True, False)])
fifthtest: ([(0, 1, 1137660000000L, 3)], [(False, False, False, True)])
sixthtest: ([(0, 1, 1138420000000L, 1)], [(False, True, False, False)])
seventhtest: ([(0, 1, 1146750000000L, 2)], [(False, False, True, False)])
eighthtest: ([(0, 1, 1137600000000L, 0)], [(True, False, False, False)])
--------------------------------------------------------------------------------
0: 0.0 ['thirdtest', 'eighthtest']
1: 1.0 ['firsttest', 'sixthtest']
2: 1.0 ['fourthtest', 'seventhtest']
3: 0.0 ['secondtest', 'fifthtest']
--------------------------------------------------------------------------------
firsttest: ([(0, 1, 1268540000000L, 1)], [(False, True, False, False)])
secondtest: ([(0, 1, 1265960000000L, 3)], [(False, False, False, True)])
thirdtest: ([(0, 1, 1265390000000L, 0)], [(True, False, False, False)])
fourthtest: ([(0, 1, 1271290000000L, 2)], [(False, False, True, False)])
fifthtest: ([(0, 1, 1137660000000L, 3)], [(False, False, False, True)])
sixthtest: ([(0, 1, 1138420000000L, 1)], [(False, True, False, False)])
seventhtest: ([(0, 1, 1146750000000L, 2)], [(False, False, True, False)])
eighthtest: ([(0, 1, 1137610000000L, 0)], [(True, False, False, False)])
--------------------------------------------------------------------------------
0: 1.0 ['thirdtest', 'eighthtest']
1: 1.0 ['firsttest', 'sixthtest']
2: 0.0 ['fourthtest', 'seventhtest']
3: 0.0 ['secondtest', 'fifthtest']
--------------------------------------------------------------------------------
firsttest: ([(0, 1, 1268540000000L, 1)], [(False, True, False, False)])
secondtest: ([(0, 1, 1265960000000L, 3)], [(False, False, False, True)])
thirdtest: ([(0, 1, 1265400000000L, 0)], [(True, False, False, False)])
fourthtest: ([(0, 1, 1271300000000L, 2)], [(False, False, True, False)])
fifthtest: ([(0, 1, 1137660000000L, 3)], [(False, False, False, True)])
sixthtest: ([(0, 1, 1138420000000L, 1)], [(False, True, False, False)])
seventhtest: ([(0, 1, 1146760000000L, 2)], [(False, False, True, False)])
eighthtest: ([(0, 1, 1137610000000L, 0)], [(True, False, False, False)])
--------------------------------------------------------------------------------
0: 1.0 ['thirdtest', 'eighthtest']
1: 0.0 ['firsttest', 'sixthtest']
2: 2.0 ['fourthtest', 'seventhtest']
3: 0.0 ['secondtest', 'fifthtest']
--------------------------------------------------------------------------------
firsttest: ([(0, 1, 1268540000000L, 1)], [(False, True, False, False)])
secondtest: ([(0, 1, 1265960000000L, 3)], [(False, False, False, True)])
thirdtest: ([(0, 1, 1265400000000L, 0)], [(True, False, False, False)])
fourthtest: ([(0, 1, 1271300000000L, 2)], [(False, False, True, False)])
fifthtest: ([(0, 1, 1137660000000L, 3)], [(False, False, False, True)])
sixthtest: ([(0, 1, 1138420000000L, 1)], [(False, True, False, False)])
seventhtest: ([(0, 1, 1146760000000L, 2)], [(False, False, True, False)])
eighthtest: ([(0, 1, 1137610000000L, 0)], [(True, False, False, False)])
--------------------------------------------------------------------------------
0: 0.0 ['thirdtest', 'eighthtest']
1: 0.0 ['firsttest', 'sixthtest']
2: 0.0 ['fourthtest', 'seventhtest']
3: 0.0 ['secondtest', 'fifthtest']
--------------------------------------------------------------------------------
firsttest: ([(0, 1, 1268540000000L, 1)], [(False, True, False, False)])
secondtest: ([(0, 1, 1265960000000L, 3)], [(False, False, False, True)])
thirdtest: ([(0, 1, 1265400000000L, 0)], [(True, False, False, False)])
fourthtest: ([(0, 1, 1271300000000L, 2)], [(False, False, True, False)])
fifthtest: ([(0, 1, 1137660000000L, 3)], [(False, False, False, True)])
sixthtest: ([(0, 1, 1138420000000L, 1)], [(False, True, False, False)])
seventhtest: ([(0, 1, 1146760000000L, 2)], [(False, False, True, False)])
eighthtest: ([(0, 1, 1137610000000L, 0)], [(True, False, False, False)])
--------------------------------------------------------------------------------
0: 0.0 ['thirdtest', 'eighthtest']
1: 0.0 ['firsttest', 'sixthtest']
2: 0.0 ['fourthtest', 'seventhtest']
3: 0.0 ['secondtest', 'fifthtest']
--------------------------------------------------------------------------------
firsttest: ([(0, 1, 1268540000000L, 1)], [(False, True, False, False)])
secondtest: ([(0, 1, 1265970000000L, 3)], [(False, False, False, True)])
thirdtest: ([(0, 1, 1265400000000L, 0)], [(True, False, False, False)])
fourthtest: ([(0, 1, 1271300000000L, 2)], [(False, False, True, False)])
fifthtest: ([(0, 1, 1137670000000L, 3)], [(False, False, False, True)])
sixthtest: ([(0, 1, 1138430000000L, 1)], [(False, True, False, False)])
seventhtest: ([(0, 1, 1146760000000L, 2)], [(False, False, True, False)])
eighthtest: ([(0, 1, 1137610000000L, 0)], [(True, False, False, False)])
--------------------------------------------------------------------------------
0: 0.0 ['thirdtest', 'eighthtest']
1: 1.0 ['firsttest', 'sixthtest']
2: 0.0 ['fourthtest', 'seventhtest']
3: 2.0 ['secondtest', 'fifthtest']
--------------------------------------------------------------------------------
firsttest: ([(0, 1, 1268540000000L, 1)], [(False, True, False, False)])
secondtest: ([(0, 1, 1265970000000L, 3)], [(False, False, False, True)])
thirdtest: ([(0, 1, 1265410000000L, 0)], [(True, False, False, False)])
fourthtest: ([(0, 1, 1271310000000L, 2)], [(False, False, True, False)])
fifthtest: ([(0, 1, 1137670000000L, 3)], [(False, False, False, True)])
sixthtest: ([(0, 1, 1138430000000L, 1)], [(False, True, False, False)])
seventhtest: ([(0, 1, 1146760000000L, 2)], [(False, False, True, False)])
eighthtest: ([(0, 1, 1137610000000L, 0)], [(True, False, False, False)])
--------------------------------------------------------------------------------
0: 1.0 ['thirdtest', 'eighthtest']
1: 0.0 ['firsttest', 'sixthtest']
2: 1.0 ['fourthtest', 'seventhtest']
3: 0.0 ['secondtest', 'fifthtest']
--------------------------------------------------------------------------------
firsttest: ([(0, 1, 1268540000000L, 1)], [(False, True, False, False)])
secondtest: ([(0, 1, 1265970000000L, 3)], [(False, False, False, True)])
thirdtest: ([(0, 1, 1265410000000L, 0)], [(True, False, False, False)])
fourthtest: ([(0, 1, 1271310000000L, 2)], [(False, False, True, False)])
fifthtest: ([(0, 1, 1137670000000L, 3)], [(False, False, False, True)])
sixthtest: ([(0, 1, 1138440000000L, 1)], [(False, True, False, False)])
seventhtest: ([(0, 1, 1146760000000L, 2)], [(False, False, True, False)])
eighthtest: ([(0, 1, 1137610000000L, 0)], [(True, False, False, False)])
--------------------------------------------------------------------------------
0: 0.0 ['thirdtest', 'eighthtest']
1: 1.0 ['firsttest', 'sixthtest']
2: 0.0 ['fourthtest', 'seventhtest']
3: 0.0 ['secondtest', 'fifthtest']
--------------------------------------------------------------------------------
firsttest: ([(0, 1, 1268540000000L, 1)], [(False, True, False, False)])
secondtest: ([(0, 1, 1265970000000L, 3)], [(False, False, False, True)])
thirdtest: ([(0, 1, 1265410000000L, 0)], [(True, False, False, False)])
fourthtest: ([(0, 1, 1271310000000L, 2)], [(False, False, True, False)])
fifthtest: ([(0, 1, 1137670000000L, 3)], [(False, False, False, True)])
sixthtest: ([(0, 1, 1138440000000L, 1)], [(False, True, False, False)])
seventhtest: ([(0, 1, 1146760000000L, 2)], [(False, False, True, False)])
eighthtest: ([(0, 1, 1137610000000L, 0)], [(True, False, False, False)])
--------------------------------------------------------------------------------
0: 0.0 ['thirdtest', 'eighthtest']
1: 0.0 ['firsttest', 'sixthtest']
2: 0.0 ['fourthtest', 'seventhtest']
3: 0.0 ['secondtest', 'fifthtest']
--------------------------------------------------------------------------------
firsttest: ([(0, 1, 1268540000000L, 1)], [(False, True, False, False)])
secondtest: ([(0, 1, 1265970000000L, 3)], [(False, False, False, True)])
thirdtest: ([(0, 1, 1265410000000L, 0)], [(True, False, False, False)])
fourthtest: ([(0, 1, 1271310000000L, 2)], [(False, False, True, False)])
fifthtest: ([(0, 1, 1137670000000L, 3)], [(False, False, False, True)])
sixthtest: ([(0, 1, 1138440000000L, 1)], [(False, True, False, False)])
seventhtest: ([(0, 1, 1146760000000L, 2)], [(False, False, True, False)])
eighthtest: ([(0, 1, 1137620000000L, 0)], [(True, False, False, False)])
--------------------------------------------------------------------------------
0: 1.0 ['thirdtest', 'eighthtest']
1: 0.0 ['firsttest', 'sixthtest']
2: 0.0 ['fourthtest', 'seventhtest']
3: 0.0 ['secondtest', 'fifthtest']
--------------------------------------------------------------------------------
firsttest: ([(0, 1, 1268540000000L, 1)], [(False, True, False, False)])
secondtest: ([(0, 1, 1265970000000L, 3)], [(False, False, False, True)])
thirdtest: ([(0, 1, 1265420000000L, 0)], [(True, False, False, False)])
fourthtest: ([(0, 1, 1271310000000L, 2)], [(False, False, True, False)])
fifthtest: ([(0, 1, 1137680000000L, 3)], [(False, False, False, True)])
sixthtest: ([(0, 1, 1138440000000L, 1)], [(False, True, False, False)])
seventhtest: ([(0, 1, 1146760000000L, 2)], [(False, False, True, False)])
eighthtest: ([(0, 1, 1137620000000L, 0)], [(True, False, False, False)])
--------------------------------------------------------------------------------
0: 1.0 ['thirdtest', 'eighthtest']
1: 0.0 ['firsttest', 'sixthtest']
2: 0.0 ['fourthtest', 'seventhtest']
3: 1.0 ['secondtest', 'fifthtest']
--------------------------------------------------------------------------------
firsttest: ([(0, 1, 1268550000000L, 1)], [(False, True, False, False)])
secondtest: ([(0, 1, 1265970000000L, 3)], [(False, False, False, True)])
thirdtest: ([(0, 1, 1265420000000L, 0)], [(True, False, False, False)])
fourthtest: ([(0, 1, 1271310000000L, 2)], [(False, False, True, False)])
fifthtest: ([(0, 1, 1137680000000L, 3)], [(False, False, False, True)])
sixthtest: ([(0, 1, 1138440000000L, 1)], [(False, True, False, False)])
seventhtest: ([(0, 1, 1146770000000L, 2)], [(False, False, True, False)])
eighthtest: ([(0, 1, 1137630000000L, 0)], [(True, False, False, False)])
--------------------------------------------------------------------------------
0: 1.0 ['thirdtest', 'eighthtest']
1: 1.0 ['firsttest', 'sixthtest']
2: 1.0 ['fourthtest', 'seventhtest']
3: 0.0 ['secondtest', 'fifthtest']
--------------------------------------------------------------------------------
firsttest: ([(0, 1, 1268550000000L, 1)], [(True, True, True, True)])
secondtest: ([(0, 1, 1265980000000L, 2)], [(True, True, True, True)])
thirdtest: ([(0, 1, 1265420000000L, 1)], [(True, True, True, True)])
fourthtest: ([(0, 1, 1271320000000L, 2)], [(True, True, True, True)])
fifthtest: ([(0, 1, 1137690000000L, 2)], [(True, True, True, True)])
sixthtest: ([(0, 1, 1138440000000L, 1)], [(True, True, True, True)])
seventhtest: ([(0, 1, 1146780000000L, 3)], [(True, True, True, True)])
eighthtest: ([(0, 1, 1137630000000L, 3)], [(True, True, True, True)])
--------------------------------------------------------------------------------
0: 0.0 []
1: 0.0 ['firsttest', 'thirdtest', 'sixthtest']
2: 3.0 ['secondtest', 'fourthtest', 'fifthtest']
3: 1.0 ['seventhtest', 'eighthtest']
--------------------------------------------------------------------------------
firsttest: ([(0, 1, 1268680000000L, 3)], [(True, True, True, True)])
secondtest: ([(0, 1, 1266150000000L, 1)], [(True, True, True, True)])
thirdtest: ([(0, 1, 1265650000000L, 1)], [(True, True, True, True)])
fourthtest: ([(0, 1, 1271530000000L, 2)], [(True, True, True, True)])
fifthtest: ([(0, 1, 1137860000000L, 0)], [(True, True, True, True)])
sixthtest: ([(0, 1, 1138660000000L, 2)], [(True, True, True, True)])
seventhtest: ([(0, 1, 1146950000000L, 0)], [(True, True, True, True)])
eighthtest: ([(0, 1, 1137760000000L, 2)], [(True, True, True, True)])
--------------------------------------------------------------------------------
0: 34.0 ['fifthtest', 'seventhtest']
1: 40.0 ['secondtest', 'thirdtest']
2: 56.0 ['fourthtest', 'sixthtest', 'eighthtest']
3: 13.0 ['firsttest']
--------------------------------------------------------------------------------
firsttest: ([(0, 1, 1269160000000L, 0)], [(True, True, True, True)])
secondtest: ([(0, 1, 1266660000000L, 1)], [(True, True, True, True)])
thirdtest: ([(0, 1, 1266120000000L, 0)], [(True, True, True, True)])
fourthtest: ([(0, 1, 1272010000000L, 1)], [(True, True, True, True)])
fifthtest: ([(0, 1, 1138320000000L, 2)], [(True, True, True, True)])
sixthtest: ([(0, 1, 1139180000000L, 3)], [(True, True, True, True)])
seventhtest: ([(0, 1, 1147420000000L, 2)], [(True, True, True, True)])
eighthtest: ([(0, 1, 1138260000000L, 3)], [(True, True, True, True)])
--------------------------------------------------------------------------------
0: 95.0 ['firsttest', 'thirdtest']
1: 99.0 ['secondtest', 'fourthtest']
2: 93.0 ['fifthtest', 'seventhtest']
3: 102.0 ['sixthtest', 'eighthtest']
--------------------------------------------------------------------------------
firsttest: ([(0, 1, 1269650000000L, 2)], [(True, True, True, True)])
secondtest: ([(0, 1, 1267130000000L, 1)], [(True, True, True, True)])
thirdtest: ([(0, 1, 1266620000000L, 0)], [(True, True, True, True)])
fourthtest: ([(0, 1, 1272520000000L, 0)], [(True, True, True, True)])
fifthtest: ([(0, 1, 1138800000000L, 3)], [(True, True, True, True)])
sixthtest: ([(0, 1, 1139670000000L, 1)], [(True, True, True, True)])
seventhtest: ([(0, 1, 1147900000000L, 2)], [(True, True, True, True)])
eighthtest: ([(0, 1, 1138750000000L, 3)], [(True, True, True, True)])
--------------------------------------------------------------------------------
0: 101.0 ['thirdtest', 'fourthtest']
1: 96.0 ['secondtest', 'sixthtest']
2: 97.0 ['firsttest', 'seventhtest']
3: 97.0 ['fifthtest', 'eighthtest']
--------------------------------------------------------------------------------
firsttest: ([(0, 1, 1270130000000L, 3)], [(True, True, True, True)])
secondtest: ([(0, 1, 1267620000000L, 1)], [(True, True, True, True)])
thirdtest: ([(0, 1, 1267100000000L, 2)], [(True, True, True, True)])
fourthtest: ([(0, 1, 1272970000000L, 1)], [(True, True, True, True)])
fifthtest: ([(0, 1, 1139300000000L, 0)], [(True, True, True, True)])
sixthtest: ([(0, 1, 1140150000000L, 0)], [(True, True, True, True)])
seventhtest: ([(0, 1, 1148410000000L, 2)], [(True, True, True, True)])
eighthtest: ([(0, 1, 1139260000000L, 2)], [(True, True, True, True)])
--------------------------------------------------------------------------------
0: 98.0 ['fifthtest', 'sixthtest']
1: 94.0 ['secondtest', 'fourthtest']
2: 150.0 ['thirdtest', 'seventhtest', 'eighthtest']
3: 48.0 ['firsttest']
--------------------------------------------------------------------------------
firsttest: ([(0, 1, 1270640000000L, 2)], [(True, True, True, True)])
secondtest: ([(0, 1, 1268090000000L, 0)], [(True, True, True, True)])
thirdtest: ([(0, 1, 1267600000000L, 2)], [(True, True, True, True)])
fourthtest: ([(0, 1, 1273460000000L, 2)], [(True, True, True, True)])
fifthtest: ([(0, 1, 1139790000000L, 1)], [(True, True, True, True)])
sixthtest: ([(0, 1, 1140630000000L, 1)], [(True, True, True, True)])
seventhtest: ([(0, 1, 1148880000000L, 1)], [(True, True, True, True)])
eighthtest: ([(0, 1, 1139760000000L, 2)], [(True, True, True, True)])
--------------------------------------------------------------------------------
0: 47.0 ['secondtest']
1: 144.0 ['fifthtest', 'sixthtest', 'seventhtest']
2: 200.0 ['firsttest', 'thirdtest', 'fourthtest', 'eighthtest']
3: 0.0 []
--------------------------------------------------------------------------------
firsttest: ([(0, 1, 1271130000000L, 2)], [(True, True, True, True)])
secondtest: ([(0, 1, 1268590000000L, 0)], [(True, True, True, True)])
thirdtest: ([(0, 1, 1268090000000L, 3)], [(True, True, True, True)])
fourthtest: ([(0, 1, 1273940000000L, 2)], [(True, True, True, True)])
fifthtest: ([(0, 1, 1140270000000L, 2)], [(True, True, True, True)])
sixthtest: ([(0, 1, 1141120000000L, 1)], [(True, True, True, True)])
seventhtest: ([(0, 1, 1149380000000L, 1)], [(True, True, True, True)])
eighthtest: ([(0, 1, 1140250000000L, 3)], [(True, True, True, True)])
--------------------------------------------------------------------------------
0: 50.0 ['secondtest']
1: 99.0 ['sixthtest', 'seventhtest']
2: 145.0 ['firsttest', 'fourthtest', 'fifthtest']
3: 98.0 ['thirdtest', 'eighthtest']
--------------------------------------------------------------------------------
firsttest: ([(0, 1, 1271630000000L, 1)], [(True, True, True, True)])
secondtest: ([(0, 1, 1269070000000L, 0)], [(True, True, True, True)])
thirdtest: ([(0, 1, 1268590000000L, 2)], [(True, True, True, True)])
fourthtest: ([(0, 1, 1274440000000L, 0)], [(True, True, True, True)])
fifthtest: ([(0, 1, 1140770000000L, 3)], [(True, True, True, True)])
sixthtest: ([(0, 1, 1141590000000L, 1)], [(True, True, True, True)])
seventhtest: ([(0, 1, 1149890000000L, 2)], [(True, True, True, True)])
eighthtest: ([(0, 1, 1140750000000L, 2)], [(True, True, True, True)])
--------------------------------------------------------------------------------
0: 98.0 ['secondtest', 'fourthtest']
1: 97.0 ['firsttest', 'sixthtest']
2: 151.0 ['thirdtest', 'seventhtest', 'eighthtest']
3: 50.0 ['fifthtest']
--------------------------------------------------------------------------------
firsttest: ([(0, 1, 1272110000000L, 0)], [(True, True, True, True)])
secondtest: ([(0, 1, 1269560000000L, 0)], [(True, True, True, True)])
thirdtest: ([(0, 1, 1269070000000L, 3)], [(True, True, True, True)])
fourthtest: ([(0, 1, 1274930000000L, 0)], [(True, True, True, True)])
fifthtest: ([(0, 1, 1141260000000L, 3)], [(True, True, True, True)])
sixthtest: ([(0, 1, 1142090000000L, 1)], [(True, True, True, True)])
seventhtest: ([(0, 1, 1150380000000L, 2)], [(True, True, True, True)])
eighthtest: ([(0, 1, 1141250000000L, 2)], [(True, True, True, True)])
--------------------------------------------------------------------------------
0: 146.0 ['firsttest', 'secondtest', 'fourthtest']
1: 50.0 ['sixthtest']
2: 99.0 ['seventhtest', 'eighthtest']
3: 97.0 ['thirdtest', 'fifthtest']
--------------------------------------------------------------------------------
firsttest: ([(0, 1, 1272610000000L, 2)], [(True, True, True, True)])
secondtest: ([(0, 1, 1270040000000L, 1)], [(True, True, True, True)])
thirdtest: ([(0, 1, 1269560000000L, 3)], [(True, True, True, True)])
fourthtest: ([(0, 1, 1275420000000L, 1)], [(True, True, True, True)])
fifthtest: ([(0, 1, 1141750000000L, 2)], [(True, True, True, True)])
sixthtest: ([(0, 1, 1142550000000L, 0)], [(True, True, True, True)])
seventhtest: ([(0, 1, 1150850000000L, 2)], [(True, True, True, True)])
eighthtest: ([(0, 1, 1141730000000L, 0)], [(True, True, True, True)])
--------------------------------------------------------------------------------
0: 94.0 ['sixthtest', 'eighthtest']
1: 97.0 ['secondtest', 'fourthtest']
2: 146.0 ['firsttest', 'fifthtest', 'seventhtest']
3: 49.0 ['thirdtest']
--------------------------------------------------------------------------------
firsttest: ([(0, 1, 1273100000000L, 3)], [(True, True, True, True)])
secondtest: ([(0, 1, 1270540000000L, 0)], [(True, True, True, True)])
thirdtest: ([(0, 1, 1270040000000L, 0)], [(True, True, True, True)])
fourthtest: ([(0, 1, 1275930000000L, 0)], [(True, True, True, True)])
fifthtest: ([(0, 1, 1142240000000L, 2)], [(True, True, True, True)])
sixthtest: ([(0, 1, 1143040000000L, 0)], [(True, True, True, True)])
seventhtest: ([(0, 1, 1151330000000L, 2)], [(True, True, True, True)])
eighthtest: ([(0, 1, 1142230000000L, 1)], [(True, True, True, True)])
--------------------------------------------------------------------------------
0: 198.0 ['secondtest', 'thirdtest', 'fourthtest', 'sixthtest']
1: 50.0 ['eighthtest']
2: 97.0 ['fifthtest', 'seventhtest']
3: 49.0 ['firsttest']
--------------------------------------------------------------------------------
firsttest: ([(0, 1, 1273590000000L, 1)], [(True, True, True, True)])
secondtest: ([(0, 1, 1271030000000L, 0)], [(True, True, True, True)])
thirdtest: ([(0, 1, 1270520000000L, 1)], [(True, True, True, True)])
fourthtest: ([(0, 1, 1276430000000L, 2)], [(True, True, True, True)])
fifthtest: ([(0, 1, 1142750000000L, 2)], [(True, True, True, True)])
sixthtest: ([(0, 1, 1143530000000L, 3)], [(True, True, True, True)])
seventhtest: ([(0, 1, 1151830000000L, 1)], [(True, True, True, True)])
eighthtest: ([(0, 1, 1142690000000L, 3)], [(True, True, True, True)])
--------------------------------------------------------------------------------
0: 49.0 ['secondtest']
1: 147.0 ['firsttest', 'thirdtest', 'seventhtest']
2: 101.0 ['fourthtest', 'fifthtest']
3: 95.0 ['sixthtest', 'eighthtest']
--------------------------------------------------------------------------------
firsttest: ([(0, 1, 1274080000000L, 1)], [(True, True, True, True)])
secondtest: ([(0, 1, 1271500000000L, 0)], [(True, True, True, True)])
thirdtest: ([(0, 1, 1271000000000L, 0)], [(True, True, True, True)])
fourthtest: ([(0, 1, 1276930000000L, 2)], [(True, True, True, True)])
fifthtest: ([(0, 1, 1143230000000L, 3)], [(True, True, True, True)])
sixthtest: ([(0, 1, 1144020000000L, 2)], [(True, True, True, True)])
seventhtest: ([(0, 1, 1152320000000L, 1)], [(True, True, True, True)])
eighthtest: ([(0, 1, 1143190000000L, 2)], [(True, True, True, True)])
--------------------------------------------------------------------------------
0: 95.0 ['secondtest', 'thirdtest']
1: 98.0 ['firsttest', 'seventhtest']
2: 149.0 ['fourthtest', 'sixthtest', 'eighthtest']
3: 48.0 ['fifthtest']
--------------------------------------------------------------------------------
firsttest: ([(0, 1, 1274570000000L, 1)], [(True, True, True, True)])
secondtest: ([(0, 1, 1271970000000L, 0)], [(True, True, True, True)])
thirdtest: ([(0, 1, 1271480000000L, 3)], [(True, True, True, True)])
fourthtest: ([(0, 1, 1277420000000L, 2)], [(True, True, True, True)])
fifthtest: ([(0, 1, 1143710000000L, 3)], [(True, True, True, True)])
sixthtest: ([(0, 1, 1144500000000L, 2)], [(True, True, True, True)])
seventhtest: ([(0, 1, 1152790000000L, 1)], [(True, True, True, True)])
eighthtest: ([(0, 1, 1143690000000L, 1)], [(True, True, True, True)])
--------------------------------------------------------------------------------
0: 47.0 ['secondtest']
1: 146.0 ['firsttest', 'seventhtest', 'eighthtest']
2: 97.0 ['fourthtest', 'sixthtest']
3: 96.0 ['thirdtest', 'fifthtest']
--------------------------------------------------------------------------------
firsttest: ([(0, 1, 1275060000000L, 1)], [(False, True, False, False)])
secondtest: ([(0, 1, 1272480000000L, 3)], [(False, False, False, True)])
thirdtest: ([(0, 1, 1271970000000L, 0)], [(True, False, False, False)])
fourthtest: ([(0, 1, 1277920000000L, 2)], [(False, False, True, False)])
fifthtest: ([(0, 1, 1144190000000L, 3)], [(False, False, False, True)])
sixthtest: ([(0, 1, 1144990000000L, 1)], [(False, True, False, False)])
seventhtest: ([(0, 1, 1153270000000L, 2)], [(False, False, True, False)])
eighthtest: ([(0, 1, 1144170000000L, 0)], [(True, False, False, False)])
--------------------------------------------------------------------------------
0: 97.0 ['thirdtest', 'eighthtest']
1: 98.0 ['firsttest', 'sixthtest']
2: 98.0 ['fourthtest', 'seventhtest']
3: 99.0 ['secondtest', 'fifthtest']
--------------------------------------------------------------------------------
firsttest: ([(0, 1, 1275560000000L, 1)], [(False, True, False, False)])
secondtest: ([(0, 1, 1272970000000L, 3)], [(False, False, False, True)])
thirdtest: ([(0, 1, 1272450000000L, 0)], [(True, False, False, False)])
fourthtest: ([(0, 1, 1278410000000L, 2)], [(False, False, True, False)])
fifthtest: ([(0, 1, 1144700000000L, 3)], [(False, False, False, True)])
sixthtest: ([(0, 1, 1145490000000L, 1)], [(False, True, False, False)])
seventhtest: ([(0, 1, 1153770000000L, 2)], [(False, False, True, False)])
eighthtest: ([(0, 1, 1144660000000L, 0)], [(True, False, False, False)])
--------------------------------------------------------------------------------
0: 97.0 ['thirdtest', 'eighthtest']
1: 100.0 ['firsttest', 'sixthtest']
2: 99.0 ['fourthtest', 'seventhtest']
3: 100.0 ['secondtest', 'fifthtest']
--------------------------------------------------------------------------------
firsttest: ([(0, 1, 1276060000000L, 1)], [(False, True, False, False)])
secondtest: ([(0, 1, 1273460000000L, 3)], [(False, False, False, True)])
thirdtest: ([(0, 1, 1272940000000L, 0)], [(True, False, False, False)])
fourthtest: ([(0, 1, 1278900000000L, 2)], [(False, False, True, False)])
fifthtest: ([(0, 1, 1145180000000L, 3)], [(False, False, False, True)])
sixthtest: ([(0, 1, 1145990000000L, 1)], [(False, True, False, False)])
seventhtest: ([(0, 1, 1154260000000L, 2)], [(False, False, True, False)])
eighthtest: ([(0, 1, 1145150000000L, 0)], [(True, False, False, False)])
--------------------------------------------------------------------------------
0: 98.0 ['thirdtest', 'eighthtest']
1: 100.0 ['firsttest', 'sixthtest']
2: 98.0 ['fourthtest', 'seventhtest']
3: 97.0 ['secondtest', 'fifthtest']
--------------------------------------------------------------------------------
firsttest: ([(0, 1, 1276560000000L, 1)], [(False, True, False, False)])
secondtest: ([(0, 1, 1273970000000L, 3)], [(False, False, False, True)])
thirdtest: ([(0, 1, 1273440000000L, 0)], [(True, False, False, False)])
fourthtest: ([(0, 1, 1279390000000L, 2)], [(False, False, True, False)])
fifthtest: ([(0, 1, 1145690000000L, 3)], [(False, False, False, True)])
sixthtest: ([(0, 1, 1146490000000L, 1)], [(False, True, False, False)])
seventhtest: ([(0, 1, 1154750000000L, 2)], [(False, False, True, False)])
eighthtest: ([(0, 1, 1145640000000L, 0)], [(True, False, False, False)])
--------------------------------------------------------------------------------
0: 99.0 ['thirdtest', 'eighthtest']
1: 100.0 ['firsttest', 'sixthtest']
2: 98.0 ['fourthtest', 'seventhtest']
3: 102.0 ['secondtest', 'fifthtest']
--------------------------------------------------------------------------------
firsttest: ([(0, 1, 1277060000000L, 1)], [(False, True, False, False)])
secondtest: ([(0, 1, 1274460000000L, 3)], [(False, False, False, True)])
thirdtest: ([(0, 1, 1273920000000L, 0)], [(True, False, False, False)])
fourthtest: ([(0, 1, 1279870000000L, 2)], [(False, False, True, False)])
fifthtest: ([(0, 1, 1146190000000L, 3)], [(False, False, False, True)])
sixthtest: ([(0, 1, 1147000000000L, 1)], [(False, True, False, False)])
seventhtest: ([(0, 1, 1155230000000L, 2)], [(False, False, True, False)])
eighthtest: ([(0, 1, 1146140000000L, 0)], [(True, False, False, False)])
--------------------------------------------------------------------------------
0: 98.0 ['thirdtest', 'eighthtest']
1: 101.0 ['firsttest', 'sixthtest']
2: 96.0 ['fourthtest', 'seventhtest']
3: 99.0 ['secondtest', 'fifthtest']
--------------------------------------------------------------------------------
firsttest: ([(0, 1, 1277560000000L, 1)], [(False, True, False, False)])
secondtest: ([(0, 1, 1274950000000L, 3)], [(False, False, False, True)])
thirdtest: ([(0, 1, 1274430000000L, 0)], [(True, False, False, False)])
fourthtest: ([(0, 1, 1280380000000L, 2)], [(False, False, True, False)])
fifthtest: ([(0, 1, 1146680000000L, 3)], [(False, False, False, True)])
sixthtest: ([(0, 1, 1147490000000L, 1)], [(False, True, False, False)])
seventhtest: ([(0, 1, 1155740000000L, 2)], [(False, False, True, False)])
eighthtest: ([(0, 1, 1146640000000L, 0)], [(True, False, False, False)])
--------------------------------------------------------------------------------
0: 101.0 ['thirdtest', 'eighthtest']
1: 99.0 ['firsttest', 'sixthtest']
2: 102.0 ['fourthtest', 'seventhtest']
3: 98.0 ['secondtest', 'fifthtest']
--------------------------------------------------------------------------------
firsttest: ([(0, 1, 1278060000000L, 1)], [(False, True, False, False)])
secondtest: ([(0, 1, 1275440000000L, 3)], [(False, False, False, True)])
thirdtest: ([(0, 1, 1274930000000L, 0)], [(True, False, False, False)])
fourthtest: ([(0, 1, 1280880000000L, 2)], [(False, False, True, False)])
fifthtest: ([(0, 1, 1147160000000L, 3)], [(False, False, False, True)])
sixthtest: ([(0, 1, 1148000000000L, 1)], [(False, True, False, False)])
seventhtest: ([(0, 1, 1156250000000L, 2)], [(False, False, True, False)])
eighthtest: ([(0, 1, 1147150000000L, 0)], [(True, False, False, False)])
--------------------------------------------------------------------------------
0: 101.0 ['thirdtest', 'eighthtest']
1: 101.0 ['firsttest', 'sixthtest']
2: 101.0 ['fourthtest', 'seventhtest']
3: 97.0 ['secondtest', 'fifthtest']
--------------------------------------------------------------------------------
firsttest: ([(0, 1, 1278560000000L, 1)], [(False, True, False, False)])
secondtest: ([(0, 1, 1275920000000L, 3)], [(False, False, False, True)])
thirdtest: ([(0, 1, 1275430000000L, 0)], [(True, False, False, False)])
fourthtest: ([(0, 1, 1281390000000L, 2)], [(False, False, True, False)])
fifthtest: ([(0, 1, 1147640000000L, 3)], [(False, False, False, True)])
sixthtest: ([(0, 1, 1148490000000L, 1)], [(False, True, False, False)])
seventhtest: ([(0, 1, 1156750000000L, 2)], [(False, False, True, False)])
eighthtest: ([(0, 1, 1147650000000L, 0)], [(True, False, False, False)])
--------------------------------------------------------------------------------
0: 100.0 ['thirdtest', 'eighthtest']
1: 99.0 ['firsttest', 'sixthtest']
2: 101.0 ['fourthtest', 'seventhtest']
3: 96.0 ['secondtest', 'fifthtest']
--------------------------------------------------------------------------------
firsttest: ([(0, 1, 1279060000000L, 1)], [(False, True, False, False)])
secondtest: ([(0, 1, 1276400000000L, 3)], [(False, False, False, True)])
thirdtest: ([(0, 1, 1275940000000L, 0)], [(True, False, False, False)])
fourthtest: ([(0, 1, 1281900000000L, 2)], [(False, False, True, False)])
fifthtest: ([(0, 1, 1148120000000L, 0)], [(True, False, False, False)])
sixthtest: ([(0, 1, 1148990000000L, 1)], [(False, True, False, False)])
seventhtest: ([(0, 1, 1157260000000L, 2)], [(False, False, True, False)])
eighthtest: ([(0, 1, 1148140000000L, 3)], [(False, False, False, True)])
--------------------------------------------------------------------------------
0: 99.0 ['thirdtest', 'fifthtest']
1: 100.0 ['firsttest', 'sixthtest']
2: 102.0 ['fourthtest', 'seventhtest']
3: 97.0 ['secondtest', 'eighthtest']
--------------------------------------------------------------------------------
firsttest: ([(0, 1, 1279570000000L, 1)], [(False, True, False, False)])
secondtest: ([(0, 1, 1276880000000L, 3)], [(False, False, False, True)])
thirdtest: ([(0, 1, 1276440000000L, 0)], [(True, False, False, False)])
fourthtest: ([(0, 1, 1282400000000L, 2)], [(False, False, True, False)])
fifthtest: ([(0, 1, 1148630000000L, 0)], [(True, False, False, False)])
sixthtest: ([(0, 1, 1149490000000L, 1)], [(False, True, False, False)])
seventhtest: ([(0, 1, 1157760000000L, 2)], [(False, False, True, False)])
eighthtest: ([(0, 1, 1148640000000L, 3)], [(False, False, False, True)])
--------------------------------------------------------------------------------
0: 101.0 ['thirdtest', 'fifthtest']
1: 101.0 ['firsttest', 'sixthtest']
2: 100.0 ['fourthtest', 'seventhtest']
3: 98.0 ['secondtest', 'eighthtest']
--------------------------------------------------------------------------------
firsttest: ([(0, 1, 1280060000000L, 1)], [(False, True, False, False)])
secondtest: ([(0, 1, 1277370000000L, 3)], [(False, False, False, True)])
thirdtest: ([(0, 1, 1276930000000L, 0)], [(True, False, False, False)])
fourthtest: ([(0, 1, 1282910000000L, 2)], [(False, False, True, False)])
fifthtest: ([(0, 1, 1149130000000L, 0)], [(True, False, False, False)])
sixthtest: ([(0, 1, 1149990000000L, 1)], [(False, True, False, False)])
seventhtest: ([(0, 1, 1158270000000L, 2)], [(False, False, True, False)])
eighthtest: ([(0, 1, 1149110000000L, 3)], [(False, False, False, True)])
--------------------------------------------------------------------------------
0: 99.0 ['thirdtest', 'fifthtest']
1: 99.0 ['firsttest', 'sixthtest']
2: 102.0 ['fourthtest', 'seventhtest']
3: 96.0 ['secondtest', 'eighthtest']
--------------------------------------------------------------------------------
firsttest: ([(0, 1, 1280560000000L, 1)], [(False, True, False, False)])
secondtest: ([(0, 1, 1277860000000L, 3)], [(False, False, False, True)])
thirdtest: ([(0, 1, 1277430000000L, 0)], [(True, False, False, False)])
fourthtest: ([(0, 1, 1283400000000L, 2)], [(False, False, True, False)])
fifthtest: ([(0, 1, 1149630000000L, 3)], [(False, False, False, True)])
sixthtest: ([(0, 1, 1150490000000L, 1)], [(False, True, False, False)])
seventhtest: ([(0, 1, 1158760000000L, 2)], [(False, False, True, False)])
eighthtest: ([(0, 1, 1149610000000L, 0)], [(True, False, False, False)])
--------------------------------------------------------------------------------
0: 100.0 ['thirdtest', 'eighthtest']
1: 100.0 ['firsttest', 'sixthtest']
2: 98.0 ['fourthtest', 'seventhtest']
3: 99.0 ['secondtest', 'fifthtest']
--------------------------------------------------------------------------------
firsttest: ([(0, 1, 1281050000000L, 1)], [(False, True, False, False)])
secondtest: ([(0, 1, 1278350000000L, 3)], [(False, False, False, True)])
thirdtest: ([(0, 1, 1277930000000L, 0)], [(True, False, False, False)])
fourthtest: ([(0, 1, 1283910000000L, 2)], [(False, False, True, False)])
fifthtest: ([(0, 1, 1150100000000L, 3)], [(False, False, False, True)])
sixthtest: ([(0, 1, 1150990000000L, 1)], [(False, True, False, False)])
seventhtest: ([(0, 1, 1159260000000L, 2)], [(False, False, True, False)])
eighthtest: ([(0, 1, 1150110000000L, 0)], [(True, False, False, False)])
--------------------------------------------------------------------------------
0: 100.0 ['thirdtest', 'eighthtest']
1: 99.0 ['firsttest', 'sixthtest']
2: 101.0 ['fourthtest', 'seventhtest']
3: 96.0 ['secondtest', 'fifthtest']
--------------------------------------------------------------------------------
firsttest: ([(0, 1, 1281560000000L, 1)], [(False, True, False, False)])
secondtest: ([(0, 1, 1278830000000L, 3)], [(False, False, False, True)])
thirdtest: ([(0, 1, 1278430000000L, 0)], [(True, False, False, False)])
fourthtest: ([(0, 1, 1284410000000L, 2)], [(False, False, True, False)])
fifthtest: ([(0, 1, 1150600000000L, 3)], [(False, False, False, True)])
sixthtest: ([(0, 1, 1151480000000L, 1)], [(False, True, False, False)])
seventhtest: ([(0, 1, 1159760000000L, 2)], [(False, False, True, False)])
eighthtest: ([(0, 1, 1150610000000L, 0)], [(True, False, False, False)])
--------------------------------------------------------------------------------
0: 100.0 ['thirdtest', 'eighthtest']
1: 100.0 ['firsttest', 'sixthtest']
2: 100.0 ['fourthtest', 'seventhtest']
3: 98.0 ['secondtest', 'fifthtest']
--------------------------------------------------------------------------------
firsttest: ([(0, 1, 1282050000000L, 1)], [(False, True, False, False)])
secondtest: ([(0, 1, 1279310000000L, 3)], [(False, False, False, True)])
thirdtest: ([(0, 1, 1278930000000L, 0)], [(True, False, False, False)])
fourthtest: ([(0, 1, 1284910000000L, 2)], [(False, False, True, False)])
fifthtest: ([(0, 1, 1151080000000L, 0)], [(True, False, False, False)])
sixthtest: ([(0, 1, 1151980000000L, 1)], [(False, True, False, False)])
seventhtest: ([(0, 1, 1160270000000L, 2)], [(False, False, True, False)])
eighthtest: ([(0, 1, 1151100000000L, 3)], [(False, False, False, True)])
--------------------------------------------------------------------------------
0: 98.0 ['thirdtest', 'fifthtest']
1: 99.0 ['firsttest', 'sixthtest']
2: 101.0 ['fourthtest', 'seventhtest']
3: 97.0 ['secondtest', 'eighthtest']
--------------------------------------------------------------------------------
firsttest: ([(0, 1, 1282550000000L, 1)], [(False, True, False, False)])
secondtest: ([(0, 1, 1279800000000L, 3)], [(False, False, False, True)])
thirdtest: ([(0, 1, 1279430000000L, 0)], [(True, False, False, False)])
fourthtest: ([(0, 1, 1285410000000L, 2)], [(False, False, True, False)])
fifthtest: ([(0, 1, 1151580000000L, 0)], [(True, False, False, False)])
sixthtest: ([(0, 1, 1152490000000L, 1)], [(False, True, False, False)])
seventhtest: ([(0, 1, 1160770000000L, 2)], [(False, False, True, False)])
eighthtest: ([(0, 1, 1151580000000L, 3)], [(False, False, False, True)])
--------------------------------------------------------------------------------
0: 100.0 ['thirdtest', 'fifthtest']
1: 101.0 ['firsttest', 'sixthtest']
2: 100.0 ['fourthtest', 'seventhtest']
3: 97.0 ['secondtest', 'eighthtest']
--------------------------------------------------------------------------------
firsttest: ([(0, 1, 1283060000000L, 1)], [(False, True, False, False)])
secondtest: ([(0, 1, 1280290000000L, 3)], [(False, False, False, True)])
thirdtest: ([(0, 1, 1279930000000L, 0)], [(True, False, False, False)])
fourthtest: ([(0, 1, 1285900000000L, 2)], [(False, False, True, False)])
fifthtest: ([(0, 1, 1152070000000L, 0)], [(True, False, False, False)])
sixthtest: ([(0, 1, 1152980000000L, 1)], [(False, True, False, False)])
seventhtest: ([(0, 1, 1161260000000L, 2)], [(False, False, True, False)])
eighthtest: ([(0, 1, 1152080000000L, 3)], [(False, False, False, True)])
--------------------------------------------------------------------------------
0: 99.0 ['thirdtest', 'fifthtest']
1: 100.0 ['firsttest', 'sixthtest']
2: 98.0 ['fourthtest', 'seventhtest']
3: 99.0 ['secondtest', 'eighthtest']
--------------------------------------------------------------------------------
firsttest: ([(0, 1, 1283560000000L, 1)], [(False, True, False, False)])
secondtest: ([(0, 1, 1280780000000L, 3)], [(False, False, False, True)])
thirdtest: ([(0, 1, 1280430000000L, 0)], [(True, False, False, False)])
fourthtest: ([(0, 1, 1286400000000L, 2)], [(False, False, True, False)])
fifthtest: ([(0, 1, 1152570000000L, 0)], [(True, False, False, False)])
sixthtest: ([(0, 1, 1153490000000L, 1)], [(False, True, False, False)])
seventhtest: ([(0, 1, 1161760000000L, 2)], [(False, False, True, False)])
eighthtest: ([(0, 1, 1152560000000L, 3)], [(False, False, False, True)])
--------------------------------------------------------------------------------
0: 100.0 ['thirdtest', 'fifthtest']
1: 101.0 ['firsttest', 'sixthtest']
2: 100.0 ['fourthtest', 'seventhtest']
3: 97.0 ['secondtest', 'eighthtest']
--------------------------------------------------------------------------------
firsttest: ([(0, 1, 1284060000000L, 1)], [(False, True, False, False)])
secondtest: ([(0, 1, 1281260000000L, 3)], [(False, False, False, True)])
thirdtest: ([(0, 1, 1280920000000L, 0)], [(True, False, False, False)])
fourthtest: ([(0, 1, 1286900000000L, 2)], [(False, False, True, False)])
fifthtest: ([(0, 1, 1153060000000L, 3)], [(False, False, False, True)])
sixthtest: ([(0, 1, 1153990000000L, 1)], [(False, True, False, False)])
seventhtest: ([(0, 1, 1162260000000L, 2)], [(False, False, True, False)])
eighthtest: ([(0, 1, 1153060000000L, 0)], [(True, False, False, False)])
--------------------------------------------------------------------------------
0: 99.0 ['thirdtest', 'eighthtest']
1: 100.0 ['firsttest', 'sixthtest']
2: 100.0 ['fourthtest', 'seventhtest']
3: 97.0 ['secondtest', 'fifthtest']
--------------------------------------------------------------------------------
firsttest: ([(0, 1, 1284560000000L, 1)], [(False, True, False, False)])
secondtest: ([(0, 1, 1281750000000L, 3)], [(False, False, False, True)])
thirdtest: ([(0, 1, 1281420000000L, 0)], [(True, False, False, False)])
fourthtest: ([(0, 1, 1287400000000L, 2)], [(False, False, True, False)])
fifthtest: ([(0, 1, 1153550000000L, 3)], [(False, False, False, True)])
sixthtest: ([(0, 1, 1154490000000L, 1)], [(False, True, False, False)])
seventhtest: ([(0, 1, 1162760000000L, 2)], [(False, False, True, False)])
eighthtest: ([(0, 1, 1153550000000L, 0)], [(True, False, False, False)])
--------------------------------------------------------------------------------
0: 99.0 ['thirdtest', 'eighthtest']
1: 100.0 ['firsttest', 'sixthtest']
2: 100.0 ['fourthtest', 'seventhtest']
3: 98.0 ['secondtest', 'fifthtest']
--------------------------------------------------------------------------------
firsttest: ([(0, 1, 1285060000000L, 1)], [(False, True, False, False)])
secondtest: ([(0, 1, 1282230000000L, 3)], [(False, False, False, True)])
thirdtest: ([(0, 1, 1281920000000L, 0)], [(True, False, False, False)])
fourthtest: ([(0, 1, 1287890000000L, 2)], [(False, False, True, False)])
fifthtest: ([(0, 1, 1154030000000L, 0)], [(True, False, False, False)])
sixthtest: ([(0, 1, 1154990000000L, 1)], [(False, True, False, False)])
seventhtest: ([(0, 1, 1163240000000L, 2)], [(False, False, True, False)])
eighthtest: ([(0, 1, 1154060000000L, 3)], [(False, False, False, True)])
--------------------------------------------------------------------------------
0: 98.0 ['thirdtest', 'fifthtest']
1: 100.0 ['firsttest', 'sixthtest']
2: 97.0 ['fourthtest', 'seventhtest']
3: 99.0 ['secondtest', 'eighthtest']
--------------------------------------------------------------------------------
firsttest: ([(0, 1, 1285560000000L, 1)], [(False, True, False, False)])
secondtest: ([(0, 1, 1282730000000L, 3)], [(False, False, False, True)])
thirdtest: ([(0, 1, 1282410000000L, 0)], [(True, False, False, False)])
fourthtest: ([(0, 1, 1288380000000L, 2)], [(False, False, True, False)])
fifthtest: ([(0, 1, 1154530000000L, 0)], [(True, False, False, False)])
sixthtest: ([(0, 1, 1155480000000L, 1)], [(False, True, False, False)])
seventhtest: ([(0, 1, 1163740000000L, 2)], [(False, False, True, False)])
eighthtest: ([(0, 1, 1154550000000L, 3)], [(False, False, False, True)])
--------------------------------------------------------------------------------
0: 99.0 ['thirdtest', 'fifthtest']
1: 99.0 ['firsttest', 'sixthtest']
2: 99.0 ['fourthtest', 'seventhtest']
3: 99.0 ['secondtest', 'eighthtest']
--------------------------------------------------------------------------------
firsttest: ([(0, 1, 1286060000000L, 1)], [(False, True, False, False)])
secondtest: ([(0, 1, 1283220000000L, 3)], [(False, False, False, True)])
thirdtest: ([(0, 1, 1282910000000L, 0)], [(True, False, False, False)])
fourthtest: ([(0, 1, 1288870000000L, 2)], [(False, False, True, False)])
fifthtest: ([(0, 1, 1155010000000L, 0)], [(True, False, False, False)])
sixthtest: ([(0, 1, 1155990000000L, 1)], [(False, True, False, False)])
seventhtest: ([(0, 1, 1164220000000L, 2)], [(False, False, True, False)])
eighthtest: ([(0, 1, 1155050000000L, 3)], [(False, False, False, True)])
--------------------------------------------------------------------------------
0: 98.0 ['thirdtest', 'fifthtest']
1: 101.0 ['firsttest', 'sixthtest']
2: 97.0 ['fourthtest', 'seventhtest']
3: 99.0 ['secondtest', 'eighthtest']
--------------------------------------------------------------------------------
firsttest: ([(0, 1, 1286560000000L, 1)], [(False, True, False, False)])
secondtest: ([(0, 1, 1283720000000L, 3)], [(False, False, False, True)])
thirdtest: ([(0, 1, 1283400000000L, 0)], [(True, False, False, False)])
fourthtest: ([(0, 1, 1289350000000L, 2)], [(False, False, True, False)])
fifthtest: ([(0, 1, 1155510000000L, 0)], [(True, False, False, False)])
sixthtest: ([(0, 1, 1156490000000L, 1)], [(False, True, False, False)])
seventhtest: ([(0, 1, 1164710000000L, 2)], [(False, False, True, False)])
eighthtest: ([(0, 1, 1155540000000L, 3)], [(False, False, False, True)])
--------------------------------------------------------------------------------
0: 99.0 ['thirdtest', 'fifthtest']
1: 100.0 ['firsttest', 'sixthtest']
2: 97.0 ['fourthtest', 'seventhtest']
3: 99.0 ['secondtest', 'eighthtest']
--------------------------------------------------------------------------------
firsttest: ([(0, 1, 1287060000000L, 1)], [(False, True, False, False)])
secondtest: ([(0, 1, 1284210000000L, 3)], [(False, False, False, True)])
thirdtest: ([(0, 1, 1283900000000L, 0)], [(True, False, False, False)])
fourthtest: ([(0, 1, 1289840000000L, 2)], [(False, False, True, False)])
fifthtest: ([(0, 1, 1156010000000L, 0)], [(True, False, False, False)])
sixthtest: ([(0, 1, 1156990000000L, 1)], [(False, True, False, False)])
seventhtest: ([(0, 1, 1165200000000L, 2)], [(False, False, True, False)])
eighthtest: ([(0, 1, 1156040000000L, 3)], [(False, False, False, True)])
--------------------------------------------------------------------------------
0: 100.0 ['thirdtest', 'fifthtest']
1: 100.0 ['firsttest', 'sixthtest']
2: 98.0 ['fourthtest', 'seventhtest']
3: 99.0 ['secondtest', 'eighthtest']
--------------------------------------------------------------------------------
firsttest: ([(0, 1, 1287560000000L, 1)], [(False, True, False, False)])
secondtest: ([(0, 1, 1284710000000L, 3)], [(False, False, False, True)])
thirdtest: ([(0, 1, 1284400000000L, 0)], [(True, False, False, False)])
fourthtest: ([(0, 1, 1290340000000L, 2)], [(False, False, True, False)])
fifthtest: ([(0, 1, 1156510000000L, 0)], [(True, False, False, False)])
sixthtest: ([(0, 1, 1157500000000L, 1)], [(False, True, False, False)])
seventhtest: ([(0, 1, 1165690000000L, 2)], [(False, False, True, False)])
eighthtest: ([(0, 1, 1156530000000L, 3)], [(False, False, False, True)])
--------------------------------------------------------------------------------
0: 100.0 ['thirdtest', 'fifthtest']
1: 101.0 ['firsttest', 'sixthtest']
2: 99.0 ['fourthtest', 'seventhtest']
3: 99.0 ['secondtest', 'eighthtest']
--------------------------------------------------------------------------------
firsttest: ([(0, 1, 1288080000000L, 1)], [(False, True, False, False)])
secondtest: ([(0, 1, 1285190000000L, 3)], [(False, False, False, True)])
thirdtest: ([(0, 1, 1284890000000L, 0)], [(True, False, False, False)])
fourthtest: ([(0, 1, 1290830000000L, 2)], [(False, False, True, False)])
fifthtest: ([(0, 1, 1157000000000L, 0)], [(True, False, False, False)])
sixthtest: ([(0, 1, 1158000000000L, 1)], [(False, True, False, False)])
seventhtest: ([(0, 1, 1166190000000L, 2)], [(False, False, True, False)])
eighthtest: ([(0, 1, 1157020000000L, 3)], [(False, False, False, True)])
--------------------------------------------------------------------------------
0: 98.0 ['thirdtest', 'fifthtest']
1: 102.0 ['firsttest', 'sixthtest']
2: 99.0 ['fourthtest', 'seventhtest']
3: 97.0 ['secondtest', 'eighthtest']
--------------------------------------------------------------------------------
firsttest: ([(0, 1, 1288580000000L, 1)], [(False, True, False, False)])
secondtest: ([(0, 1, 1285690000000L, 3)], [(False, False, False, True)])
thirdtest: ([(0, 1, 1285390000000L, 0)], [(True, False, False, False)])
fourthtest: ([(0, 1, 1291330000000L, 2)], [(False, False, True, False)])
fifthtest: ([(0, 1, 1157510000000L, 3)], [(False, False, False, True)])
sixthtest: ([(0, 1, 1158510000000L, 1)], [(False, True, False, False)])
seventhtest: ([(0, 1, 1166680000000L, 2)], [(False, False, True, False)])
eighthtest: ([(0, 1, 1157520000000L, 0)], [(True, False, False, False)])
--------------------------------------------------------------------------------
0: 100.0 ['thirdtest', 'eighthtest']
1: 101.0 ['firsttest', 'sixthtest']
2: 99.0 ['fourthtest', 'seventhtest']
3: 101.0 ['secondtest', 'fifthtest']
--------------------------------------------------------------------------------
firsttest: ([(0, 1, 1289080000000L, 1)], [(False, True, False, False)])
secondtest: ([(0, 1, 1286190000000L, 3)], [(False, False, False, True)])
thirdtest: ([(0, 1, 1285900000000L, 0)], [(True, False, False, False)])
fourthtest: ([(0, 1, 1291810000000L, 2)], [(False, False, True, False)])
fifthtest: ([(0, 1, 1158000000000L, 3)], [(False, False, False, True)])
sixthtest: ([(0, 1, 1159010000000L, 1)], [(False, True, False, False)])
seventhtest: ([(0, 1, 1167170000000L, 2)], [(False, False, True, False)])
eighthtest: ([(0, 1, 1158010000000L, 0)], [(True, False, False, False)])
--------------------------------------------------------------------------------
0: 100.0 ['thirdtest', 'eighthtest']
1: 100.0 ['firsttest', 'sixthtest']
2: 97.0 ['fourthtest', 'seventhtest']
3: 99.0 ['secondtest', 'fifthtest']
--------------------------------------------------------------------------------
firsttest: ([(0, 1, 1289580000000L, 1)], [(False, True, False, False)])
secondtest: ([(0, 1, 1286670000000L, 3)], [(False, False, False, True)])
thirdtest: ([(0, 1, 1286380000000L, 0)], [(True, False, False, False)])
fourthtest: ([(0, 1, 1292310000000L, 2)], [(False, False, True, False)])
fifthtest: ([(0, 1, 1158490000000L, 3)], [(False, False, False, True)])
sixthtest: ([(0, 1, 1159500000000L, 1)], [(False, True, False, False)])
seventhtest: ([(0, 1, 1167670000000L, 2)], [(False, False, True, False)])
eighthtest: ([(0, 1, 1158500000000L, 0)], [(True, False, False, False)])
--------------------------------------------------------------------------------
0: 97.0 ['thirdtest', 'eighthtest']
1: 99.0 ['firsttest', 'sixthtest']
2: 100.0 ['fourthtest', 'seventhtest']
3: 97.0 ['secondtest', 'fifthtest']
--------------------------------------------------------------------------------
firsttest: ([(0, 1, 1290080000000L, 1)], [(False, True, False, False)])
secondtest: ([(0, 1, 1287170000000L, 3)], [(False, False, False, True)])
thirdtest: ([(0, 1, 1286870000000L, 0)], [(True, False, False, False)])
fourthtest: ([(0, 1, 1292810000000L, 2)], [(False, False, True, False)])
fifthtest: ([(0, 1, 1158980000000L, 3)], [(False, False, False, True)])
sixthtest: ([(0, 1, 1160000000000L, 1)], [(False, True, False, False)])
seventhtest: ([(0, 1, 1168160000000L, 2)], [(False, False, True, False)])
eighthtest: ([(0, 1, 1159000000000L, 0)], [(True, False, False, False)])
--------------------------------------------------------------------------------
0: 99.0 ['thirdtest', 'eighthtest']
1: 100.0 ['firsttest', 'sixthtest']
2: 99.0 ['fourthtest', 'seventhtest']
3: 99.0 ['secondtest', 'fifthtest']
--------------------------------------------------------------------------------
firsttest: ([(0, 1, 1290580000000L, 1)], [(False, True, False, False)])
secondtest: ([(0, 1, 1287670000000L, 3)], [(False, False, False, True)])
thirdtest: ([(0, 1, 1287380000000L, 0)], [(True, False, False, False)])
fourthtest: ([(0, 1, 1293290000000L, 2)], [(False, False, True, False)])
fifthtest: ([(0, 1, 1159490000000L, 3)], [(False, False, False, True)])
sixthtest: ([(0, 1, 1160520000000L, 1)], [(False, True, False, False)])
seventhtest: ([(0, 1, 1168650000000L, 2)], [(False, False, True, False)])
eighthtest: ([(0, 1, 1159490000000L, 0)], [(True, False, False, False)])
--------------------------------------------------------------------------------
0: 100.0 ['thirdtest', 'eighthtest']
1: 102.0 ['firsttest', 'sixthtest']
2: 97.0 ['fourthtest', 'seventhtest']
3: 101.0 ['secondtest', 'fifthtest']
--------------------------------------------------------------------------------
firsttest: ([(0, 1, 1291080000000L, 1)], [(False, True, False, False)])
secondtest: ([(0, 1, 1288180000000L, 3)], [(False, False, False, True)])
thirdtest: ([(0, 1, 1287880000000L, 0)], [(True, False, False, False)])
fourthtest: ([(0, 1, 1293780000000L, 2)], [(False, False, True, False)])
fifthtest: ([(0, 1, 1160000000000L, 3)], [(False, False, False, True)])
sixthtest: ([(0, 1, 1161010000000L, 1)], [(False, True, False, False)])
seventhtest: ([(0, 1, 1169130000000L, 2)], [(False, False, True, False)])
eighthtest: ([(0, 1, 1159990000000L, 0)], [(True, False, False, False)])
--------------------------------------------------------------------------------
0: 100.0 ['thirdtest', 'eighthtest']
1: 99.0 ['firsttest', 'sixthtest']
2: 97.0 ['fourthtest', 'seventhtest']
3: 102.0 ['secondtest', 'fifthtest']
--------------------------------------------------------------------------------
firsttest: ([(0, 1, 1291590000000L, 1)], [(False, True, False, False)])
secondtest: ([(0, 1, 1288680000000L, 3)], [(False, False, False, True)])
thirdtest: ([(0, 1, 1288370000000L, 0)], [(True, False, False, False)])
fourthtest: ([(0, 1, 1294280000000L, 2)], [(False, False, True, False)])
fifthtest: ([(0, 1, 1160500000000L, 3)], [(False, False, False, True)])
sixthtest: ([(0, 1, 1161520000000L, 1)], [(False, True, False, False)])
seventhtest: ([(0, 1, 1169630000000L, 2)], [(False, False, True, False)])
eighthtest: ([(0, 1, 1160490000000L, 0)], [(True, False, False, False)])
--------------------------------------------------------------------------------
0: 99.0 ['thirdtest', 'eighthtest']
1: 102.0 ['firsttest', 'sixthtest']
2: 100.0 ['fourthtest', 'seventhtest']
3: 100.0 ['secondtest', 'fifthtest']
--------------------------------------------------------------------------------
firsttest: ([(0, 1, 1292100000000L, 1)], [(False, True, False, False)])
secondtest: ([(0, 1, 1289170000000L, 3)], [(False, False, False, True)])
thirdtest: ([(0, 1, 1288850000000L, 0)], [(True, False, False, False)])
fourthtest: ([(0, 1, 1294770000000L, 2)], [(False, False, True, False)])
fifthtest: ([(0, 1, 1161000000000L, 3)], [(False, False, False, True)])
sixthtest: ([(0, 1, 1162030000000L, 1)], [(False, True, False, False)])
seventhtest: ([(0, 1, 1170130000000L, 2)], [(False, False, True, False)])
eighthtest: ([(0, 1, 1160980000000L, 0)], [(True, False, False, False)])
--------------------------------------------------------------------------------
0: 97.0 ['thirdtest', 'eighthtest']
1: 102.0 ['firsttest', 'sixthtest']
2: 99.0 ['fourthtest', 'seventhtest']
3: 99.0 ['secondtest', 'fifthtest']
--------------------------------------------------------------------------------
firsttest: ([(0, 1, 1292590000000L, 1)], [(False, True, False, False)])
secondtest: ([(0, 1, 1289680000000L, 3)], [(False, False, False, True)])
thirdtest: ([(0, 1, 1289330000000L, 0)], [(True, False, False, False)])
fourthtest: ([(0, 1, 1295270000000L, 2)], [(False, False, True, False)])
fifthtest: ([(0, 1, 1161500000000L, 3)], [(False, False, False, True)])
sixthtest: ([(0, 1, 1162520000000L, 1)], [(False, True, False, False)])
seventhtest: ([(0, 1, 1170630000000L, 2)], [(False, False, True, False)])
eighthtest: ([(0, 1, 1161450000000L, 0)], [(True, False, False, False)])
--------------------------------------------------------------------------------
0: 95.0 ['thirdtest', 'eighthtest']
1: 98.0 ['firsttest', 'sixthtest']
2: 100.0 ['fourthtest', 'seventhtest']
3: 101.0 ['secondtest', 'fifthtest']
--------------------------------------------------------------------------------
firsttest: ([(0, 1, 1293100000000L, 1)], [(False, True, False, False)])
secondtest: ([(0, 1, 1290180000000L, 3)], [(False, False, False, True)])
thirdtest: ([(0, 1, 1289830000000L, 0)], [(True, False, False, False)])
fourthtest: ([(0, 1, 1295770000000L, 2)], [(False, False, True, False)])
fifthtest: ([(0, 1, 1161990000000L, 3)], [(False, False, False, True)])
sixthtest: ([(0, 1, 1163020000000L, 1)], [(False, True, False, False)])
seventhtest: ([(0, 1, 1171130000000L, 2)], [(False, False, True, False)])
eighthtest: ([(0, 1, 1161940000000L, 0)], [(True, False, False, False)])
--------------------------------------------------------------------------------
0: 99.0 ['thirdtest', 'eighthtest']
1: 101.0 ['firsttest', 'sixthtest']
2: 100.0 ['fourthtest', 'seventhtest']
3: 99.0 ['secondtest', 'fifthtest']
--------------------------------------------------------------------------------
firsttest: ([(0, 1, 1293600000000L, 1)], [(False, True, False, False)])
secondtest: ([(0, 1, 1290670000000L, 3)], [(False, False, False, True)])
thirdtest: ([(0, 1, 1290330000000L, 0)], [(True, False, False, False)])
fourthtest: ([(0, 1, 1296260000000L, 2)], [(False, False, True, False)])
fifthtest: ([(0, 1, 1162490000000L, 3)], [(False, False, False, True)])
sixthtest: ([(0, 1, 1163520000000L, 1)], [(False, True, False, False)])
seventhtest: ([(0, 1, 1171620000000L, 2)], [(False, False, True, False)])
eighthtest: ([(0, 1, 1162440000000L, 0)], [(True, False, False, False)])
--------------------------------------------------------------------------------
0: 100.0 ['thirdtest', 'eighthtest']
1: 100.0 ['firsttest', 'sixthtest']
2: 98.0 ['fourthtest', 'seventhtest']
3: 99.0 ['secondtest', 'fifthtest']
--------------------------------------------------------------------------------
firsttest: ([(0, 1, 1294100000000L, 1)], [(False, True, False, False)])
secondtest: ([(0, 1, 1291160000000L, 3)], [(False, False, False, True)])
thirdtest: ([(0, 1, 1290820000000L, 0)], [(True, False, False, False)])
fourthtest: ([(0, 1, 1296750000000L, 2)], [(False, False, True, False)])
fifthtest: ([(0, 1, 1162980000000L, 3)], [(False, False, False, True)])
sixthtest: ([(0, 1, 1164020000000L, 1)], [(False, True, False, False)])
seventhtest: ([(0, 1, 1172120000000L, 2)], [(False, False, True, False)])
eighthtest: ([(0, 1, 1162940000000L, 0)], [(True, False, False, False)])
--------------------------------------------------------------------------------
0: 99.0 ['thirdtest', 'eighthtest']
1: 100.0 ['firsttest', 'sixthtest']
2: 99.0 ['fourthtest', 'seventhtest']
3: 98.0 ['secondtest', 'fifthtest']
--------------------------------------------------------------------------------
firsttest: ([(0, 1, 1294600000000L, 1)], [(False, True, False, False)])
secondtest: ([(0, 1, 1291660000000L, 3)], [(False, False, False, True)])
thirdtest: ([(0, 1, 1291330000000L, 0)], [(True, False, False, False)])
fourthtest: ([(0, 1, 1297250000000L, 2)], [(False, False, True, False)])
fifthtest: ([(0, 1, 1163490000000L, 3)], [(False, False, False, True)])
sixthtest: ([(0, 1, 1164520000000L, 1)], [(False, True, False, False)])
seventhtest: ([(0, 1, 1172600000000L, 2)], [(False, False, True, False)])
eighthtest: ([(0, 1, 1163450000000L, 0)], [(True, False, False, False)])
--------------------------------------------------------------------------------
0: 102.0 ['thirdtest', 'eighthtest']
1: 100.0 ['firsttest', 'sixthtest']
2: 98.0 ['fourthtest', 'seventhtest']
3: 101.0 ['secondtest', 'fifthtest']
--------------------------------------------------------------------------------
firsttest: ([(0, 1, 1295110000000L, 1)], [(False, True, False, False)])
secondtest: ([(0, 1, 1292160000000L, 3)], [(False, False, False, True)])
thirdtest: ([(0, 1, 1291830000000L, 0)], [(True, False, False, False)])
fourthtest: ([(0, 1, 1297750000000L, 2)], [(False, False, True, False)])
fifthtest: ([(0, 1, 1163980000000L, 3)], [(False, False, False, True)])
sixthtest: ([(0, 1, 1165030000000L, 1)], [(False, True, False, False)])
seventhtest: ([(0, 1, 1173100000000L, 2)], [(False, False, True, False)])
eighthtest: ([(0, 1, 1163950000000L, 0)], [(True, False, False, False)])
--------------------------------------------------------------------------------
0: 100.0 ['thirdtest', 'eighthtest']
1: 102.0 ['firsttest', 'sixthtest']
2: 100.0 ['fourthtest', 'seventhtest']
3: 99.0 ['secondtest', 'fifthtest']
--------------------------------------------------------------------------------
firsttest: ([(0, 1, 1295600000000L, 1)], [(False, True, False, False)])
secondtest: ([(0, 1, 1292640000000L, 3)], [(False, False, False, True)])
thirdtest: ([(0, 1, 1292320000000L, 0)], [(True, False, False, False)])
fourthtest: ([(0, 1, 1298250000000L, 2)], [(False, False, True, False)])
fifthtest: ([(0, 1, 1164460000000L, 3)], [(False, False, False, True)])
sixthtest: ([(0, 1, 1165530000000L, 1)], [(False, True, False, False)])
seventhtest: ([(0, 1, 1173600000000L, 2)], [(False, False, True, False)])
eighthtest: ([(0, 1, 1164430000000L, 0)], [(True, False, False, False)])
--------------------------------------------------------------------------------
0: 97.0 ['thirdtest', 'eighthtest']
1: 99.0 ['firsttest', 'sixthtest']
2: 100.0 ['fourthtest', 'seventhtest']
3: 96.0 ['secondtest', 'fifthtest']
--------------------------------------------------------------------------------
firsttest: ([(0, 1, 1296110000000L, 1)], [(False, True, False, False)])
secondtest: ([(0, 1, 1293140000000L, 3)], [(False, False, False, True)])
thirdtest: ([(0, 1, 1292820000000L, 0)], [(True, False, False, False)])
fourthtest: ([(0, 1, 1298730000000L, 2)], [(False, False, True, False)])
fifthtest: ([(0, 1, 1164960000000L, 3)], [(False, False, False, True)])
sixthtest: ([(0, 1, 1166040000000L, 1)], [(False, True, False, False)])
seventhtest: ([(0, 1, 1174080000000L, 2)], [(False, False, True, False)])
eighthtest: ([(0, 1, 1164940000000L, 0)], [(True, False, False, False)])
--------------------------------------------------------------------------------
0: 101.0 ['thirdtest', 'eighthtest']
1: 102.0 ['firsttest', 'sixthtest']
2: 96.0 ['fourthtest', 'seventhtest']
3: 100.0 ['secondtest', 'fifthtest']
--------------------------------------------------------------------------------
firsttest: ([(0, 1, 1296610000000L, 1)], [(False, True, False, False)])
secondtest: ([(0, 1, 1293640000000L, 3)], [(False, False, False, True)])
thirdtest: ([(0, 1, 1293320000000L, 0)], [(True, False, False, False)])
fourthtest: ([(0, 1, 1299220000000L, 2)], [(False, False, True, False)])
fifthtest: ([(0, 1, 1165460000000L, 3)], [(False, False, False, True)])
sixthtest: ([(0, 1, 1166540000000L, 1)], [(False, True, False, False)])
seventhtest: ([(0, 1, 1174570000000L, 2)], [(False, False, True, False)])
eighthtest: ([(0, 1, 1165440000000L, 0)], [(True, False, False, False)])
--------------------------------------------------------------------------------
0: 100.0 ['thirdtest', 'eighthtest']
1: 100.0 ['firsttest', 'sixthtest']
2: 98.0 ['fourthtest', 'seventhtest']
3: 100.0 ['secondtest', 'fifthtest']
--------------------------------------------------------------------------------
firsttest: ([(0, 1, 1297100000000L, 1)], [(False, True, False, False)])
secondtest: ([(0, 1, 1294140000000L, 3)], [(False, False, False, True)])
thirdtest: ([(0, 1, 1293810000000L, 0)], [(True, False, False, False)])
fourthtest: ([(0, 1, 1299710000000L, 2)], [(False, False, True, False)])
fifthtest: ([(0, 1, 1165960000000L, 3)], [(False, False, False, True)])
sixthtest: ([(0, 1, 1167030000000L, 1)], [(False, True, False, False)])
seventhtest: ([(0, 1, 1175060000000L, 2)], [(False, False, True, False)])
eighthtest: ([(0, 1, 1165940000000L, 0)], [(True, False, False, False)])
--------------------------------------------------------------------------------
0: 99.0 ['thirdtest', 'eighthtest']
1: 98.0 ['firsttest', 'sixthtest']
2: 98.0 ['fourthtest', 'seventhtest']
3: 100.0 ['secondtest', 'fifthtest']
--------------------------------------------------------------------------------
firsttest: ([(0, 1, 1297610000000L, 1)], [(False, True, False, False)])
secondtest: ([(0, 1, 1294640000000L, 3)], [(False, False, False, True)])
thirdtest: ([(0, 1, 1294310000000L, 0)], [(True, False, False, False)])
fourthtest: ([(0, 1, 1300190000000L, 2)], [(False, False, True, False)])
fifthtest: ([(0, 1, 1166450000000L, 3)], [(False, False, False, True)])
sixthtest: ([(0, 1, 1167540000000L, 1)], [(False, True, False, False)])
seventhtest: ([(0, 1, 1175560000000L, 2)], [(False, False, True, False)])
eighthtest: ([(0, 1, 1166440000000L, 0)], [(True, False, False, False)])
--------------------------------------------------------------------------------
0: 100.0 ['thirdtest', 'eighthtest']
1: 102.0 ['firsttest', 'sixthtest']
2: 98.0 ['fourthtest', 'seventhtest']
3: 99.0 ['secondtest', 'fifthtest']
--------------------------------------------------------------------------------
firsttest: ([(0, 1, 1298110000000L, 1)], [(False, True, False, False)])
secondtest: ([(0, 1, 1295130000000L, 3)], [(False, False, False, True)])
thirdtest: ([(0, 1, 1294800000000L, 0)], [(True, False, False, False)])
fourthtest: ([(0, 1, 1300690000000L, 2)], [(False, False, True, False)])
fifthtest: ([(0, 1, 1166940000000L, 3)], [(False, False, False, True)])
sixthtest: ([(0, 1, 1168040000000L, 1)], [(False, True, False, False)])
seventhtest: ([(0, 1, 1176050000000L, 2)], [(False, False, True, False)])
eighthtest: ([(0, 1, 1166920000000L, 0)], [(True, False, False, False)])
--------------------------------------------------------------------------------
0: 97.0 ['thirdtest', 'eighthtest']
1: 100.0 ['firsttest', 'sixthtest']
2: 99.0 ['fourthtest', 'seventhtest']
3: 98.0 ['secondtest', 'fifthtest']
--------------------------------------------------------------------------------
firsttest: ([(0, 1, 1298600000000L, 1)], [(False, True, False, False)])
secondtest: ([(0, 1, 1295610000000L, 3)], [(False, False, False, True)])
thirdtest: ([(0, 1, 1295290000000L, 0)], [(True, False, False, False)])
fourthtest: ([(0, 1, 1301180000000L, 2)], [(False, False, True, False)])
fifthtest: ([(0, 1, 1167430000000L, 3)], [(False, False, False, True)])
sixthtest: ([(0, 1, 1168530000000L, 1)], [(False, True, False, False)])
seventhtest: ([(0, 1, 1176550000000L, 2)], [(False, False, True, False)])
eighthtest: ([(0, 1, 1167420000000L, 0)], [(True, False, False, False)])
--------------------------------------------------------------------------------
0: 99.0 ['thirdtest', 'eighthtest']
1: 98.0 ['firsttest', 'sixthtest']
2: 99.0 ['fourthtest', 'seventhtest']
3: 97.0 ['secondtest', 'fifthtest']
--------------------------------------------------------------------------------
firsttest: ([(0, 1, 1299100000000L, 1)], [(False, True, False, False)])
secondtest: ([(0, 1, 1296090000000L, 3)], [(False, False, False, True)])
thirdtest: ([(0, 1, 1295780000000L, 0)], [(True, False, False, False)])
fourthtest: ([(0, 1, 1301690000000L, 2)], [(False, False, True, False)])
fifthtest: ([(0, 1, 1167920000000L, 3)], [(False, False, False, True)])
sixthtest: ([(0, 1, 1169040000000L, 1)], [(False, True, False, False)])
seventhtest: ([(0, 1, 1177050000000L, 2)], [(False, False, True, False)])
eighthtest: ([(0, 1, 1167910000000L, 0)], [(True, False, False, False)])
--------------------------------------------------------------------------------
0: 98.0 ['thirdtest', 'eighthtest']
1: 101.0 ['firsttest', 'sixthtest']
2: 101.0 ['fourthtest', 'seventhtest']
3: 97.0 ['secondtest', 'fifthtest']
--------------------------------------------------------------------------------
firsttest: ([(0, 1, 1299610000000L, 1)], [(False, True, False, False)])
secondtest: ([(0, 1, 1296600000000L, 3)], [(False, False, False, True)])
thirdtest: ([(0, 1, 1296280000000L, 0)], [(True, False, False, False)])
fourthtest: ([(0, 1, 1302180000000L, 2)], [(False, False, True, False)])
fifthtest: ([(0, 1, 1168420000000L, 3)], [(False, False, False, True)])
sixthtest: ([(0, 1, 1169540000000L, 1)],