Script started on Mon 08 Oct 2018 07:10:23 AM UTC
]0;prashant@Ubuntu1404: ~/omscs/6210/hw1/test/cpuprashant@Ubuntu1404:~/omscs/6210/hw1/test/cpu$ ./monitor.py 
firsttest: ([(0, 1, 1033670000000L, 3)], [(False, False, False, True)])
secondtest: ([(0, 1, 1031150000000L, 1)], [(False, True, False, False)])
thirdtest: ([(0, 1, 1028890000000L, 0)], [(True, False, False, False)])
fourthtest: ([(0, 1, 1037320000000L, 2)], [(False, False, True, False)])
fifthtest: ([(0, 1, 903240000000L, 0)], [(True, False, False, False)])
sixthtest: ([(0, 1, 903580000000L, 3)], [(False, False, False, True)])
seventhtest: ([(0, 1, 911660000000L, 1)], [(False, True, False, False)])
eighthtest: ([(0, 1, 903300000000L, 2)], [(False, False, True, False)])
--------------------------------------------------------------------------------
0: 0.0 []
1: 0.0 []
2: 0.0 []
3: 0.0 []
--------------------------------------------------------------------------------
firsttest: ([(0, 1, 1033670000000L, 3)], [(False, False, False, True)])
secondtest: ([(0, 1, 1031150000000L, 1)], [(False, True, False, False)])
thirdtest: ([(0, 1, 1028890000000L, 0)], [(True, False, False, False)])
fourthtest: ([(0, 1, 1037320000000L, 2)], [(False, False, True, False)])
fifthtest: ([(0, 1, 903240000000L, 0)], [(True, False, False, False)])
sixthtest: ([(0, 1, 903590000000L, 3)], [(False, False, False, True)])
seventhtest: ([(0, 1, 911670000000L, 1)], [(False, True, False, False)])
eighthtest: ([(0, 1, 903310000000L, 2)], [(False, False, True, False)])
--------------------------------------------------------------------------------
0: 0.0 ['thirdtest', 'fifthtest']
1: 1.0 ['secondtest', 'seventhtest']
2: 1.0 ['fourthtest', 'eighthtest']
3: 1.0 ['firsttest', 'sixthtest']
--------------------------------------------------------------------------------
firsttest: ([(0, 1, 1033670000000L, 3)], [(False, False, False, True)])
secondtest: ([(0, 1, 1031150000000L, 1)], [(False, True, False, False)])
thirdtest: ([(0, 1, 1028900000000L, 0)], [(True, False, False, False)])
fourthtest: ([(0, 1, 1037320000000L, 2)], [(False, False, True, False)])
fifthtest: ([(0, 1, 903240000000L, 0)], [(True, False, False, False)])
sixthtest: ([(0, 1, 903590000000L, 3)], [(False, False, False, True)])
seventhtest: ([(0, 1, 911670000000L, 1)], [(False, True, False, False)])
eighthtest: ([(0, 1, 903310000000L, 2)], [(False, False, True, False)])
--------------------------------------------------------------------------------
0: 1.0 ['thirdtest', 'fifthtest']
1: 0.0 ['secondtest', 'seventhtest']
2: 0.0 ['fourthtest', 'eighthtest']
3: 0.0 ['firsttest', 'sixthtest']
--------------------------------------------------------------------------------
firsttest: ([(0, 1, 1033670000000L, 3)], [(False, False, False, True)])
secondtest: ([(0, 1, 1031150000000L, 1)], [(False, True, False, False)])
thirdtest: ([(0, 1, 1028900000000L, 0)], [(True, False, False, False)])
fourthtest: ([(0, 1, 1037320000000L, 2)], [(False, False, True, False)])
fifthtest: ([(0, 1, 903240000000L, 0)], [(True, False, False, False)])
sixthtest: ([(0, 1, 903600000000L, 3)], [(False, False, False, True)])
seventhtest: ([(0, 1, 911670000000L, 1)], [(False, True, False, False)])
eighthtest: ([(0, 1, 903310000000L, 2)], [(False, False, True, False)])
--------------------------------------------------------------------------------
0: 0.0 ['thirdtest', 'fifthtest']
1: 0.0 ['secondtest', 'seventhtest']
2: 0.0 ['fourthtest', 'eighthtest']
3: 1.0 ['firsttest', 'sixthtest']
--------------------------------------------------------------------------------
firsttest: ([(0, 1, 1033670000000L, 3)], [(False, False, False, True)])
secondtest: ([(0, 1, 1031150000000L, 1)], [(False, True, False, False)])
thirdtest: ([(0, 1, 1028900000000L, 0)], [(True, False, False, False)])
fourthtest: ([(0, 1, 1037320000000L, 2)], [(False, False, True, False)])
fifthtest: ([(0, 1, 903240000000L, 0)], [(True, False, False, False)])
sixthtest: ([(0, 1, 903600000000L, 3)], [(False, False, False, True)])
seventhtest: ([(0, 1, 911670000000L, 1)], [(False, True, False, False)])
eighthtest: ([(0, 1, 903310000000L, 2)], [(False, False, True, False)])
--------------------------------------------------------------------------------
0: 0.0 ['thirdtest', 'fifthtest']
1: 0.0 ['secondtest', 'seventhtest']
2: 0.0 ['fourthtest', 'eighthtest']
3: 0.0 ['firsttest', 'sixthtest']
--------------------------------------------------------------------------------
firsttest: ([(0, 1, 1033670000000L, 3)], [(False, False, False, True)])
secondtest: ([(0, 1, 1031150000000L, 1)], [(False, True, False, False)])
thirdtest: ([(0, 1, 1028900000000L, 0)], [(True, False, False, False)])
fourthtest: ([(0, 1, 1037320000000L, 2)], [(False, False, True, False)])
fifthtest: ([(0, 1, 903240000000L, 0)], [(True, False, False, False)])
sixthtest: ([(0, 1, 903600000000L, 3)], [(False, False, False, True)])
seventhtest: ([(0, 1, 911670000000L, 1)], [(False, True, False, False)])
eighthtest: ([(0, 1, 903310000000L, 2)], [(False, False, True, False)])
--------------------------------------------------------------------------------
0: 0.0 ['thirdtest', 'fifthtest']
1: 0.0 ['secondtest', 'seventhtest']
2: 0.0 ['fourthtest', 'eighthtest']
3: 0.0 ['firsttest', 'sixthtest']
--------------------------------------------------------------------------------
firsttest: ([(0, 1, 1033670000000L, 3)], [(False, False, False, True)])
secondtest: ([(0, 1, 1031150000000L, 1)], [(False, True, False, False)])
thirdtest: ([(0, 1, 1028900000000L, 0)], [(True, False, False, False)])
fourthtest: ([(0, 1, 1037320000000L, 2)], [(False, False, True, False)])
fifthtest: ([(0, 1, 903240000000L, 0)], [(True, False, False, False)])
sixthtest: ([(0, 1, 903600000000L, 3)], [(False, False, False, True)])
seventhtest: ([(0, 1, 911680000000L, 1)], [(False, True, False, False)])
eighthtest: ([(0, 1, 903310000000L, 2)], [(False, False, True, False)])
--------------------------------------------------------------------------------
0: 0.0 ['thirdtest', 'fifthtest']
1: 1.0 ['secondtest', 'seventhtest']
2: 0.0 ['fourthtest', 'eighthtest']
3: 0.0 ['firsttest', 'sixthtest']
--------------------------------------------------------------------------------
firsttest: ([(0, 1, 1033680000000L, 3)], [(False, False, False, True)])
secondtest: ([(0, 1, 1031150000000L, 1)], [(False, True, False, False)])
thirdtest: ([(0, 1, 1028900000000L, 0)], [(True, False, False, False)])
fourthtest: ([(0, 1, 1037330000000L, 2)], [(False, False, True, False)])
fifthtest: ([(0, 1, 903250000000L, 0)], [(True, False, False, False)])
sixthtest: ([(0, 1, 903610000000L, 3)], [(False, False, False, True)])
seventhtest: ([(0, 1, 911680000000L, 1)], [(False, True, False, False)])
eighthtest: ([(0, 1, 903320000000L, 2)], [(False, False, True, False)])
--------------------------------------------------------------------------------
0: 1.0 ['thirdtest', 'fifthtest']
1: 0.0 ['secondtest', 'seventhtest']
2: 2.0 ['fourthtest', 'eighthtest']
3: 2.0 ['firsttest', 'sixthtest']
--------------------------------------------------------------------------------
firsttest: ([(0, 1, 1033680000000L, 3)], [(False, False, False, True)])
secondtest: ([(0, 1, 1031150000000L, 1)], [(False, True, False, False)])
thirdtest: ([(0, 1, 1028900000000L, 0)], [(True, False, False, False)])
fourthtest: ([(0, 1, 1037330000000L, 2)], [(False, False, True, False)])
fifthtest: ([(0, 1, 903250000000L, 0)], [(True, False, False, False)])
sixthtest: ([(0, 1, 903610000000L, 3)], [(False, False, False, True)])
seventhtest: ([(0, 1, 911680000000L, 1)], [(False, True, False, False)])
eighthtest: ([(0, 1, 903320000000L, 2)], [(False, False, True, False)])
--------------------------------------------------------------------------------
0: 0.0 ['thirdtest', 'fifthtest']
1: 0.0 ['secondtest', 'seventhtest']
2: 0.0 ['fourthtest', 'eighthtest']
3: 0.0 ['firsttest', 'sixthtest']
--------------------------------------------------------------------------------
firsttest: ([(0, 1, 1033690000000L, 3)], [(False, False, False, True)])
secondtest: ([(0, 1, 1031160000000L, 1)], [(False, True, False, False)])
thirdtest: ([(0, 1, 1028900000000L, 0)], [(True, False, False, False)])
fourthtest: ([(0, 1, 1037330000000L, 2)], [(False, False, True, False)])
fifthtest: ([(0, 1, 903250000000L, 0)], [(True, False, False, False)])
sixthtest: ([(0, 1, 903610000000L, 3)], [(False, False, False, True)])
seventhtest: ([(0, 1, 911680000000L, 1)], [(False, True, False, False)])
eighthtest: ([(0, 1, 903320000000L, 2)], [(False, False, True, False)])
--------------------------------------------------------------------------------
0: 0.0 ['thirdtest', 'fifthtest']
1: 1.0 ['secondtest', 'seventhtest']
2: 0.0 ['fourthtest', 'eighthtest']
3: 1.0 ['firsttest', 'sixthtest']
--------------------------------------------------------------------------------
firsttest: ([(0, 1, 1033690000000L, 3)], [(False, False, False, True)])
secondtest: ([(0, 1, 1031160000000L, 1)], [(False, True, False, False)])
thirdtest: ([(0, 1, 1028910000000L, 0)], [(True, False, False, False)])
fourthtest: ([(0, 1, 1037330000000L, 2)], [(False, False, True, False)])
fifthtest: ([(0, 1, 903250000000L, 0)], [(True, False, False, False)])
sixthtest: ([(0, 1, 903610000000L, 3)], [(False, False, False, True)])
seventhtest: ([(0, 1, 911680000000L, 1)], [(False, True, False, False)])
eighthtest: ([(0, 1, 903320000000L, 2)], [(False, False, True, False)])
--------------------------------------------------------------------------------
0: 1.0 ['thirdtest', 'fifthtest']
1: 0.0 ['secondtest', 'seventhtest']
2: 0.0 ['fourthtest', 'eighthtest']
3: 0.0 ['firsttest', 'sixthtest']
--------------------------------------------------------------------------------
firsttest: ([(0, 1, 1033690000000L, 3)], [(False, False, False, True)])
secondtest: ([(0, 1, 1031170000000L, 1)], [(False, True, False, False)])
thirdtest: ([(0, 1, 1028910000000L, 0)], [(True, False, False, False)])
fourthtest: ([(0, 1, 1037340000000L, 2)], [(False, False, True, False)])
fifthtest: ([(0, 1, 903250000000L, 0)], [(True, False, False, False)])
sixthtest: ([(0, 1, 903610000000L, 3)], [(False, False, False, True)])
seventhtest: ([(0, 1, 911680000000L, 1)], [(False, True, False, False)])
eighthtest: ([(0, 1, 903320000000L, 2)], [(False, False, True, False)])
--------------------------------------------------------------------------------
0: 0.0 ['thirdtest', 'fifthtest']
1: 1.0 ['secondtest', 'seventhtest']
2: 1.0 ['fourthtest', 'eighthtest']
3: 0.0 ['firsttest', 'sixthtest']
--------------------------------------------------------------------------------
firsttest: ([(0, 1, 1033690000000L, 0)], [(True, False, False, False)])
secondtest: ([(0, 1, 1031170000000L, 0)], [(True, False, False, False)])
thirdtest: ([(0, 1, 1028910000000L, 0)], [(True, False, False, False)])
fourthtest: ([(0, 1, 1037340000000L, 0)], [(True, False, False, False)])
fifthtest: ([(0, 1, 903260000000L, 0)], [(True, False, False, False)])
sixthtest: ([(0, 1, 903610000000L, 0)], [(True, False, False, False)])
seventhtest: ([(0, 1, 911690000000L, 0)], [(True, False, False, False)])
eighthtest: ([(0, 1, 903330000000L, 0)], [(True, False, False, False)])
--------------------------------------------------------------------------------
0: 3.0 ['firsttest', 'secondtest', 'thirdtest', 'fourthtest', 'fifthtest', 'sixthtest', 'seventhtest', 'eighthtest']
1: 0.0 []
2: 0.0 []
3: 0.0 []
--------------------------------------------------------------------------------
firsttest: ([(0, 1, 1033730000000L, 0)], [(True, False, False, False)])
secondtest: ([(0, 1, 1031210000000L, 0)], [(True, False, False, False)])
thirdtest: ([(0, 1, 1028960000000L, 0)], [(True, False, False, False)])
fourthtest: ([(0, 1, 1037390000000L, 0)], [(True, False, False, False)])
fifthtest: ([(0, 1, 903300000000L, 0)], [(True, False, False, False)])
sixthtest: ([(0, 1, 903670000000L, 0)], [(True, False, False, False)])
seventhtest: ([(0, 1, 911740000000L, 0)], [(True, False, False, False)])
eighthtest: ([(0, 1, 903370000000L, 0)], [(True, False, False, False)])
--------------------------------------------------------------------------------
0: 37.0 ['firsttest', 'secondtest', 'thirdtest', 'fourthtest', 'fifthtest', 'sixthtest', 'seventhtest', 'eighthtest']
1: 0.0 []
2: 0.0 []
3: 0.0 []
--------------------------------------------------------------------------------
firsttest: ([(0, 1, 1033860000000L, 0)], [(True, False, False, False)])
secondtest: ([(0, 1, 1031340000000L, 0)], [(True, False, False, False)])
thirdtest: ([(0, 1, 1029090000000L, 0)], [(True, False, False, False)])
fourthtest: ([(0, 1, 1037520000000L, 0)], [(True, False, False, False)])
fifthtest: ([(0, 1, 903430000000L, 0)], [(True, False, False, False)])
sixthtest: ([(0, 1, 903800000000L, 0)], [(True, False, False, False)])
seventhtest: ([(0, 1, 911860000000L, 0)], [(True, False, False, False)])
eighthtest: ([(0, 1, 903500000000L, 0)], [(True, False, False, False)])
--------------------------------------------------------------------------------
0: 103.0 ['firsttest', 'secondtest', 'thirdtest', 'fourthtest', 'fifthtest', 'sixthtest', 'seventhtest', 'eighthtest']
1: 0.0 []
2: 0.0 []
3: 0.0 []
--------------------------------------------------------------------------------
firsttest: ([(0, 1, 1033990000000L, 0)], [(True, False, False, False)])
secondtest: ([(0, 1, 1031470000000L, 0)], [(True, False, False, False)])
thirdtest: ([(0, 1, 1029210000000L, 0)], [(True, False, False, False)])
fourthtest: ([(0, 1, 1037650000000L, 0)], [(True, False, False, False)])
fifthtest: ([(0, 1, 903550000000L, 0)], [(True, False, False, False)])
sixthtest: ([(0, 1, 903920000000L, 0)], [(True, False, False, False)])
seventhtest: ([(0, 1, 911990000000L, 0)], [(True, False, False, False)])
eighthtest: ([(0, 1, 903620000000L, 0)], [(True, False, False, False)])
--------------------------------------------------------------------------------
0: 100.0 ['firsttest', 'secondtest', 'thirdtest', 'fourthtest', 'fifthtest', 'sixthtest', 'seventhtest', 'eighthtest']
1: 0.0 []
2: 0.0 []
3: 0.0 []
--------------------------------------------------------------------------------
firsttest: ([(0, 1, 1034120000000L, 0)], [(True, False, False, False)])
secondtest: ([(0, 1, 1031600000000L, 0)], [(True, False, False, False)])
thirdtest: ([(0, 1, 1029340000000L, 0)], [(True, False, False, False)])
fourthtest: ([(0, 1, 1037770000000L, 0)], [(True, False, False, False)])
fifthtest: ([(0, 1, 903680000000L, 0)], [(True, False, False, False)])
sixthtest: ([(0, 1, 904050000000L, 0)], [(True, False, False, False)])
seventhtest: ([(0, 1, 912110000000L, 0)], [(True, False, False, False)])
eighthtest: ([(0, 1, 903750000000L, 0)], [(True, False, False, False)])
--------------------------------------------------------------------------------
0: 102.0 ['firsttest', 'secondtest', 'thirdtest', 'fourthtest', 'fifthtest', 'sixthtest', 'seventhtest', 'eighthtest']
1: 0.0 []
2: 0.0 []
3: 0.0 []
--------------------------------------------------------------------------------
firsttest: ([(0, 1, 1034240000000L, 0)], [(True, False, False, False)])
secondtest: ([(0, 1, 1031720000000L, 0)], [(True, False, False, False)])
thirdtest: ([(0, 1, 1029470000000L, 0)], [(True, False, False, False)])
fourthtest: ([(0, 1, 1037890000000L, 0)], [(True, False, False, False)])
fifthtest: ([(0, 1, 903810000000L, 0)], [(True, False, False, False)])
sixthtest: ([(0, 1, 904170000000L, 0)], [(True, False, False, False)])
seventhtest: ([(0, 1, 912240000000L, 0)], [(True, False, False, False)])
eighthtest: ([(0, 1, 903880000000L, 0)], [(True, False, False, False)])
--------------------------------------------------------------------------------
0: 100.0 ['firsttest', 'secondtest', 'thirdtest', 'fourthtest', 'fifthtest', 'sixthtest', 'seventhtest', 'eighthtest']
1: 0.0 []
2: 0.0 []
3: 0.0 []
--------------------------------------------------------------------------------
firsttest: ([(0, 1, 1034370000000L, 0)], [(True, False, False, False)])
secondtest: ([(0, 1, 1031840000000L, 0)], [(True, False, False, False)])
thirdtest: ([(0, 1, 1029590000000L, 0)], [(True, False, False, False)])
fourthtest: ([(0, 1, 1038030000000L, 0)], [(True, False, False, False)])
fifthtest: ([(0, 1, 903930000000L, 0)], [(True, False, False, False)])
sixthtest: ([(0, 1, 904300000000L, 0)], [(True, False, False, False)])
seventhtest: ([(0, 1, 912370000000L, 0)], [(True, False, False, False)])
eighthtest: ([(0, 1, 904010000000L, 0)], [(True, False, False, False)])
--------------------------------------------------------------------------------
0: 102.0 ['firsttest', 'secondtest', 'thirdtest', 'fourthtest', 'fifthtest', 'sixthtest', 'seventhtest', 'eighthtest']
1: 0.0 []
2: 0.0 []
3: 0.0 []
--------------------------------------------------------------------------------
firsttest: ([(0, 1, 1034500000000L, 0)], [(True, False, False, False)])
secondtest: ([(0, 1, 1031970000000L, 0)], [(True, False, False, False)])
thirdtest: ([(0, 1, 1029730000000L, 0)], [(True, False, False, False)])
fourthtest: ([(0, 1, 1038150000000L, 0)], [(True, False, False, False)])
fifthtest: ([(0, 1, 904060000000L, 0)], [(True, False, False, False)])
sixthtest: ([(0, 1, 904430000000L, 0)], [(True, False, False, False)])
seventhtest: ([(0, 1, 912490000000L, 0)], [(True, False, False, False)])
eighthtest: ([(0, 1, 904140000000L, 0)], [(True, False, False, False)])
--------------------------------------------------------------------------------
0: 103.0 ['firsttest', 'secondtest', 'thirdtest', 'fourthtest', 'fifthtest', 'sixthtest', 'seventhtest', 'eighthtest']
1: 0.0 []
2: 0.0 []
3: 0.0 []
--------------------------------------------------------------------------------
firsttest: ([(0, 1, 1034630000000L, 0)], [(True, False, False, False)])
secondtest: ([(0, 1, 1032100000000L, 0)], [(True, False, False, False)])
thirdtest: ([(0, 1, 1029850000000L, 0)], [(True, False, False, False)])
fourthtest: ([(0, 1, 1038280000000L, 0)], [(True, False, False, False)])
fifthtest: ([(0, 1, 904190000000L, 0)], [(True, False, False, False)])
sixthtest: ([(0, 1, 904560000000L, 0)], [(True, False, False, False)])
seventhtest: ([(0, 1, 912630000000L, 0)], [(True, False, False, False)])
eighthtest: ([(0, 1, 904270000000L, 0)], [(True, False, False, False)])
--------------------------------------------------------------------------------
0: 104.0 ['firsttest', 'secondtest', 'thirdtest', 'fourthtest', 'fifthtest', 'sixthtest', 'seventhtest', 'eighthtest']
1: 0.0 []
2: 0.0 []
3: 0.0 []
--------------------------------------------------------------------------------
firsttest: ([(0, 1, 1034760000000L, 0)], [(True, False, False, False)])
secondtest: ([(0, 1, 1032230000000L, 0)], [(True, False, False, False)])
thirdtest: ([(0, 1, 1029970000000L, 0)], [(True, False, False, False)])
fourthtest: ([(0, 1, 1038410000000L, 0)], [(True, False, False, False)])
fifthtest: ([(0, 1, 904320000000L, 0)], [(True, False, False, False)])
sixthtest: ([(0, 1, 904680000000L, 0)], [(True, False, False, False)])
seventhtest: ([(0, 1, 912750000000L, 0)], [(True, False, False, False)])
eighthtest: ([(0, 1, 904390000000L, 0)], [(True, False, False, False)])
--------------------------------------------------------------------------------
0: 100.0 ['firsttest', 'secondtest', 'thirdtest', 'fourthtest', 'fifthtest', 'sixthtest', 'seventhtest', 'eighthtest']
1: 0.0 []
2: 0.0 []
3: 0.0 []
--------------------------------------------------------------------------------
firsttest: ([(0, 1, 1034880000000L, 0)], [(True, False, False, False)])
secondtest: ([(0, 1, 1032360000000L, 0)], [(True, False, False, False)])
thirdtest: ([(0, 1, 1030100000000L, 0)], [(True, False, False, False)])
fourthtest: ([(0, 1, 1038540000000L, 0)], [(True, False, False, False)])
fifthtest: ([(0, 1, 904450000000L, 0)], [(True, False, False, False)])
sixthtest: ([(0, 1, 904810000000L, 0)], [(True, False, False, False)])
seventhtest: ([(0, 1, 912880000000L, 0)], [(True, False, False, False)])
eighthtest: ([(0, 1, 904520000000L, 0)], [(True, False, False, False)])
--------------------------------------------------------------------------------
0: 103.0 ['firsttest', 'secondtest', 'thirdtest', 'fourthtest', 'fifthtest', 'sixthtest', 'seventhtest', 'eighthtest']
1: 0.0 []
2: 0.0 []
3: 0.0 []
--------------------------------------------------------------------------------
firsttest: ([(0, 1, 1035000000000L, 0)], [(True, False, False, False)])
secondtest: ([(0, 1, 1032480000000L, 0)], [(True, False, False, False)])
thirdtest: ([(0, 1, 1030230000000L, 0)], [(True, False, False, False)])
fourthtest: ([(0, 1, 1038660000000L, 0)], [(True, False, False, False)])
fifthtest: ([(0, 1, 904570000000L, 0)], [(True, False, False, False)])
sixthtest: ([(0, 1, 904940000000L, 0)], [(True, False, False, False)])
seventhtest: ([(0, 1, 913010000000L, 0)], [(True, False, False, False)])
eighthtest: ([(0, 1, 904640000000L, 0)], [(True, False, False, False)])
--------------------------------------------------------------------------------
0: 99.0 ['firsttest', 'secondtest', 'thirdtest', 'fourthtest', 'fifthtest', 'sixthtest', 'seventhtest', 'eighthtest']
1: 0.0 []
2: 0.0 []
3: 0.0 []
--------------------------------------------------------------------------------
firsttest: ([(0, 1, 1035140000000L, 0)], [(True, False, False, False)])
secondtest: ([(0, 1, 1032610000000L, 0)], [(True, False, False, False)])
thirdtest: ([(0, 1, 1030360000000L, 0)], [(True, False, False, False)])
fourthtest: ([(0, 1, 1038790000000L, 0)], [(True, False, False, False)])
fifthtest: ([(0, 1, 904700000000L, 0)], [(True, False, False, False)])
sixthtest: ([(0, 1, 905060000000L, 0)], [(True, False, False, False)])
seventhtest: ([(0, 1, 913140000000L, 0)], [(True, False, False, False)])
eighthtest: ([(0, 1, 904770000000L, 0)], [(True, False, False, False)])
--------------------------------------------------------------------------------
0: 104.0 ['firsttest', 'secondtest', 'thirdtest', 'fourthtest', 'fifthtest', 'sixthtest', 'seventhtest', 'eighthtest']
1: 0.0 []
2: 0.0 []
3: 0.0 []
--------------------------------------------------------------------------------
firsttest: ([(0, 1, 1035350000000L, 3)], [(False, False, False, True)])
secondtest: ([(0, 1, 1032830000000L, 1)], [(False, True, False, False)])
thirdtest: ([(0, 1, 1030570000000L, 0)], [(True, False, False, False)])
fourthtest: ([(0, 1, 1038990000000L, 2)], [(False, False, True, False)])
fifthtest: ([(0, 1, 904920000000L, 0)], [(True, False, False, False)])
sixthtest: ([(0, 1, 905280000000L, 3)], [(False, False, False, True)])
seventhtest: ([(0, 1, 913350000000L, 1)], [(False, True, False, False)])
eighthtest: ([(0, 1, 904980000000L, 2)], [(False, False, True, False)])
--------------------------------------------------------------------------------
0: 43.0 ['thirdtest', 'fifthtest']
1: 43.0 ['secondtest', 'seventhtest']
2: 41.0 ['fourthtest', 'eighthtest']
3: 43.0 ['firsttest', 'sixthtest']
--------------------------------------------------------------------------------
firsttest: ([(0, 1, 1035850000000L, 3)], [(False, False, False, True)])
secondtest: ([(0, 1, 1033330000000L, 1)], [(False, True, False, False)])
thirdtest: ([(0, 1, 1031070000000L, 0)], [(True, False, False, False)])
fourthtest: ([(0, 1, 1039460000000L, 2)], [(False, False, True, False)])
fifthtest: ([(0, 1, 905420000000L, 0)], [(True, False, False, False)])
sixthtest: ([(0, 1, 905780000000L, 3)], [(False, False, False, True)])
seventhtest: ([(0, 1, 913850000000L, 1)], [(False, True, False, False)])
eighthtest: ([(0, 1, 905460000000L, 2)], [(False, False, True, False)])
--------------------------------------------------------------------------------
0: 100.0 ['thirdtest', 'fifthtest']
1: 100.0 ['secondtest', 'seventhtest']
2: 95.0 ['fourthtest', 'eighthtest']
3: 100.0 ['firsttest', 'sixthtest']
--------------------------------------------------------------------------------
firsttest: ([(0, 1, 1036350000000L, 3)], [(False, False, False, True)])
secondtest: ([(0, 1, 1033840000000L, 1)], [(False, True, False, False)])
thirdtest: ([(0, 1, 1031580000000L, 0)], [(True, False, False, False)])
fourthtest: ([(0, 1, 1039950000000L, 2)], [(False, False, True, False)])
fifthtest: ([(0, 1, 905930000000L, 0)], [(True, False, False, False)])
sixthtest: ([(0, 1, 906280000000L, 3)], [(False, False, False, True)])
seventhtest: ([(0, 1, 914360000000L, 1)], [(False, True, False, False)])
eighthtest: ([(0, 1, 905940000000L, 2)], [(False, False, True, False)])
--------------------------------------------------------------------------------
0: 102.0 ['thirdtest', 'fifthtest']
1: 102.0 ['secondtest', 'seventhtest']
2: 97.0 ['fourthtest', 'eighthtest']
3: 100.0 ['firsttest', 'sixthtest']
--------------------------------------------------------------------------------
firsttest: ([(0, 1, 1036830000000L, 3)], [(False, False, False, True)])
secondtest: ([(0, 1, 1034340000000L, 1)], [(False, True, False, False)])
thirdtest: ([(0, 1, 1032080000000L, 0)], [(True, False, False, False)])
fourthtest: ([(0, 1, 1040430000000L, 2)], [(False, False, True, False)])
fifthtest: ([(0, 1, 906420000000L, 2)], [(False, False, True, False)])
sixthtest: ([(0, 1, 906760000000L, 3)], [(False, False, False, True)])
seventhtest: ([(0, 1, 914860000000L, 1)], [(False, True, False, False)])
eighthtest: ([(0, 1, 906430000000L, 0)], [(True, False, False, False)])
--------------------------------------------------------------------------------
0: 99.0 ['thirdtest', 'eighthtest']
1: 100.0 ['secondtest', 'seventhtest']
2: 97.0 ['fourthtest', 'fifthtest']
3: 96.0 ['firsttest', 'sixthtest']
--------------------------------------------------------------------------------
firsttest: ([(0, 1, 1037310000000L, 3)], [(False, False, False, True)])
secondtest: ([(0, 1, 1034830000000L, 1)], [(False, True, False, False)])
thirdtest: ([(0, 1, 1032580000000L, 0)], [(True, False, False, False)])
fourthtest: ([(0, 1, 1040900000000L, 2)], [(False, False, True, False)])
fifthtest: ([(0, 1, 906890000000L, 0)], [(True, False, False, False)])
sixthtest: ([(0, 1, 907240000000L, 3)], [(False, False, False, True)])
seventhtest: ([(0, 1, 915360000000L, 1)], [(False, True, False, False)])
eighthtest: ([(0, 1, 906920000000L, 2)], [(False, False, True, False)])
--------------------------------------------------------------------------------
0: 97.0 ['thirdtest', 'fifthtest']
1: 99.0 ['secondtest', 'seventhtest']
2: 96.0 ['fourthtest', 'eighthtest']
3: 96.0 ['firsttest', 'sixthtest']
--------------------------------------------------------------------------------
firsttest: ([(0, 1, 1037800000000L, 3)], [(False, False, False, True)])
secondtest: ([(0, 1, 1035340000000L, 1)], [(False, True, False, False)])
thirdtest: ([(0, 1, 1033080000000L, 0)], [(True, False, False, False)])
fourthtest: ([(0, 1, 1041380000000L, 2)], [(False, False, True, False)])
fifthtest: ([(0, 1, 907400000000L, 2)], [(False, False, True, False)])
sixthtest: ([(0, 1, 907720000000L, 3)], [(False, False, False, True)])
seventhtest: ([(0, 1, 915860000000L, 1)], [(False, True, False, False)])
eighthtest: ([(0, 1, 907400000000L, 0)], [(True, False, False, False)])
--------------------------------------------------------------------------------
0: 98.0 ['thirdtest', 'eighthtest']
1: 101.0 ['secondtest', 'seventhtest']
2: 99.0 ['fourthtest', 'fifthtest']
3: 97.0 ['firsttest', 'sixthtest']
--------------------------------------------------------------------------------
firsttest: ([(0, 1, 1038280000000L, 3)], [(False, False, False, True)])
secondtest: ([(0, 1, 1035830000000L, 1)], [(False, True, False, False)])
thirdtest: ([(0, 1, 1033580000000L, 0)], [(True, False, False, False)])
fourthtest: ([(0, 1, 1041880000000L, 2)], [(False, False, True, False)])
fifthtest: ([(0, 1, 907890000000L, 0)], [(True, False, False, False)])
sixthtest: ([(0, 1, 908200000000L, 3)], [(False, False, False, True)])
seventhtest: ([(0, 1, 916360000000L, 1)], [(False, True, False, False)])
eighthtest: ([(0, 1, 907890000000L, 2)], [(False, False, True, False)])
--------------------------------------------------------------------------------
0: 99.0 ['thirdtest', 'fifthtest']
1: 99.0 ['secondtest', 'seventhtest']
2: 99.0 ['fourthtest', 'eighthtest']
3: 96.0 ['firsttest', 'sixthtest']
--------------------------------------------------------------------------------
firsttest: ([(0, 1, 1038760000000L, 3)], [(False, False, False, True)])
secondtest: ([(0, 1, 1036330000000L, 1)], [(False, True, False, False)])
thirdtest: ([(0, 1, 1034080000000L, 0)], [(True, False, False, False)])
fourthtest: ([(0, 1, 1042350000000L, 2)], [(False, False, True, False)])
fifthtest: ([(0, 1, 908390000000L, 2)], [(False, False, True, False)])
sixthtest: ([(0, 1, 908690000000L, 3)], [(False, False, False, True)])
seventhtest: ([(0, 1, 916860000000L, 1)], [(False, True, False, False)])
eighthtest: ([(0, 1, 908380000000L, 0)], [(True, False, False, False)])
--------------------------------------------------------------------------------
0: 99.0 ['thirdtest', 'eighthtest']
1: 100.0 ['secondtest', 'seventhtest']
2: 97.0 ['fourthtest', 'fifthtest']
3: 97.0 ['firsttest', 'sixthtest']
--------------------------------------------------------------------------------
firsttest: ([(0, 1, 1039240000000L, 3)], [(False, False, False, True)])
secondtest: ([(0, 1, 1036830000000L, 1)], [(False, True, False, False)])
thirdtest: ([(0, 1, 1034580000000L, 0)], [(True, False, False, False)])
fourthtest: ([(0, 1, 1042850000000L, 2)], [(False, False, True, False)])
fifthtest: ([(0, 1, 908900000000L, 2)], [(False, False, True, False)])
sixthtest: ([(0, 1, 909170000000L, 3)], [(False, False, False, True)])
seventhtest: ([(0, 1, 917360000000L, 1)], [(False, True, False, False)])
eighthtest: ([(0, 1, 908890000000L, 0)], [(True, False, False, False)])
--------------------------------------------------------------------------------
0: 101.0 ['thirdtest', 'eighthtest']
1: 100.0 ['secondtest', 'seventhtest']
2: 101.0 ['fourthtest', 'fifthtest']
3: 96.0 ['firsttest', 'sixthtest']
--------------------------------------------------------------------------------
firsttest: ([(0, 1, 1039740000000L, 3)], [(False, False, False, True)])
secondtest: ([(0, 1, 1037340000000L, 1)], [(False, True, False, False)])
thirdtest: ([(0, 1, 1035080000000L, 0)], [(True, False, False, False)])
fourthtest: ([(0, 1, 1043340000000L, 2)], [(False, False, True, False)])
fifthtest: ([(0, 1, 909380000000L, 2)], [(False, False, True, False)])
sixthtest: ([(0, 1, 909670000000L, 3)], [(False, False, False, True)])
seventhtest: ([(0, 1, 917860000000L, 1)], [(False, True, False, False)])
eighthtest: ([(0, 1, 909390000000L, 0)], [(True, False, False, False)])
--------------------------------------------------------------------------------
0: 100.0 ['thirdtest', 'eighthtest']
1: 101.0 ['secondtest', 'seventhtest']
2: 97.0 ['fourthtest', 'fifthtest']
3: 100.0 ['firsttest', 'sixthtest']
--------------------------------------------------------------------------------
firsttest: ([(0, 1, 1040230000000L, 3)], [(False, False, False, True)])
secondtest: ([(0, 1, 1037830000000L, 1)], [(False, True, False, False)])
thirdtest: ([(0, 1, 1035580000000L, 0)], [(True, False, False, False)])
fourthtest: ([(0, 1, 1043820000000L, 2)], [(False, False, True, False)])
fifthtest: ([(0, 1, 909860000000L, 0)], [(True, False, False, False)])
sixthtest: ([(0, 1, 910150000000L, 3)], [(False, False, False, True)])
seventhtest: ([(0, 1, 918360000000L, 1)], [(False, True, False, False)])
eighthtest: ([(0, 1, 909880000000L, 2)], [(False, False, True, False)])
--------------------------------------------------------------------------------
0: 98.0 ['thirdtest', 'fifthtest']
1: 99.0 ['secondtest', 'seventhtest']
2: 97.0 ['fourthtest', 'eighthtest']
3: 97.0 ['firsttest', 'sixthtest']
--------------------------------------------------------------------------------
firsttest: ([(0, 1, 1040710000000L, 3)], [(False, False, False, True)])
secondtest: ([(0, 1, 1038340000000L, 1)], [(False, True, False, False)])
thirdtest: ([(0, 1, 1036080000000L, 0)], [(True, False, False, False)])
fourthtest: ([(0, 1, 1044310000000L, 2)], [(False, False, True, False)])
fifthtest: ([(0, 1, 910360000000L, 0)], [(True, False, False, False)])
sixthtest: ([(0, 1, 910630000000L, 3)], [(False, False, False, True)])
seventhtest: ([(0, 1, 918860000000L, 1)], [(False, True, False, False)])
eighthtest: ([(0, 1, 910370000000L, 2)], [(False, False, True, False)])
--------------------------------------------------------------------------------
0: 100.0 ['thirdtest', 'fifthtest']
1: 101.0 ['secondtest', 'seventhtest']
2: 98.0 ['fourthtest', 'eighthtest']
3: 96.0 ['firsttest', 'sixthtest']
--------------------------------------------------------------------------------
firsttest: ([(0, 1, 1041200000000L, 3)], [(False, False, False, True)])
secondtest: ([(0, 1, 1038840000000L, 1)], [(False, True, False, False)])
thirdtest: ([(0, 1, 1036580000000L, 0)], [(True, False, False, False)])
fourthtest: ([(0, 1, 1044780000000L, 2)], [(False, False, True, False)])
fifthtest: ([(0, 1, 910850000000L, 2)], [(False, False, True, False)])
sixthtest: ([(0, 1, 911130000000L, 3)], [(False, False, False, True)])
seventhtest: ([(0, 1, 919350000000L, 1)], [(False, True, False, False)])
eighthtest: ([(0, 1, 910850000000L, 0)], [(True, False, False, False)])
--------------------------------------------------------------------------------
0: 98.0 ['thirdtest', 'eighthtest']
1: 99.0 ['secondtest', 'seventhtest']
2: 96.0 ['fourthtest', 'fifthtest']
3: 99.0 ['firsttest', 'sixthtest']
--------------------------------------------------------------------------------
firsttest: ([(0, 1, 1041690000000L, 3)], [(False, False, False, True)])
secondtest: ([(0, 1, 1039340000000L, 1)], [(False, True, False, False)])
thirdtest: ([(0, 1, 1037080000000L, 0)], [(True, False, False, False)])
fourthtest: ([(0, 1, 1045270000000L, 2)], [(False, False, True, False)])
fifthtest: ([(0, 1, 911340000000L, 0)], [(True, False, False, False)])
sixthtest: ([(0, 1, 911610000000L, 3)], [(False, False, False, True)])
seventhtest: ([(0, 1, 919860000000L, 1)], [(False, True, False, False)])
eighthtest: ([(0, 1, 911360000000L, 2)], [(False, False, True, False)])
--------------------------------------------------------------------------------
0: 99.0 ['thirdtest', 'fifthtest']
1: 101.0 ['secondtest', 'seventhtest']
2: 100.0 ['fourthtest', 'eighthtest']
3: 97.0 ['firsttest', 'sixthtest']
--------------------------------------------------------------------------------
firsttest: ([(0, 1, 1042170000000L, 3)], [(False, False, False, True)])
secondtest: ([(0, 1, 1039840000000L, 1)], [(False, True, False, False)])
thirdtest: ([(0, 1, 1037580000000L, 0)], [(True, False, False, False)])
fourthtest: ([(0, 1, 1045760000000L, 2)], [(False, False, True, False)])
fifthtest: ([(0, 1, 911840000000L, 2)], [(False, False, True, False)])
sixthtest: ([(0, 1, 912100000000L, 3)], [(False, False, False, True)])
seventhtest: ([(0, 1, 920360000000L, 1)], [(False, True, False, False)])
eighthtest: ([(0, 1, 911840000000L, 0)], [(True, False, False, False)])
--------------------------------------------------------------------------------
0: 98.0 ['thirdtest', 'eighthtest']
1: 100.0 ['secondtest', 'seventhtest']
2: 99.0 ['fourthtest', 'fifthtest']
3: 97.0 ['firsttest', 'sixthtest']
--------------------------------------------------------------------------------
firsttest: ([(0, 1, 1042650000000L, 3)], [(False, False, False, True)])
secondtest: ([(0, 1, 1040340000000L, 1)], [(False, True, False, False)])
thirdtest: ([(0, 1, 1038080000000L, 0)], [(True, False, False, False)])
fourthtest: ([(0, 1, 1046260000000L, 2)], [(False, False, True, False)])
fifthtest: ([(0, 1, 912340000000L, 2)], [(False, False, True, False)])
sixthtest: ([(0, 1, 912580000000L, 3)], [(False, False, False, True)])
seventhtest: ([(0, 1, 920860000000L, 1)], [(False, True, False, False)])
eighthtest: ([(0, 1, 912350000000L, 0)], [(True, False, False, False)])
--------------------------------------------------------------------------------
0: 101.0 ['thirdtest', 'eighthtest']
1: 100.0 ['secondtest', 'seventhtest']
2: 100.0 ['fourthtest', 'fifthtest']
3: 96.0 ['firsttest', 'sixthtest']
--------------------------------------------------------------------------------
firsttest: ([(0, 1, 1043140000000L, 3)], [(False, False, False, True)])
secondtest: ([(0, 1, 1040840000000L, 1)], [(False, True, False, False)])
thirdtest: ([(0, 1, 1038580000000L, 0)], [(True, False, False, False)])
fourthtest: ([(0, 1, 1046730000000L, 2)], [(False, False, True, False)])
fifthtest: ([(0, 1, 912830000000L, 2)], [(False, False, True, False)])
sixthtest: ([(0, 1, 913060000000L, 3)], [(False, False, False, True)])
seventhtest: ([(0, 1, 921350000000L, 1)], [(False, True, False, False)])
eighthtest: ([(0, 1, 912840000000L, 0)], [(True, False, False, False)])
--------------------------------------------------------------------------------
0: 99.0 ['thirdtest', 'eighthtest']
1: 99.0 ['secondtest', 'seventhtest']
2: 96.0 ['fourthtest', 'fifthtest']
3: 97.0 ['firsttest', 'sixthtest']
--------------------------------------------------------------------------------
firsttest: ([(0, 1, 1043640000000L, 3)], [(False, False, False, True)])
secondtest: ([(0, 1, 1041330000000L, 1)], [(False, True, False, False)])
thirdtest: ([(0, 1, 1039070000000L, 0)], [(True, False, False, False)])
fourthtest: ([(0, 1, 1047210000000L, 2)], [(False, False, True, False)])
fifthtest: ([(0, 1, 913300000000L, 0)], [(True, False, False, False)])
sixthtest: ([(0, 1, 913560000000L, 3)], [(False, False, False, True)])
seventhtest: ([(0, 1, 921850000000L, 1)], [(False, True, False, False)])
eighthtest: ([(0, 1, 913330000000L, 2)], [(False, False, True, False)])
--------------------------------------------------------------------------------
0: 96.0 ['thirdtest', 'fifthtest']
1: 99.0 ['secondtest', 'seventhtest']
2: 97.0 ['fourthtest', 'eighthtest']
3: 100.0 ['firsttest', 'sixthtest']
--------------------------------------------------------------------------------
firsttest: ([(0, 1, 1044130000000L, 3)], [(False, False, False, True)])
secondtest: ([(0, 1, 1041840000000L, 1)], [(False, True, False, False)])
thirdtest: ([(0, 1, 1039570000000L, 0)], [(True, False, False, False)])
fourthtest: ([(0, 1, 1047690000000L, 2)], [(False, False, True, False)])
fifthtest: ([(0, 1, 913810000000L, 2)], [(False, False, True, False)])
sixthtest: ([(0, 1, 914050000000L, 3)], [(False, False, False, True)])
seventhtest: ([(0, 1, 922360000000L, 1)], [(False, True, False, False)])
eighthtest: ([(0, 1, 913810000000L, 0)], [(True, False, False, False)])
--------------------------------------------------------------------------------
0: 98.0 ['thirdtest', 'eighthtest']
1: 102.0 ['secondtest', 'seventhtest']
2: 99.0 ['fourthtest', 'fifthtest']
3: 98.0 ['firsttest', 'sixthtest']
--------------------------------------------------------------------------------
firsttest: ([(0, 1, 1044620000000L, 3)], [(False, False, False, True)])
secondtest: ([(0, 1, 1042340000000L, 1)], [(False, True, False, False)])
thirdtest: ([(0, 1, 1040070000000L, 0)], [(True, False, False, False)])
fourthtest: ([(0, 1, 1048170000000L, 2)], [(False, False, True, False)])
fifthtest: ([(0, 1, 914280000000L, 0)], [(True, False, False, False)])
sixthtest: ([(0, 1, 914540000000L, 3)], [(False, False, False, True)])
seventhtest: ([(0, 1, 922860000000L, 1)], [(False, True, False, False)])
eighthtest: ([(0, 1, 914310000000L, 2)], [(False, False, True, False)])
--------------------------------------------------------------------------------
0: 97.0 ['thirdtest', 'fifthtest']
1: 100.0 ['secondtest', 'seventhtest']
2: 98.0 ['fourthtest', 'eighthtest']
3: 98.0 ['firsttest', 'sixthtest']
--------------------------------------------------------------------------------
firsttest: ([(0, 1, 1045110000000L, 3)], [(False, False, False, True)])
secondtest: ([(0, 1, 1042840000000L, 1)], [(False, True, False, False)])
thirdtest: ([(0, 1, 1040570000000L, 0)], [(True, False, False, False)])
fourthtest: ([(0, 1, 1048640000000L, 2)], [(False, False, True, False)])
fifthtest: ([(0, 1, 914790000000L, 0)], [(True, False, False, False)])
sixthtest: ([(0, 1, 915030000000L, 3)], [(False, False, False, True)])
seventhtest: ([(0, 1, 923360000000L, 1)], [(False, True, False, False)])
eighthtest: ([(0, 1, 914780000000L, 2)], [(False, False, True, False)])
--------------------------------------------------------------------------------
0: 101.0 ['thirdtest', 'fifthtest']
1: 100.0 ['secondtest', 'seventhtest']
2: 94.0 ['fourthtest', 'eighthtest']
3: 98.0 ['firsttest', 'sixthtest']
--------------------------------------------------------------------------------
firsttest: ([(0, 1, 1045590000000L, 3)], [(False, False, False, True)])
secondtest: ([(0, 1, 1043340000000L, 1)], [(False, True, False, False)])
thirdtest: ([(0, 1, 1041070000000L, 0)], [(True, False, False, False)])
fourthtest: ([(0, 1, 1049120000000L, 2)], [(False, False, True, False)])
fifthtest: ([(0, 1, 915280000000L, 2)], [(False, False, True, False)])
sixthtest: ([(0, 1, 915520000000L, 3)], [(False, False, False, True)])
seventhtest: ([(0, 1, 923860000000L, 1)], [(False, True, False, False)])
eighthtest: ([(0, 1, 915270000000L, 0)], [(True, False, False, False)])
--------------------------------------------------------------------------------
0: 99.0 ['thirdtest', 'eighthtest']
1: 100.0 ['secondtest', 'seventhtest']
2: 97.0 ['fourthtest', 'fifthtest']
3: 97.0 ['firsttest', 'sixthtest']
--------------------------------------------------------------------------------
firsttest: ([(0, 1, 1046080000000L, 3)], [(False, False, False, True)])
secondtest: ([(0, 1, 1043840000000L, 1)], [(False, True, False, False)])
thirdtest: ([(0, 1, 1041570000000L, 0)], [(True, False, False, False)])
fourthtest: ([(0, 1, 1049610000000L, 2)], [(False, False, True, False)])
fifthtest: ([(0, 1, 915760000000L, 2)], [(False, False, True, False)])
sixthtest: ([(0, 1, 916000000000L, 3)], [(False, False, False, True)])
seventhtest: ([(0, 1, 924360000000L, 1)], [(False, True, False, False)])
eighthtest: ([(0, 1, 915760000000L, 0)], [(True, False, False, False)])
--------------------------------------------------------------------------------
0: 99.0 ['thirdtest', 'eighthtest']
1: 100.0 ['secondtest', 'seventhtest']
2: 97.0 ['fourthtest', 'fifthtest']
3: 97.0 ['firsttest', 'sixthtest']
--------------------------------------------------------------------------------
firsttest: ([(0, 1, 1046560000000L, 3)], [(False, False, False, True)])
secondtest: ([(0, 1, 1044330000000L, 1)], [(False, True, False, False)])
thirdtest: ([(0, 1, 1042060000000L, 0)], [(True, False, False, False)])
fourthtest: ([(0, 1, 1050090000000L, 2)], [(False, False, True, False)])
fifthtest: ([(0, 1, 916250000000L, 0)], [(True, False, False, False)])
sixthtest: ([(0, 1, 916490000000L, 3)], [(False, False, False, True)])
seventhtest: ([(0, 1, 924850000000L, 1)], [(False, True, False, False)])
eighthtest: ([(0, 1, 916260000000L, 2)], [(False, False, True, False)])
--------------------------------------------------------------------------------
0: 98.0 ['thirdtest', 'fifthtest']
1: 98.0 ['secondtest', 'seventhtest']
2: 98.0 ['fourthtest', 'eighthtest']
3: 97.0 ['firsttest', 'sixthtest']
--------------------------------------------------------------------------------
firsttest: ([(0, 1, 1047060000000L, 3)], [(False, False, False, True)])
secondtest: ([(0, 1, 1044830000000L, 1)], [(False, True, False, False)])
thirdtest: ([(0, 1, 1042570000000L, 0)], [(True, False, False, False)])
fourthtest: ([(0, 1, 1050570000000L, 2)], [(False, False, True, False)])
fifthtest: ([(0, 1, 916750000000L, 2)], [(False, False, True, False)])
sixthtest: ([(0, 1, 916980000000L, 3)], [(False, False, False, True)])
seventhtest: ([(0, 1, 925350000000L, 1)], [(False, True, False, False)])
eighthtest: ([(0, 1, 916750000000L, 0)], [(True, False, False, False)])
--------------------------------------------------------------------------------
0: 100.0 ['thirdtest', 'eighthtest']
1: 100.0 ['secondtest', 'seventhtest']
2: 98.0 ['fourthtest', 'fifthtest']
3: 99.0 ['firsttest', 'sixthtest']
--------------------------------------------------------------------------------
firsttest: ([(0, 1, 1047530000000L, 3)], [(False, False, False, True)])
secondtest: ([(0, 1, 1045330000000L, 1)], [(False, True, False, False)])
thirdtest: ([(0, 1, 1043050000000L, 0)], [(True, False, False, False)])
fourthtest: ([(0, 1, 1051060000000L, 2)], [(False, False, True, False)])
fifthtest: ([(0, 1, 917230000000L, 2)], [(False, False, True, False)])
sixthtest: ([(0, 1, 917460000000L, 3)], [(False, False, False, True)])
seventhtest: ([(0, 1, 925850000000L, 1)], [(False, True, False, False)])
eighthtest: ([(0, 1, 917240000000L, 0)], [(True, False, False, False)])
--------------------------------------------------------------------------------
0: 97.0 ['thirdtest', 'eighthtest']
1: 100.0 ['secondtest', 'seventhtest']
2: 97.0 ['fourthtest', 'fifthtest']
3: 95.0 ['firsttest', 'sixthtest']
--------------------------------------------------------------------------------
firsttest: ([(0, 1, 1048010000000L, 3)], [(False, False, False, True)])
secondtest: ([(0, 1, 1045830000000L, 1)], [(False, True, False, False)])
thirdtest: ([(0, 1, 1043550000000L, 0)], [(True, False, False, False)])
fourthtest: ([(0, 1, 1051540000000L, 2)], [(False, False, True, False)])
fifthtest: ([(0, 1, 917720000000L, 0)], [(True, False, False, False)])
sixthtest: ([(0, 1, 917940000000L, 3)], [(False, False, False, True)])
seventhtest: ([(0, 1, 926350000000L, 1)], [(False, True, False, False)])
eighthtest: ([(0, 1, 917740000000L, 2)], [(False, False, True, False)])
--------------------------------------------------------------------------------
0: 99.0 ['thirdtest', 'fifthtest']
1: 100.0 ['secondtest', 'seventhtest']
2: 98.0 ['fourthtest', 'eighthtest']
3: 96.0 ['firsttest', 'sixthtest']
--------------------------------------------------------------------------------
firsttest: ([(0, 1, 1048500000000L, 3)], [(False, False, False, True)])
secondtest: ([(0, 1, 1046330000000L, 1)], [(False, True, False, False)])
thirdtest: ([(0, 1, 1044040000000L, 0)], [(True, False, False, False)])
fourthtest: ([(0, 1, 1052030000000L, 2)], [(False, False, True, False)])
fifthtest: ([(0, 1, 918220000000L, 0)], [(True, False, False, False)])
sixthtest: ([(0, 1, 918420000000L, 3)], [(False, False, False, True)])
seventhtest: ([(0, 1, 926850000000L, 1)], [(False, True, False, False)])
eighthtest: ([(0, 1, 918220000000L, 2)], [(False, False, True, False)])
--------------------------------------------------------------------------------
0: 99.0 ['thirdtest', 'fifthtest']
1: 100.0 ['secondtest', 'seventhtest']
2: 97.0 ['fourthtest', 'eighthtest']
3: 97.0 ['firsttest', 'sixthtest']
--------------------------------------------------------------------------------
firsttest: ([(0, 1, 1048990000000L, 3)], [(False, False, False, True)])
secondtest: ([(0, 1, 1046840000000L, 1)], [(False, True, False, False)])
thirdtest: ([(0, 1, 1044550000000L, 0)], [(True, False, False, False)])
fourthtest: ([(0, 1, 1052500000000L, 2)], [(False, False, True, False)])
fifthtest: ([(0, 1, 918720000000L, 2)], [(False, False, True, False)])
sixthtest: ([(0, 1, 918910000000L, 3)], [(False, False, False, True)])
seventhtest: ([(0, 1, 927350000000L, 1)], [(False, True, False, False)])
eighthtest: ([(0, 1, 918700000000L, 0)], [(True, False, False, False)])
--------------------------------------------------------------------------------
0: 99.0 ['thirdtest', 'eighthtest']
1: 101.0 ['secondtest', 'seventhtest']
2: 97.0 ['fourthtest', 'fifthtest']
3: 98.0 ['firsttest', 'sixthtest']
--------------------------------------------------------------------------------
firsttest: ([(0, 1, 1049480000000L, 3)], [(False, False, False, True)])
secondtest: ([(0, 1, 1047330000000L, 1)], [(False, True, False, False)])
thirdtest: ([(0, 1, 1045040000000L, 0)], [(True, False, False, False)])
fourthtest: ([(0, 1, 1052980000000L, 2)], [(False, False, True, False)])
fifthtest: ([(0, 1, 919200000000L, 2)], [(False, False, True, False)])
sixthtest: ([(0, 1, 919400000000L, 3)], [(False, False, False, True)])
seventhtest: ([(0, 1, 927850000000L, 1)], [(False, True, False, False)])
eighthtest: ([(0, 1, 919200000000L, 0)], [(True, False, False, False)])
--------------------------------------------------------------------------------
0: 99.0 ['thirdtest', 'eighthtest']
1: 99.0 ['secondtest', 'seventhtest']
2: 96.0 ['fourthtest', 'fifthtest']
3: 98.0 ['firsttest', 'sixthtest']
--------------------------------------------------------------------------------
firsttest: ([(0, 1, 1049970000000L, 3)], [(False, False, False, True)])
secondtest: ([(0, 1, 1047830000000L, 1)], [(False, True, False, False)])
thirdtest: ([(0, 1, 1045540000000L, 0)], [(True, False, False, False)])
fourthtest: ([(0, 1, 1053460000000L, 2)], [(False, False, True, False)])
fifthtest: ([(0, 1, 919680000000L, 2)], [(False, False, True, False)])
sixthtest: ([(0, 1, 919900000000L, 3)], [(False, False, False, True)])
seventhtest: ([(0, 1, 928350000000L, 1)], [(False, True, False, False)])
eighthtest: ([(0, 1, 919700000000L, 0)], [(True, False, False, False)])
--------------------------------------------------------------------------------
0: 100.0 ['thirdtest', 'eighthtest']
1: 100.0 ['secondtest', 'seventhtest']
2: 96.0 ['fourthtest', 'fifthtest']
3: 99.0 ['firsttest', 'sixthtest']
--------------------------------------------------------------------------------
firsttest: ([(0, 1, 1050450000000L, 3)], [(False, False, False, True)])
secondtest: ([(0, 1, 1048330000000L, 1)], [(False, True, False, False)])
thirdtest: ([(0, 1, 1046020000000L, 0)], [(True, False, False, False)])
fourthtest: ([(0, 1, 1053940000000L, 2)], [(False, False, True, False)])
fifthtest: ([(0, 1, 920160000000L, 0)], [(True, False, False, False)])
sixthtest: ([(0, 1, 920390000000L, 3)], [(False, False, False, True)])
seventhtest: ([(0, 1, 928850000000L, 1)], [(False, True, False, False)])
eighthtest: ([(0, 1, 920180000000L, 2)], [(False, False, True, False)])
--------------------------------------------------------------------------------
0: 96.0 ['thirdtest', 'fifthtest']
1: 100.0 ['secondtest', 'seventhtest']
2: 96.0 ['fourthtest', 'eighthtest']
3: 97.0 ['firsttest', 'sixthtest']
--------------------------------------------------------------------------------
firsttest: ([(0, 1, 1050940000000L, 3)], [(False, False, False, True)])
secondtest: ([(0, 1, 1048830000000L, 1)], [(False, True, False, False)])
thirdtest: ([(0, 1, 1046520000000L, 0)], [(True, False, False, False)])
fourthtest: ([(0, 1, 1054430000000L, 2)], [(False, False, True, False)])
fifthtest: ([(0, 1, 920650000000L, 0)], [(True, False, False, False)])
sixthtest: ([(0, 1, 920870000000L, 3)], [(False, False, False, True)])
seventhtest: ([(0, 1, 929340000000L, 1)], [(False, True, False, False)])
eighthtest: ([(0, 1, 920680000000L, 2)], [(False, False, True, False)])
--------------------------------------------------------------------------------
0: 99.0 ['thirdtest', 'fifthtest']
1: 99.0 ['secondtest', 'seventhtest']
2: 99.0 ['fourthtest', 'eighthtest']
3: 97.0 ['firsttest', 'sixthtest']
--------------------------------------------------------------------------------
firsttest: ([(0, 1, 1051430000000L, 3)], [(False, False, False, True)])
secondtest: ([(0, 1, 1049330000000L, 1)], [(False, True, False, False)])
thirdtest: ([(0, 1, 1047020000000L, 0)], [(True, False, False, False)])
fourthtest: ([(0, 1, 1054920000000L, 2)], [(False, False, True, False)])
fifthtest: ([(0, 1, 921150000000L, 0)], [(True, False, False, False)])
sixthtest: ([(0, 1, 921350000000L, 3)], [(False, False, False, True)])
seventhtest: ([(0, 1, 929840000000L, 1)], [(False, True, False, False)])
eighthtest: ([(0, 1, 921170000000L, 2)], [(False, False, True, False)])
--------------------------------------------------------------------------------
0: 100.0 ['thirdtest', 'fifthtest']
1: 100.0 ['secondtest', 'seventhtest']
2: 98.0 ['fourthtest', 'eighthtest']
3: 97.0 ['firsttest', 'sixthtest']
--------------------------------------------------------------------------------
firsttest: ([(0, 1, 1051900000000L, 3)], [(False, False, False, True)])
secondtest: ([(0, 1, 1049820000000L, 1)], [(False, True, False, False)])
thirdtest: ([(0, 1, 1047500000000L, 0)], [(True, False, False, False)])
fourthtest: ([(0, 1, 1055400000000L, 2)], [(False, False, True, False)])
fifthtest: ([(0, 1, 921630000000L, 0)], [(True, False, False, False)])
sixthtest: ([(0, 1, 921840000000L, 3)], [(False, False, False, True)])
seventhtest: ([(0, 1, 930340000000L, 1)], [(False, True, False, False)])
eighthtest: ([(0, 1, 921650000000L, 2)], [(False, False, True, False)])
--------------------------------------------------------------------------------
0: 96.0 ['thirdtest', 'fifthtest']
1: 99.0 ['secondtest', 'seventhtest']
2: 96.0 ['fourthtest', 'eighthtest']
3: 96.0 ['firsttest', 'sixthtest']
--------------------------------------------------------------------------------
firsttest: ([(0, 1, 1052400000000L, 3)], [(False, False, False, True)])
secondtest: ([(0, 1, 1050320000000L, 1)], [(False, True, False, False)])
thirdtest: ([(0, 1, 1048010000000L, 0)], [(True, False, False, False)])
fourthtest: ([(0, 1, 1055880000000L, 2)], [(False, False, True, False)])
fifthtest: ([(0, 1, 922130000000L, 0)], [(True, False, False, False)])
sixthtest: ([(0, 1, 922330000000L, 3)], [(False, False, False, True)])
seventhtest: ([(0, 1, 930840000000L, 1)], [(False, True, False, False)])
eighthtest: ([(0, 1, 922120000000L, 2)], [(False, False, True, False)])
--------------------------------------------------------------------------------
0: 101.0 ['thirdtest', 'fifthtest']
1: 100.0 ['secondtest', 'seventhtest']
2: 95.0 ['fourthtest', 'eighthtest']
3: 99.0 ['firsttest', 'sixthtest']
--------------------------------------------------------------------------------
firsttest: ([(0, 1, 1052890000000L, 3)], [(False, False, False, True)])
secondtest: ([(0, 1, 1050820000000L, 1)], [(False, True, False, False)])
thirdtest: ([(0, 1, 1048500000000L, 0)], [(True, False, False, False)])
fourthtest: ([(0, 1, 1056380000000L, 2)], [(False, False, True, False)])
fifthtest: ([(0, 1, 922630000000L, 2)], [(False, False, True, False)])
sixthtest: ([(0, 1, 922810000000L, 3)], [(False, False, False, True)])
seventhtest: ([(0, 1, 931340000000L, 1)], [(False, True, False, False)])
eighthtest: ([(0, 1, 922620000000L, 0)], [(True, False, False, False)])
--------------------------------------------------------------------------------
0: 99.0 ['thirdtest', 'eighthtest']
1: 100.0 ['secondtest', 'seventhtest']
2: 100.0 ['fourthtest', 'fifthtest']
3: 97.0 ['firsttest', 'sixthtest']
--------------------------------------------------------------------------------
firsttest: ([(0, 1, 1053370000000L, 3)], [(False, False, False, True)])
secondtest: ([(0, 1, 1051320000000L, 1)], [(False, True, False, False)])
thirdtest: ([(0, 1, 1049000000000L, 0)], [(True, False, False, False)])
fourthtest: ([(0, 1, 1056870000000L, 2)], [(False, False, True, False)])
fifthtest: ([(0, 1, 923110000000L, 2)], [(False, False, True, False)])
sixthtest: ([(0, 1, 923290000000L, 3)], [(False, False, False, True)])
seventhtest: ([(0, 1, 931840000000L, 1)], [(False, True, False, False)])
eighthtest: ([(0, 1, 923120000000L, 0)], [(True, False, False, False)])
--------------------------------------------------------------------------------
0: 100.0 ['thirdtest', 'eighthtest']
1: 100.0 ['secondtest', 'seventhtest']
2: 97.0 ['fourthtest', 'fifthtest']
3: 96.0 ['firsttest', 'sixthtest']
--------------------------------------------------------------------------------
firsttest: ([(0, 1, 1053860000000L, 3)], [(False, False, False, True)])
secondtest: ([(0, 1, 1051820000000L, 1)], [(False, True, False, False)])
thirdtest: ([(0, 1, 1049490000000L, 0)], [(True, False, False, False)])
fourthtest: ([(0, 1, 1057350000000L, 2)], [(False, False, True, False)])
fifthtest: ([(0, 1, 923610000000L, 0)], [(True, False, False, False)])
sixthtest: ([(0, 1, 923780000000L, 3)], [(False, False, False, True)])
seventhtest: ([(0, 1, 932330000000L, 1)], [(False, True, False, False)])
eighthtest: ([(0, 1, 923610000000L, 2)], [(False, False, True, False)])
--------------------------------------------------------------------------------
0: 99.0 ['thirdtest', 'fifthtest']
1: 99.0 ['secondtest', 'seventhtest']
2: 97.0 ['fourthtest', 'eighthtest']
3: 98.0 ['firsttest', 'sixthtest']
--------------------------------------------------------------------------------
firsttest: ([(0, 1, 1054350000000L, 3)], [(False, False, False, True)])
secondtest: ([(0, 1, 1052330000000L, 1)], [(False, True, False, False)])
thirdtest: ([(0, 1, 1050000000000L, 0)], [(True, False, False, False)])
fourthtest: ([(0, 1, 1057830000000L, 2)], [(False, False, True, False)])
fifthtest: ([(0, 1, 924110000000L, 2)], [(False, False, True, False)])
sixthtest: ([(0, 1, 924260000000L, 3)], [(False, False, False, True)])
seventhtest: ([(0, 1, 932840000000L, 1)], [(False, True, False, False)])
eighthtest: ([(0, 1, 924110000000L, 0)], [(True, False, False, False)])
--------------------------------------------------------------------------------
0: 101.0 ['thirdtest', 'eighthtest']
1: 102.0 ['secondtest', 'seventhtest']
2: 98.0 ['fourthtest', 'fifthtest']
3: 97.0 ['firsttest', 'sixthtest']
--------------------------------------------------------------------------------
firsttest: ([(0, 1, 1054830000000L, 3)], [(False, False, False, True)])
secondtest: ([(0, 1, 1052830000000L, 1)], [(False, True, False, False)])
thirdtest: ([(0, 1, 1050500000000L, 0)], [(True, False, False, False)])
fourthtest: ([(0, 1, 1058330000000L, 2)], [(False, False, True, False)])
fifthtest: ([(0, 1, 924610000000L, 2)], [(False, False, True, False)])
sixthtest: ([(0, 1, 924760000000L, 3)], [(False, False, False, True)])
seventhtest: ([(0, 1, 933350000000L, 1)], [(False, True, False, False)])
eighthtest: ([(0, 1, 924600000000L, 0)], [(True, False, False, False)])
--------------------------------------------------------------------------------
0: 99.0 ['thirdtest', 'eighthtest']
1: 101.0 ['secondtest', 'seventhtest']
2: 100.0 ['fourthtest', 'fifthtest']
3: 98.0 ['firsttest', 'sixthtest']
--------------------------------------------------------------------------------
firsttest: ([(0, 1, 1055330000000L, 3)], [(False, False, False, True)])
secondtest: ([(0, 1, 1053330000000L, 1)], [(False, True, False, False)])
thirdtest: ([(0, 1, 1051000000000L, 0)], [(True, False, False, False)])
fourthtest: ([(0, 1, 1058840000000L, 2)], [(False, False, True, False)])
fifthtest: ([(0, 1, 925110000000L, 2)], [(False, False, True, False)])
sixthtest: ([(0, 1, 925250000000L, 3)], [(False, False, False, True)])
seventhtest: ([(0, 1, 933850000000L, 1)], [(False, True, False, False)])
eighthtest: ([(0, 1, 925100000000L, 0)], [(True, False, False, False)])
--------------------------------------------------------------------------------
0: 100.0 ['thirdtest', 'eighthtest']
1: 100.0 ['secondtest', 'seventhtest']
2: 101.0 ['fourthtest', 'fifthtest']
3: 99.0 ['firsttest', 'sixthtest']
--------------------------------------------------------------------------------
firsttest: ([(0, 1, 1055820000000L, 3)], [(False, False, False, True)])
secondtest: ([(0, 1, 1053840000000L, 1)], [(False, True, False, False)])
thirdtest: ([(0, 1, 1051500000000L, 0)], [(True, False, False, False)])
fourthtest: ([(0, 1, 1059330000000L, 2)], [(False, False, True, False)])
fifthtest: ([(0, 1, 925610000000L, 2)], [(False, False, True, False)])
sixthtest: ([(0, 1, 925740000000L, 3)], [(False, False, False, True)])
seventhtest: ([(0, 1, 934370000000L, 1)], [(False, True, False, False)])
eighthtest: ([(0, 1, 925600000000L, 0)], [(True, False, False, False)])
--------------------------------------------------------------------------------
0: 100.0 ['thirdtest', 'eighthtest']
1: 103.0 ['secondtest', 'seventhtest']
2: 99.0 ['fourthtest', 'fifthtest']
3: 98.0 ['firsttest', 'sixthtest']
--------------------------------------------------------------------------------
firsttest: ([(0, 1, 1056300000000L, 3)], [(False, False, False, True)])
secondtest: ([(0, 1, 1054350000000L, 1)], [(False, True, False, False)])
thirdtest: ([(0, 1, 1052000000000L, 0)], [(True, False, False, False)])
fourthtest: ([(0, 1, 1059830000000L, 2)], [(False, False, True, False)])
fifthtest: ([(0, 1, 926100000000L, 2)], [(False, False, True, False)])
sixthtest: ([(0, 1, 926230000000L, 3)], [(False, False, False, True)])
seventhtest: ([(0, 1, 934880000000L, 1)], [(False, True, False, False)])
eighthtest: ([(0, 1, 926100000000L, 0)], [(True, False, False, False)])
--------------------------------------------------------------------------------
0: 100.0 ['thirdtest', 'eighthtest']
1: 102.0 ['secondtest', 'seventhtest']
2: 99.0 ['fourthtest', 'fifthtest']
3: 97.0 ['firsttest', 'sixthtest']
--------------------------------------------------------------------------------
firsttest: ([(0, 1, 1056810000000L, 3)], [(False, False, False, True)])
secondtest: ([(0, 1, 1054860000000L, 1)], [(False, True, False, False)])
thirdtest: ([(0, 1, 1052500000000L, 0)], [(True, False, False, False)])
fourthtest: ([(0, 1, 1060320000000L, 2)], [(False, False, True, False)])
fifthtest: ([(0, 1, 926600000000L, 2)], [(False, False, True, False)])
sixthtest: ([(0, 1, 926730000000L, 3)], [(False, False, False, True)])
seventhtest: ([(0, 1, 935380000000L, 1)], [(False, True, False, False)])
eighthtest: ([(0, 1, 926590000000L, 0)], [(True, False, False, False)])
--------------------------------------------------------------------------------
0: 99.0 ['thirdtest', 'eighthtest']
1: 101.0 ['secondtest', 'seventhtest']
2: 99.0 ['fourthtest', 'fifthtest']
3: 101.0 ['firsttest', 'sixthtest']
--------------------------------------------------------------------------------
firsttest: ([(0, 1, 1057300000000L, 3)], [(False, False, False, True)])
secondtest: ([(0, 1, 1055370000000L, 1)], [(False, True, False, False)])
thirdtest: ([(0, 1, 1052990000000L, 0)], [(True, False, False, False)])
fourthtest: ([(0, 1, 1060810000000L, 2)], [(False, False, True, False)])
fifthtest: ([(0, 1, 927090000000L, 2)], [(False, False, True, False)])
sixthtest: ([(0, 1, 927240000000L, 3)], [(False, False, False, True)])
seventhtest: ([(0, 1, 935890000000L, 1)], [(False, True, False, False)])
eighthtest: ([(0, 1, 927100000000L, 0)], [(True, False, False, False)])
--------------------------------------------------------------------------------
0: 100.0 ['thirdtest', 'eighthtest']
1: 102.0 ['secondtest', 'seventhtest']
2: 98.0 ['fourthtest', 'fifthtest']
3: 100.0 ['firsttest', 'sixthtest']
--------------------------------------------------------------------------------
firsttest: ([(0, 1, 1057800000000L, 3)], [(False, False, False, True)])
secondtest: ([(0, 1, 1055880000000L, 1)], [(False, True, False, False)])
thirdtest: ([(0, 1, 1053490000000L, 0)], [(True, False, False, False)])
fourthtest: ([(0, 1, 1061300000000L, 2)], [(False, False, True, False)])
fifthtest: ([(0, 1, 927580000000L, 2)], [(False, False, True, False)])
sixthtest: ([(0, 1, 927730000000L, 3)], [(False, False, False, True)])
seventhtest: ([(0, 1, 936400000000L, 1)], [(False, True, False, False)])
eighthtest: ([(0, 1, 927590000000L, 0)], [(True, False, False, False)])
--------------------------------------------------------------------------------
0: 99.0 ['thirdtest', 'eighthtest']
1: 102.0 ['secondtest', 'seventhtest']
2: 98.0 ['fourthtest', 'fifthtest']
3: 99.0 ['firsttest', 'sixthtest']
--------------------------------------------------------------------------------
firsttest: ([(0, 1, 1058300000000L, 3)], [(False, False, False, True)])
secondtest: ([(0, 1, 1056380000000L, 1)], [(False, True, False, False)])
thirdtest: ([(0, 1, 1054000000000L, 0)], [(True, False, False, False)])
fourthtest: ([(0, 1, 1061790000000L, 2)], [(False, False, True, False)])
fifthtest: ([(0, 1, 928080000000L, 0)], [(True, False, False, False)])
sixthtest: ([(0, 1, 928220000000L, 3)], [(False, False, False, True)])
seventhtest: ([(0, 1, 936910000000L, 1)], [(False, True, False, False)])
eighthtest: ([(0, 1, 928100000000L, 2)], [(False, False, True, False)])
--------------------------------------------------------------------------------
0: 101.0 ['thirdtest', 'fifthtest']
1: 101.0 ['secondtest', 'seventhtest']
2: 100.0 [