Script started on Mon 08 Oct 2018 07:13:03 AM UTC
]0;prashant@Ubuntu1404: ~/omscs/6210/hw1/test/cpuprashant@Ubuntu1404:~/omscs/6210/hw1/test/cpu$ ./monitor.py 
firsttest: ([(0, 1, 1106130000000L, 3)], [(False, False, False, True)])
secondtest: ([(0, 1, 1104690000000L, 1)], [(False, True, False, False)])
thirdtest: ([(0, 1, 1102300000000L, 0)], [(True, False, False, False)])
fourthtest: ([(0, 1, 1109560000000L, 2)], [(False, False, True, False)])
fifthtest: ([(0, 1, 976100000000L, 0)], [(True, False, False, False)])
sixthtest: ([(0, 1, 976070000000L, 3)], [(False, False, False, True)])
seventhtest: ([(0, 1, 985060000000L, 1)], [(False, True, False, False)])
eighthtest: ([(0, 1, 975880000000L, 2)], [(False, False, True, False)])
--------------------------------------------------------------------------------
0: 0.0 []
1: 0.0 []
2: 0.0 []
3: 0.0 []
--------------------------------------------------------------------------------
firsttest: ([(0, 1, 1106140000000L, 3)], [(False, False, False, True)])
secondtest: ([(0, 1, 1104690000000L, 1)], [(False, True, False, False)])
thirdtest: ([(0, 1, 1102300000000L, 0)], [(True, False, False, False)])
fourthtest: ([(0, 1, 1109560000000L, 2)], [(False, False, True, False)])
fifthtest: ([(0, 1, 976100000000L, 0)], [(True, False, False, False)])
sixthtest: ([(0, 1, 976070000000L, 3)], [(False, False, False, True)])
seventhtest: ([(0, 1, 985070000000L, 1)], [(False, True, False, False)])
eighthtest: ([(0, 1, 975890000000L, 2)], [(False, False, True, False)])
--------------------------------------------------------------------------------
0: 0.0 ['thirdtest', 'fifthtest']
1: 1.0 ['secondtest', 'seventhtest']
2: 1.0 ['fourthtest', 'eighthtest']
3: 1.0 ['firsttest', 'sixthtest']
--------------------------------------------------------------------------------
firsttest: ([(0, 1, 1106140000000L, 3)], [(False, False, False, True)])
secondtest: ([(0, 1, 1104690000000L, 1)], [(False, True, False, False)])
thirdtest: ([(0, 1, 1102300000000L, 0)], [(True, False, False, False)])
fourthtest: ([(0, 1, 1109560000000L, 2)], [(False, False, True, False)])
fifthtest: ([(0, 1, 976100000000L, 0)], [(True, False, False, False)])
sixthtest: ([(0, 1, 976070000000L, 3)], [(False, False, False, True)])
seventhtest: ([(0, 1, 985070000000L, 1)], [(False, True, False, False)])
eighthtest: ([(0, 1, 975890000000L, 2)], [(False, False, True, False)])
--------------------------------------------------------------------------------
0: 0.0 ['thirdtest', 'fifthtest']
1: 0.0 ['secondtest', 'seventhtest']
2: 0.0 ['fourthtest', 'eighthtest']
3: 0.0 ['firsttest', 'sixthtest']
--------------------------------------------------------------------------------
firsttest: ([(0, 1, 1106140000000L, 3)], [(False, False, False, True)])
secondtest: ([(0, 1, 1104700000000L, 1)], [(False, True, False, False)])
thirdtest: ([(0, 1, 1102300000000L, 0)], [(True, False, False, False)])
fourthtest: ([(0, 1, 1109570000000L, 2)], [(False, False, True, False)])
fifthtest: ([(0, 1, 976100000000L, 0)], [(True, False, False, False)])
sixthtest: ([(0, 1, 976080000000L, 3)], [(False, False, False, True)])
seventhtest: ([(0, 1, 985070000000L, 1)], [(False, True, False, False)])
eighthtest: ([(0, 1, 975890000000L, 2)], [(False, False, True, False)])
--------------------------------------------------------------------------------
0: 0.0 ['thirdtest', 'fifthtest']
1: 1.0 ['secondtest', 'seventhtest']
2: 1.0 ['fourthtest', 'eighthtest']
3: 1.0 ['firsttest', 'sixthtest']
--------------------------------------------------------------------------------
firsttest: ([(0, 1, 1106140000000L, 3)], [(False, False, False, True)])
secondtest: ([(0, 1, 1104700000000L, 1)], [(False, True, False, False)])
thirdtest: ([(0, 1, 1102300000000L, 0)], [(True, False, False, False)])
fourthtest: ([(0, 1, 1109570000000L, 2)], [(False, False, True, False)])
fifthtest: ([(0, 1, 976100000000L, 0)], [(True, False, False, False)])
sixthtest: ([(0, 1, 976080000000L, 3)], [(False, False, False, True)])
seventhtest: ([(0, 1, 985080000000L, 1)], [(False, True, False, False)])
eighthtest: ([(0, 1, 975890000000L, 2)], [(False, False, True, False)])
--------------------------------------------------------------------------------
0: 0.0 ['thirdtest', 'fifthtest']
1: 1.0 ['secondtest', 'seventhtest']
2: 0.0 ['fourthtest', 'eighthtest']
3: 0.0 ['firsttest', 'sixthtest']
--------------------------------------------------------------------------------
firsttest: ([(0, 1, 1106150000000L, 3)], [(False, False, False, True)])
secondtest: ([(0, 1, 1104700000000L, 1)], [(False, True, False, False)])
thirdtest: ([(0, 1, 1102300000000L, 0)], [(True, False, False, False)])
fourthtest: ([(0, 1, 1109570000000L, 2)], [(False, False, True, False)])
fifthtest: ([(0, 1, 976110000000L, 0)], [(True, False, False, False)])
sixthtest: ([(0, 1, 976080000000L, 3)], [(False, False, False, True)])
seventhtest: ([(0, 1, 985080000000L, 1)], [(False, True, False, False)])
eighthtest: ([(0, 1, 975890000000L, 2)], [(False, False, True, False)])
--------------------------------------------------------------------------------
0: 1.0 ['thirdtest', 'fifthtest']
1: 0.0 ['secondtest', 'seventhtest']
2: 0.0 ['fourthtest', 'eighthtest']
3: 1.0 ['firsttest', 'sixthtest']
--------------------------------------------------------------------------------
firsttest: ([(0, 1, 1106150000000L, 3)], [(False, False, False, True)])
secondtest: ([(0, 1, 1104700000000L, 1)], [(False, True, False, False)])
thirdtest: ([(0, 1, 1102310000000L, 0)], [(True, False, False, False)])
fourthtest: ([(0, 1, 1109570000000L, 2)], [(False, False, True, False)])
fifthtest: ([(0, 1, 976110000000L, 0)], [(True, False, False, False)])
sixthtest: ([(0, 1, 976080000000L, 3)], [(False, False, False, True)])
seventhtest: ([(0, 1, 985080000000L, 1)], [(False, True, False, False)])
eighthtest: ([(0, 1, 975890000000L, 2)], [(False, False, True, False)])
--------------------------------------------------------------------------------
0: 1.0 ['thirdtest', 'fifthtest']
1: 0.0 ['secondtest', 'seventhtest']
2: 0.0 ['fourthtest', 'eighthtest']
3: 0.0 ['firsttest', 'sixthtest']
--------------------------------------------------------------------------------
firsttest: ([(0, 1, 1106150000000L, 3)], [(False, False, False, True)])
secondtest: ([(0, 1, 1104700000000L, 1)], [(False, True, False, False)])
thirdtest: ([(0, 1, 1102310000000L, 0)], [(True, False, False, False)])
fourthtest: ([(0, 1, 1109580000000L, 2)], [(False, False, True, False)])
fifthtest: ([(0, 1, 976110000000L, 0)], [(True, False, False, False)])
sixthtest: ([(0, 1, 976080000000L, 3)], [(False, False, False, True)])
seventhtest: ([(0, 1, 985080000000L, 1)], [(False, True, False, False)])
eighthtest: ([(0, 1, 975900000000L, 2)], [(False, False, True, False)])
--------------------------------------------------------------------------------
0: 0.0 ['thirdtest', 'fifthtest']
1: 0.0 ['secondtest', 'seventhtest']
2: 2.0 ['fourthtest', 'eighthtest']
3: 0.0 ['firsttest', 'sixthtest']
--------------------------------------------------------------------------------
firsttest: ([(0, 1, 1106150000000L, 3)], [(False, False, False, True)])
secondtest: ([(0, 1, 1104700000000L, 1)], [(False, True, False, False)])
thirdtest: ([(0, 1, 1102310000000L, 0)], [(True, False, False, False)])
fourthtest: ([(0, 1, 1109580000000L, 2)], [(False, False, True, False)])
fifthtest: ([(0, 1, 976110000000L, 0)], [(True, False, False, False)])
sixthtest: ([(0, 1, 976080000000L, 3)], [(False, False, False, True)])
seventhtest: ([(0, 1, 985090000000L, 1)], [(False, True, False, False)])
eighthtest: ([(0, 1, 975900000000L, 2)], [(False, False, True, False)])
--------------------------------------------------------------------------------
0: 0.0 ['thirdtest', 'fifthtest']
1: 1.0 ['secondtest', 'seventhtest']
2: 0.0 ['fourthtest', 'eighthtest']
3: 0.0 ['firsttest', 'sixthtest']
--------------------------------------------------------------------------------
firsttest: ([(0, 1, 1106150000000L, 0)], [(True, False, False, False)])
secondtest: ([(0, 1, 1104710000000L, 3)], [(False, False, False, True)])
thirdtest: ([(0, 1, 1102310000000L, 0)], [(True, False, False, False)])
fourthtest: ([(0, 1, 1109580000000L, 3)], [(False, False, False, True)])
fifthtest: ([(0, 1, 976110000000L, 0)], [(True, False, False, False)])
sixthtest: ([(0, 1, 976090000000L, 3)], [(False, False, False, True)])
seventhtest: ([(0, 1, 985090000000L, 0)], [(True, False, False, False)])
eighthtest: ([(0, 1, 975900000000L, 3)], [(False, False, False, True)])
--------------------------------------------------------------------------------
0: 0.0 ['firsttest', 'thirdtest', 'fifthtest', 'seventhtest']
1: 0.0 []
2: 0.0 []
3: 2.0 ['secondtest', 'fourthtest', 'sixthtest', 'eighthtest']
--------------------------------------------------------------------------------
firsttest: ([(0, 1, 1106190000000L, 0)], [(True, False, False, False)])
secondtest: ([(0, 1, 1104740000000L, 3)], [(False, False, False, True)])
thirdtest: ([(0, 1, 1102340000000L, 0)], [(True, False, False, False)])
fourthtest: ([(0, 1, 1109620000000L, 3)], [(False, False, False, True)])
fifthtest: ([(0, 1, 976150000000L, 0)], [(True, False, False, False)])
sixthtest: ([(0, 1, 976120000000L, 3)], [(False, False, False, True)])
seventhtest: ([(0, 1, 985130000000L, 0)], [(True, False, False, False)])
eighthtest: ([(0, 1, 975940000000L, 3)], [(False, False, False, True)])
--------------------------------------------------------------------------------
0: 15.0 ['firsttest', 'thirdtest', 'fifthtest', 'seventhtest']
1: 0.0 []
2: 0.0 []
3: 14.0 ['secondtest', 'fourthtest', 'sixthtest', 'eighthtest']
--------------------------------------------------------------------------------
firsttest: ([(0, 1, 1106450000000L, 0)], [(True, False, False, False)])
secondtest: ([(0, 1, 1105010000000L, 3)], [(False, False, False, True)])
thirdtest: ([(0, 1, 1102600000000L, 0)], [(True, False, False, False)])
fourthtest: ([(0, 1, 1109860000000L, 3)], [(False, False, False, True)])
fifthtest: ([(0, 1, 976410000000L, 0)], [(True, False, False, False)])
sixthtest: ([(0, 1, 976380000000L, 3)], [(False, False, False, True)])
seventhtest: ([(0, 1, 985380000000L, 0)], [(True, False, False, False)])
eighthtest: ([(0, 1, 976190000000L, 3)], [(False, False, False, True)])
--------------------------------------------------------------------------------
0: 103.0 ['firsttest', 'thirdtest', 'fifthtest', 'seventhtest']
1: 0.0 []
2: 0.0 []
3: 102.0 ['secondtest', 'fourthtest', 'sixthtest', 'eighthtest']
--------------------------------------------------------------------------------
firsttest: ([(0, 1, 1106700000000L, 0)], [(True, False, False, False)])
secondtest: ([(0, 1, 1105260000000L, 3)], [(False, False, False, True)])
thirdtest: ([(0, 1, 1102850000000L, 0)], [(True, False, False, False)])
fourthtest: ([(0, 1, 1110120000000L, 3)], [(False, False, False, True)])
fifthtest: ([(0, 1, 976660000000L, 0)], [(True, False, False, False)])
sixthtest: ([(0, 1, 976630000000L, 3)], [(False, False, False, True)])
seventhtest: ([(0, 1, 985650000000L, 0)], [(True, False, False, False)])
eighthtest: ([(0, 1, 976450000000L, 3)], [(False, False, False, True)])
--------------------------------------------------------------------------------
0: 102.0 ['firsttest', 'thirdtest', 'fifthtest', 'seventhtest']
1: 0.0 []
2: 0.0 []
3: 102.0 ['secondtest', 'fourthtest', 'sixthtest', 'eighthtest']
--------------------------------------------------------------------------------
firsttest: ([(0, 1, 1106960000000L, 0)], [(True, False, False, False)])
secondtest: ([(0, 1, 1105520000000L, 3)], [(False, False, False, True)])
thirdtest: ([(0, 1, 1103110000000L, 0)], [(True, False, False, False)])
fourthtest: ([(0, 1, 1110390000000L, 3)], [(False, False, False, True)])
fifthtest: ([(0, 1, 976920000000L, 0)], [(True, False, False, False)])
sixthtest: ([(0, 1, 976880000000L, 3)], [(False, False, False, True)])
seventhtest: ([(0, 1, 985900000000L, 0)], [(True, False, False, False)])
eighthtest: ([(0, 1, 976700000000L, 3)], [(False, False, False, True)])
--------------------------------------------------------------------------------
0: 103.0 ['firsttest', 'thirdtest', 'fifthtest', 'seventhtest']
1: 0.0 []
2: 0.0 []
3: 103.0 ['secondtest', 'fourthtest', 'sixthtest', 'eighthtest']
--------------------------------------------------------------------------------
firsttest: ([(0, 1, 1107220000000L, 0)], [(True, False, False, False)])
secondtest: ([(0, 1, 1105770000000L, 3)], [(False, False, False, True)])
thirdtest: ([(0, 1, 1103370000000L, 0)], [(True, False, False, False)])
fourthtest: ([(0, 1, 1110640000000L, 3)], [(False, False, False, True)])
fifthtest: ([(0, 1, 977170000000L, 0)], [(True, False, False, False)])
sixthtest: ([(0, 1, 977140000000L, 3)], [(False, False, False, True)])
seventhtest: ([(0, 1, 986150000000L, 0)], [(True, False, False, False)])
eighthtest: ([(0, 1, 976960000000L, 3)], [(False, False, False, True)])
--------------------------------------------------------------------------------
0: 102.0 ['firsttest', 'thirdtest', 'fifthtest', 'seventhtest']
1: 0.0 []
2: 0.0 []
3: 102.0 ['secondtest', 'fourthtest', 'sixthtest', 'eighthtest']
--------------------------------------------------------------------------------
firsttest: ([(0, 1, 1107480000000L, 0)], [(True, False, False, False)])
secondtest: ([(0, 1, 1106030000000L, 3)], [(False, False, False, True)])
thirdtest: ([(0, 1, 1103620000000L, 0)], [(True, False, False, False)])
fourthtest: ([(0, 1, 1110890000000L, 3)], [(False, False, False, True)])
fifthtest: ([(0, 1, 977420000000L, 0)], [(True, False, False, False)])
sixthtest: ([(0, 1, 977390000000L, 3)], [(False, False, False, True)])
seventhtest: ([(0, 1, 986410000000L, 0)], [(True, False, False, False)])
eighthtest: ([(0, 1, 977220000000L, 3)], [(False, False, False, True)])
--------------------------------------------------------------------------------
0: 102.0 ['firsttest', 'thirdtest', 'fifthtest', 'seventhtest']
1: 0.0 []
2: 0.0 []
3: 102.0 ['secondtest', 'fourthtest', 'sixthtest', 'eighthtest']
--------------------------------------------------------------------------------
firsttest: ([(0, 1, 1107730000000L, 0)], [(True, False, False, False)])
secondtest: ([(0, 1, 1106290000000L, 3)], [(False, False, False, True)])
thirdtest: ([(0, 1, 1103880000000L, 0)], [(True, False, False, False)])
fourthtest: ([(0, 1, 1111160000000L, 3)], [(False, False, False, True)])
fifthtest: ([(0, 1, 977690000000L, 0)], [(True, False, False, False)])
sixthtest: ([(0, 1, 977650000000L, 3)], [(False, False, False, True)])
seventhtest: ([(0, 1, 986660000000L, 0)], [(True, False, False, False)])
eighthtest: ([(0, 1, 977470000000L, 3)], [(False, False, False, True)])
--------------------------------------------------------------------------------
0: 103.0 ['firsttest', 'thirdtest', 'fifthtest', 'seventhtest']
1: 0.0 []
2: 0.0 []
3: 104.0 ['secondtest', 'fourthtest', 'sixthtest', 'eighthtest']
--------------------------------------------------------------------------------
firsttest: ([(0, 1, 1107990000000L, 0)], [(True, False, False, False)])
secondtest: ([(0, 1, 1106540000000L, 3)], [(False, False, False, True)])
thirdtest: ([(0, 1, 1104130000000L, 0)], [(True, False, False, False)])
fourthtest: ([(0, 1, 1111410000000L, 3)], [(False, False, False, True)])
fifthtest: ([(0, 1, 977950000000L, 0)], [(True, False, False, False)])
sixthtest: ([(0, 1, 977910000000L, 3)], [(False, False, False, True)])
seventhtest: ([(0, 1, 986930000000L, 0)], [(True, False, False, False)])
eighthtest: ([(0, 1, 977740000000L, 3)], [(False, False, False, True)])
--------------------------------------------------------------------------------
0: 104.0 ['firsttest', 'thirdtest', 'fifthtest', 'seventhtest']
1: 0.0 []
2: 0.0 []
3: 103.0 ['secondtest', 'fourthtest', 'sixthtest', 'eighthtest']
--------------------------------------------------------------------------------
firsttest: ([(0, 1, 1108240000000L, 0)], [(True, False, False, False)])
secondtest: ([(0, 1, 1106800000000L, 3)], [(False, False, False, True)])
thirdtest: ([(0, 1, 1104390000000L, 0)], [(True, False, False, False)])
fourthtest: ([(0, 1, 1111660000000L, 3)], [(False, False, False, True)])
fifthtest: ([(0, 1, 978200000000L, 0)], [(True, False, False, False)])
sixthtest: ([(0, 1, 978160000000L, 3)], [(False, False, False, True)])
seventhtest: ([(0, 1, 987180000000L, 0)], [(True, False, False, False)])
eighthtest: ([(0, 1, 977990000000L, 3)], [(False, False, False, True)])
--------------------------------------------------------------------------------
0: 101.0 ['firsttest', 'thirdtest', 'fifthtest', 'seventhtest']
1: 0.0 []
2: 0.0 []
3: 101.0 ['secondtest', 'fourthtest', 'sixthtest', 'eighthtest']
--------------------------------------------------------------------------------
firsttest: ([(0, 1, 1108500000000L, 0)], [(True, False, False, False)])
secondtest: ([(0, 1, 1107060000000L, 3)], [(False, False, False, True)])
thirdtest: ([(0, 1, 1104640000000L, 0)], [(True, False, False, False)])
fourthtest: ([(0, 1, 1111920000000L, 3)], [(False, False, False, True)])
fifthtest: ([(0, 1, 978460000000L, 0)], [(True, False, False, False)])
sixthtest: ([(0, 1, 978430000000L, 3)], [(False, False, False, True)])
seventhtest: ([(0, 1, 987440000000L, 0)], [(True, False, False, False)])
eighthtest: ([(0, 1, 978240000000L, 3)], [(False, False, False, True)])
--------------------------------------------------------------------------------
0: 103.0 ['firsttest', 'thirdtest', 'fifthtest', 'seventhtest']
1: 0.0 []
2: 0.0 []
3: 104.0 ['secondtest', 'fourthtest', 'sixthtest', 'eighthtest']
--------------------------------------------------------------------------------
firsttest: ([(0, 1, 1108750000000L, 0)], [(True, False, False, False)])
secondtest: ([(0, 1, 1107320000000L, 3)], [(False, False, False, True)])
thirdtest: ([(0, 1, 1104900000000L, 0)], [(True, False, False, False)])
fourthtest: ([(0, 1, 1112170000000L, 3)], [(False, False, False, True)])
fifthtest: ([(0, 1, 978710000000L, 0)], [(True, False, False, False)])
sixthtest: ([(0, 1, 978680000000L, 3)], [(False, False, False, True)])
seventhtest: ([(0, 1, 987690000000L, 0)], [(True, False, False, False)])
eighthtest: ([(0, 1, 978500000000L, 3)], [(False, False, False, True)])
--------------------------------------------------------------------------------
0: 101.0 ['firsttest', 'thirdtest', 'fifthtest', 'seventhtest']
1: 0.0 []
2: 0.0 []
3: 102.0 ['secondtest', 'fourthtest', 'sixthtest', 'eighthtest']
--------------------------------------------------------------------------------
firsttest: ([(0, 1, 1109160000000L, 1)], [(False, True, False, False)])
secondtest: ([(0, 1, 1107730000000L, 3)], [(False, False, False, True)])
thirdtest: ([(0, 1, 1105320000000L, 0)], [(True, False, False, False)])
fourthtest: ([(0, 1, 1112590000000L, 2)], [(False, False, True, False)])
fifthtest: ([(0, 1, 979130000000L, 1)], [(False, True, False, False)])
sixthtest: ([(0, 1, 979110000000L, 3)], [(False, False, False, True)])
seventhtest: ([(0, 1, 988110000000L, 2)], [(False, False, True, False)])
eighthtest: ([(0, 1, 978920000000L, 0)], [(True, False, False, False)])
--------------------------------------------------------------------------------
0: 84.0 ['thirdtest', 'eighthtest']
1: 83.0 ['firsttest', 'fifthtest']
2: 84.0 ['fourthtest', 'seventhtest']
3: 84.0 ['secondtest', 'sixthtest']
--------------------------------------------------------------------------------
firsttest: ([(0, 1, 1109670000000L, 1)], [(False, True, False, False)])
secondtest: ([(0, 1, 1108240000000L, 3)], [(False, False, False, True)])
thirdtest: ([(0, 1, 1105830000000L, 0)], [(True, False, False, False)])
fourthtest: ([(0, 1, 1113080000000L, 2)], [(False, False, True, False)])
fifthtest: ([(0, 1, 979620000000L, 2)], [(False, False, True, False)])
sixthtest: ([(0, 1, 979610000000L, 3)], [(False, False, False, True)])
seventhtest: ([(0, 1, 988560000000L, 1)], [(False, True, False, False)])
eighthtest: ([(0, 1, 979410000000L, 0)], [(True, False, False, False)])
--------------------------------------------------------------------------------
0: 100.0 ['thirdtest', 'eighthtest']
1: 96.0 ['firsttest', 'seventhtest']
2: 98.0 ['fourthtest', 'fifthtest']
3: 101.0 ['secondtest', 'sixthtest']
--------------------------------------------------------------------------------
firsttest: ([(0, 1, 1110170000000L, 1)], [(False, True, False, False)])
secondtest: ([(0, 1, 1108740000000L, 3)], [(False, False, False, True)])
thirdtest: ([(0, 1, 1106330000000L, 0)], [(True, False, False, False)])
fourthtest: ([(0, 1, 1113570000000L, 2)], [(False, False, True, False)])
fifthtest: ([(0, 1, 980110000000L, 2)], [(False, False, True, False)])
sixthtest: ([(0, 1, 980120000000L, 3)], [(False, False, False, True)])
seventhtest: ([(0, 1, 989060000000L, 1)], [(False, True, False, False)])
eighthtest: ([(0, 1, 979920000000L, 0)], [(True, False, False, False)])
--------------------------------------------------------------------------------
0: 101.0 ['thirdtest', 'eighthtest']
1: 100.0 ['firsttest', 'seventhtest']
2: 98.0 ['fourthtest', 'fifthtest']
3: 101.0 ['secondtest', 'sixthtest']
--------------------------------------------------------------------------------
firsttest: ([(0, 1, 1110670000000L, 1)], [(False, True, False, False)])
secondtest: ([(0, 1, 1109240000000L, 3)], [(False, False, False, True)])
thirdtest: ([(0, 1, 1106820000000L, 0)], [(True, False, False, False)])
fourthtest: ([(0, 1, 1114060000000L, 2)], [(False, False, True, False)])
fifthtest: ([(0, 1, 980570000000L, 3)], [(False, False, False, True)])
sixthtest: ([(0, 1, 980600000000L, 2)], [(False, False, True, False)])
seventhtest: ([(0, 1, 989560000000L, 1)], [(False, True, False, False)])
eighthtest: ([(0, 1, 980410000000L, 0)], [(True, False, False, False)])
--------------------------------------------------------------------------------
0: 98.0 ['thirdtest', 'eighthtest']
1: 100.0 ['firsttest', 'seventhtest']
2: 97.0 ['fourthtest', 'sixthtest']
3: 96.0 ['secondtest', 'fifthtest']
--------------------------------------------------------------------------------
firsttest: ([(0, 1, 1111170000000L, 1)], [(False, True, False, False)])
secondtest: ([(0, 1, 1109730000000L, 3)], [(False, False, False, True)])
thirdtest: ([(0, 1, 1107330000000L, 0)], [(True, False, False, False)])
fourthtest: ([(0, 1, 1114550000000L, 2)], [(False, False, True, False)])
fifthtest: ([(0, 1, 981050000000L, 3)], [(False, False, False, True)])
sixthtest: ([(0, 1, 981100000000L, 1)], [(False, True, False, False)])
seventhtest: ([(0, 1, 990060000000L, 2)], [(False, False, True, False)])
eighthtest: ([(0, 1, 980920000000L, 0)], [(True, False, False, False)])
--------------------------------------------------------------------------------
0: 102.0 ['thirdtest', 'eighthtest']
1: 100.0 ['firsttest', 'sixthtest']
2: 99.0 ['fourthtest', 'seventhtest']
3: 97.0 ['secondtest', 'fifthtest']
--------------------------------------------------------------------------------
firsttest: ([(0, 1, 1111670000000L, 1)], [(False, True, False, False)])
secondtest: ([(0, 1, 1110230000000L, 3)], [(False, False, False, True)])
thirdtest: ([(0, 1, 1107840000000L, 0)], [(True, False, False, False)])
fourthtest: ([(0, 1, 1115040000000L, 2)], [(False, False, True, False)])
fifthtest: ([(0, 1, 981560000000L, 3)], [(False, False, False, True)])
sixthtest: ([(0, 1, 981600000000L, 1)], [(False, True, False, False)])
seventhtest: ([(0, 1, 990550000000L, 2)], [(False, False, True, False)])
eighthtest: ([(0, 1, 981420000000L, 0)], [(True, False, False, False)])
--------------------------------------------------------------------------------
0: 101.0 ['thirdtest', 'eighthtest']
1: 100.0 ['firsttest', 'sixthtest']
2: 98.0 ['fourthtest', 'seventhtest']
3: 101.0 ['secondtest', 'fifthtest']
--------------------------------------------------------------------------------
firsttest: ([(0, 1, 1112170000000L, 1)], [(False, True, False, False)])
secondtest: ([(0, 1, 1110730000000L, 3)], [(False, False, False, True)])
thirdtest: ([(0, 1, 1108340000000L, 0)], [(True, False, False, False)])
fourthtest: ([(0, 1, 1115520000000L, 2)], [(False, False, True, False)])
fifthtest: ([(0, 1, 982060000000L, 3)], [(False, False, False, True)])
sixthtest: ([(0, 1, 982100000000L, 1)], [(False, True, False, False)])
seventhtest: ([(0, 1, 991030000000L, 2)], [(False, False, True, False)])
eighthtest: ([(0, 1, 981920000000L, 0)], [(True, False, False, False)])
--------------------------------------------------------------------------------
0: 100.0 ['thirdtest', 'eighthtest']
1: 100.0 ['firsttest', 'sixthtest']
2: 96.0 ['fourthtest', 'seventhtest']
3: 100.0 ['secondtest', 'fifthtest']
--------------------------------------------------------------------------------
firsttest: ([(0, 1, 1112670000000L, 1)], [(False, True, False, False)])
secondtest: ([(0, 1, 1111220000000L, 3)], [(False, False, False, True)])
thirdtest: ([(0, 1, 1108840000000L, 0)], [(True, False, False, False)])
fourthtest: ([(0, 1, 1116010000000L, 2)], [(False, False, True, False)])
fifthtest: ([(0, 1, 982560000000L, 3)], [(False, False, False, True)])
sixthtest: ([(0, 1, 982610000000L, 1)], [(False, True, False, False)])
seventhtest: ([(0, 1, 991520000000L, 2)], [(False, False, True, False)])
eighthtest: ([(0, 1, 982430000000L, 0)], [(True, False, False, False)])
--------------------------------------------------------------------------------
0: 101.0 ['thirdtest', 'eighthtest']
1: 101.0 ['firsttest', 'sixthtest']
2: 98.0 ['fourthtest', 'seventhtest']
3: 99.0 ['secondtest', 'fifthtest']
--------------------------------------------------------------------------------
firsttest: ([(0, 1, 1113180000000L, 1)], [(False, True, False, False)])
secondtest: ([(0, 1, 1111720000000L, 3)], [(False, False, False, True)])
thirdtest: ([(0, 1, 1109340000000L, 0)], [(True, False, False, False)])
fourthtest: ([(0, 1, 1116500000000L, 2)], [(False, False, True, False)])
fifthtest: ([(0, 1, 983030000000L, 3)], [(False, False, False, True)])
sixthtest: ([(0, 1, 983100000000L, 1)], [(False, True, False, False)])
seventhtest: ([(0, 1, 992010000000L, 2)], [(False, False, True, False)])
eighthtest: ([(0, 1, 982930000000L, 0)], [(True, False, False, False)])
--------------------------------------------------------------------------------
0: 100.0 ['thirdtest', 'eighthtest']
1: 100.0 ['firsttest', 'sixthtest']
2: 98.0 ['fourthtest', 'seventhtest']
3: 97.0 ['secondtest', 'fifthtest']
--------------------------------------------------------------------------------
firsttest: ([(0, 1, 1113670000000L, 1)], [(False, True, False, False)])
secondtest: ([(0, 1, 1112190000000L, 3)], [(False, False, False, True)])
thirdtest: ([(0, 1, 1109840000000L, 0)], [(True, False, False, False)])
fourthtest: ([(0, 1, 1116990000000L, 2)], [(False, False, True, False)])
fifthtest: ([(0, 1, 983520000000L, 3)], [(False, False, False, True)])
sixthtest: ([(0, 1, 983600000000L, 1)], [(False, True, False, False)])
seventhtest: ([(0, 1, 992500000000L, 2)], [(False, False, True, False)])
eighthtest: ([(0, 1, 983420000000L, 0)], [(True, False, False, False)])
--------------------------------------------------------------------------------
0: 99.0 ['thirdtest', 'eighthtest']
1: 99.0 ['firsttest', 'sixthtest']
2: 98.0 ['fourthtest', 'seventhtest']
3: 96.0 ['secondtest', 'fifthtest']
--------------------------------------------------------------------------------
firsttest: ([(0, 1, 1114180000000L, 1)], [(False, True, False, False)])
secondtest: ([(0, 1, 1112700000000L, 3)], [(False, False, False, True)])
thirdtest: ([(0, 1, 1110340000000L, 0)], [(True, False, False, False)])
fourthtest: ([(0, 1, 1117480000000L, 2)], [(False, False, True, False)])
fifthtest: ([(0, 1, 984030000000L, 3)], [(False, False, False, True)])
sixthtest: ([(0, 1, 984090000000L, 1)], [(False, True, False, False)])
seventhtest: ([(0, 1, 992980000000L, 2)], [(False, False, True, False)])
eighthtest: ([(0, 1, 983930000000L, 0)], [(True, False, False, False)])
--------------------------------------------------------------------------------
0: 101.0 ['thirdtest', 'eighthtest']
1: 100.0 ['firsttest', 'sixthtest']
2: 97.0 ['fourthtest', 'seventhtest']
3: 102.0 ['secondtest', 'fifthtest']
--------------------------------------------------------------------------------
firsttest: ([(0, 1, 1114670000000L, 1)], [(False, True, False, False)])
secondtest: ([(0, 1, 1113210000000L, 3)], [(False, False, False, True)])
thirdtest: ([(0, 1, 1110840000000L, 0)], [(True, False, False, False)])
fourthtest: ([(0, 1, 1117960000000L, 2)], [(False, False, True, False)])
fifthtest: ([(0, 1, 984530000000L, 3)], [(False, False, False, True)])
sixthtest: ([(0, 1, 984590000000L, 1)], [(False, True, False, False)])
seventhtest: ([(0, 1, 993460000000L, 2)], [(False, False, True, False)])
eighthtest: ([(0, 1, 984430000000L, 0)], [(True, False, False, False)])
--------------------------------------------------------------------------------
0: 100.0 ['thirdtest', 'eighthtest']
1: 99.0 ['firsttest', 'sixthtest']
2: 96.0 ['fourthtest', 'seventhtest']
3: 101.0 ['secondtest', 'fifthtest']
--------------------------------------------------------------------------------
firsttest: ([(0, 1, 1115160000000L, 1)], [(False, True, False, False)])
secondtest: ([(0, 1, 1113700000000L, 3)], [(False, False, False, True)])
thirdtest: ([(0, 1, 1111340000000L, 0)], [(True, False, False, False)])
fourthtest: ([(0, 1, 1118430000000L, 2)], [(False, False, True, False)])
fifthtest: ([(0, 1, 985030000000L, 3)], [(False, False, False, True)])
sixthtest: ([(0, 1, 985090000000L, 1)], [(False, True, False, False)])
seventhtest: ([(0, 1, 993940000000L, 2)], [(False, False, True, False)])
eighthtest: ([(0, 1, 984930000000L, 0)], [(True, False, False, False)])
--------------------------------------------------------------------------------
0: 100.0 ['thirdtest', 'eighthtest']
1: 99.0 ['firsttest', 'sixthtest']
2: 95.0 ['fourthtest', 'seventhtest']
3: 99.0 ['secondtest', 'fifthtest']
--------------------------------------------------------------------------------
firsttest: ([(0, 1, 1115660000000L, 1)], [(False, True, False, False)])
secondtest: ([(0, 1, 1114190000000L, 3)], [(False, False, False, True)])
thirdtest: ([(0, 1, 1111840000000L, 0)], [(True, False, False, False)])
fourthtest: ([(0, 1, 1118910000000L, 2)], [(False, False, True, False)])
fifthtest: ([(0, 1, 985520000000L, 3)], [(False, False, False, True)])
sixthtest: ([(0, 1, 985590000000L, 1)], [(False, True, False, False)])
seventhtest: ([(0, 1, 994420000000L, 2)], [(False, False, True, False)])
eighthtest: ([(0, 1, 985430000000L, 0)], [(True, False, False, False)])
--------------------------------------------------------------------------------
0: 100.0 ['thirdtest', 'eighthtest']
1: 100.0 ['firsttest', 'sixthtest']
2: 96.0 ['fourthtest', 'seventhtest']
3: 98.0 ['secondtest', 'fifthtest']
--------------------------------------------------------------------------------
firsttest: ([(0, 1, 1116170000000L, 1)], [(False, True, False, False)])
secondtest: ([(0, 1, 1114670000000L, 3)], [(False, False, False, True)])
thirdtest: ([(0, 1, 1112340000000L, 0)], [(True, False, False, False)])
fourthtest: ([(0, 1, 1119410000000L, 2)], [(False, False, True, False)])
fifthtest: ([(0, 1, 986000000000L, 3)], [(False, False, False, True)])
sixthtest: ([(0, 1, 986090000000L, 1)], [(False, True, False, False)])
seventhtest: ([(0, 1, 994920000000L, 2)], [(False, False, True, False)])
eighthtest: ([(0, 1, 985930000000L, 0)], [(True, False, False, False)])
--------------------------------------------------------------------------------
0: 100.0 ['thirdtest', 'eighthtest']
1: 101.0 ['firsttest', 'sixthtest']
2: 100.0 ['fourthtest', 'seventhtest']
3: 96.0 ['secondtest', 'fifthtest']
--------------------------------------------------------------------------------
firsttest: ([(0, 1, 1116670000000L, 1)], [(False, True, False, False)])
secondtest: ([(0, 1, 1115160000000L, 3)], [(False, False, False, True)])
thirdtest: ([(0, 1, 1112840000000L, 0)], [(True, False, False, False)])
fourthtest: ([(0, 1, 1119890000000L, 2)], [(False, False, True, False)])
fifthtest: ([(0, 1, 986490000000L, 3)], [(False, False, False, True)])
sixthtest: ([(0, 1, 986590000000L, 1)], [(False, True, False, False)])
seventhtest: ([(0, 1, 995410000000L, 2)], [(False, False, True, False)])
eighthtest: ([(0, 1, 986430000000L, 0)], [(True, False, False, False)])
--------------------------------------------------------------------------------
0: 100.0 ['thirdtest', 'eighthtest']
1: 100.0 ['firsttest', 'sixthtest']
2: 97.0 ['fourthtest', 'seventhtest']
3: 98.0 ['secondtest', 'fifthtest']
--------------------------------------------------------------------------------
firsttest: ([(0, 1, 1117160000000L, 1)], [(False, True, False, False)])
secondtest: ([(0, 1, 1115660000000L, 3)], [(False, False, False, True)])
thirdtest: ([(0, 1, 1113340000000L, 0)], [(True, False, False, False)])
fourthtest: ([(0, 1, 1120380000000L, 2)], [(False, False, True, False)])
fifthtest: ([(0, 1, 986990000000L, 3)], [(False, False, False, True)])
sixthtest: ([(0, 1, 987100000000L, 1)], [(False, True, False, False)])
seventhtest: ([(0, 1, 995880000000L, 2)], [(False, False, True, False)])
eighthtest: ([(0, 1, 986930000000L, 0)], [(True, False, False, False)])
--------------------------------------------------------------------------------
0: 100.0 ['thirdtest', 'eighthtest']
1: 100.0 ['firsttest', 'sixthtest']
2: 96.0 ['fourthtest', 'seventhtest']
3: 100.0 ['secondtest', 'fifthtest']
--------------------------------------------------------------------------------
firsttest: ([(0, 1, 1117670000000L, 1)], [(False, True, False, False)])
secondtest: ([(0, 1, 1116150000000L, 3)], [(False, False, False, True)])
thirdtest: ([(0, 1, 1113830000000L, 0)], [(True, False, False, False)])
fourthtest: ([(0, 1, 1120860000000L, 2)], [(False, False, True, False)])
fifthtest: ([(0, 1, 987480000000L, 3)], [(False, False, False, True)])
sixthtest: ([(0, 1, 987600000000L, 1)], [(False, True, False, False)])
seventhtest: ([(0, 1, 996370000000L, 2)], [(False, False, True, False)])
eighthtest: ([(0, 1, 987430000000L, 0)], [(True, False, False, False)])
--------------------------------------------------------------------------------
0: 99.0 ['thirdtest', 'eighthtest']
1: 101.0 ['firsttest', 'sixthtest']
2: 97.0 ['fourthtest', 'seventhtest']
3: 98.0 ['secondtest', 'fifthtest']
--------------------------------------------------------------------------------
firsttest: ([(0, 1, 1118170000000L, 1)], [(False, True, False, False)])
secondtest: ([(0, 1, 1116630000000L, 3)], [(False, False, False, True)])
thirdtest: ([(0, 1, 1114330000000L, 0)], [(True, False, False, False)])
fourthtest: ([(0, 1, 1121340000000L, 2)], [(False, False, True, False)])
fifthtest: ([(0, 1, 987960000000L, 3)], [(False, False, False, True)])
sixthtest: ([(0, 1, 988110000000L, 1)], [(False, True, False, False)])
seventhtest: ([(0, 1, 996850000000L, 2)], [(False, False, True, False)])
eighthtest: ([(0, 1, 987920000000L, 0)], [(True, False, False, False)])
--------------------------------------------------------------------------------
0: 99.0 ['thirdtest', 'eighthtest']
1: 101.0 ['firsttest', 'sixthtest']
2: 96.0 ['fourthtest', 'seventhtest']
3: 96.0 ['secondtest', 'fifthtest']
--------------------------------------------------------------------------------
firsttest: ([(0, 1, 1118670000000L, 1)], [(False, True, False, False)])
secondtest: ([(0, 1, 1117130000000L, 3)], [(False, False, False, True)])
thirdtest: ([(0, 1, 1114820000000L, 0)], [(True, False, False, False)])
fourthtest: ([(0, 1, 1121820000000L, 2)], [(False, False, True, False)])
fifthtest: ([(0, 1, 988460000000L, 3)], [(False, False, False, True)])
sixthtest: ([(0, 1, 988600000000L, 1)], [(False, True, False, False)])
seventhtest: ([(0, 1, 997330000000L, 2)], [(False, False, True, False)])
eighthtest: ([(0, 1, 988410000000L, 0)], [(True, False, False, False)])
--------------------------------------------------------------------------------
0: 98.0 ['thirdtest', 'eighthtest']
1: 99.0 ['firsttest', 'sixthtest']
2: 96.0 ['fourthtest', 'seventhtest']
3: 100.0 ['secondtest', 'fifthtest']
--------------------------------------------------------------------------------
firsttest: ([(0, 1, 1119180000000L, 1)], [(False, True, False, False)])
secondtest: ([(0, 1, 1117610000000L, 3)], [(False, False, False, True)])
thirdtest: ([(0, 1, 1115320000000L, 0)], [(True, False, False, False)])
fourthtest: ([(0, 1, 1122320000000L, 2)], [(False, False, True, False)])
fifthtest: ([(0, 1, 988930000000L, 3)], [(False, False, False, True)])
sixthtest: ([(0, 1, 989110000000L, 1)], [(False, True, False, False)])
seventhtest: ([(0, 1, 997830000000L, 2)], [(False, False, True, False)])
eighthtest: ([(0, 1, 988910000000L, 0)], [(True, False, False, False)])
--------------------------------------------------------------------------------
0: 100.0 ['thirdtest', 'eighthtest']
1: 102.0 ['firsttest', 'sixthtest']
2: 100.0 ['fourthtest', 'seventhtest']
3: 95.0 ['secondtest', 'fifthtest']
--------------------------------------------------------------------------------
firsttest: ([(0, 1, 1119680000000L, 1)], [(False, True, False, False)])
secondtest: ([(0, 1, 1118090000000L, 3)], [(False, False, False, True)])
thirdtest: ([(0, 1, 1115820000000L, 0)], [(True, False, False, False)])
fourthtest: ([(0, 1, 1122810000000L, 2)], [(False, False, True, False)])
fifthtest: ([(0, 1, 989420000000L, 3)], [(False, False, False, True)])
sixthtest: ([(0, 1, 989600000000L, 1)], [(False, True, False, False)])
seventhtest: ([(0, 1, 998310000000L, 2)], [(False, False, True, False)])
eighthtest: ([(0, 1, 989410000000L, 0)], [(True, False, False, False)])
--------------------------------------------------------------------------------
0: 100.0 ['thirdtest', 'eighthtest']
1: 99.0 ['firsttest', 'sixthtest']
2: 97.0 ['fourthtest', 'seventhtest']
3: 97.0 ['secondtest', 'fifthtest']
--------------------------------------------------------------------------------
firsttest: ([(0, 1, 1120170000000L, 1)], [(False, True, False, False)])
secondtest: ([(0, 1, 1118560000000L, 3)], [(False, False, False, True)])
thirdtest: ([(0, 1, 1116310000000L, 0)], [(True, False, False, False)])
fourthtest: ([(0, 1, 1123300000000L, 2)], [(False, False, True, False)])
fifthtest: ([(0, 1, 989900000000L, 0)], [(True, False, False, False)])
sixthtest: ([(0, 1, 990100000000L, 1)], [(False, True, False, False)])
seventhtest: ([(0, 1, 998800000000L, 2)], [(False, False, True, False)])
eighthtest: ([(0, 1, 989890000000L, 3)], [(False, False, False, True)])
--------------------------------------------------------------------------------
0: 97.0 ['thirdtest', 'fifthtest']
1: 99.0 ['firsttest', 'sixthtest']
2: 98.0 ['fourthtest', 'seventhtest']
3: 95.0 ['secondtest', 'eighthtest']
--------------------------------------------------------------------------------
firsttest: ([(0, 1, 1120660000000L, 1)], [(False, True, False, False)])
secondtest: ([(0, 1, 1119030000000L, 3)], [(False, False, False, True)])
thirdtest: ([(0, 1, 1116820000000L, 0)], [(True, False, False, False)])
fourthtest: ([(0, 1, 1123780000000L, 2)], [(False, False, True, False)])
fifthtest: ([(0, 1, 990390000000L, 3)], [(False, False, False, True)])
sixthtest: ([(0, 1, 990590000000L, 1)], [(False, True, False, False)])
seventhtest: ([(0, 1, 999290000000L, 2)], [(False, False, True, False)])
eighthtest: ([(0, 1, 990380000000L, 0)], [(True, False, False, False)])
--------------------------------------------------------------------------------
0: 100.0 ['thirdtest', 'eighthtest']
1: 98.0 ['firsttest', 'sixthtest']
2: 97.0 ['fourthtest', 'seventhtest']
3: 96.0 ['secondtest', 'fifthtest']
--------------------------------------------------------------------------------
firsttest: ([(0, 1, 1121160000000L, 1)], [(False, True, False, False)])
secondtest: ([(0, 1, 1119520000000L, 3)], [(False, False, False, True)])
thirdtest: ([(0, 1, 1117320000000L, 0)], [(True, False, False, False)])
fourthtest: ([(0, 1, 1124280000000L, 2)], [(False, False, True, False)])
fifthtest: ([(0, 1, 990870000000L, 3)], [(False, False, False, True)])
sixthtest: ([(0, 1, 991090000000L, 1)], [(False, True, False, False)])
seventhtest: ([(0, 1, 999800000000L, 2)], [(False, False, True, False)])
eighthtest: ([(0, 1, 990890000000L, 0)], [(True, False, False, False)])
--------------------------------------------------------------------------------
0: 101.0 ['thirdtest', 'eighthtest']
1: 100.0 ['firsttest', 'sixthtest']
2: 101.0 ['fourthtest', 'seventhtest']
3: 97.0 ['secondtest', 'fifthtest']
--------------------------------------------------------------------------------
firsttest: ([(0, 1, 1121660000000L, 1)], [(False, True, False, False)])
secondtest: ([(0, 1, 1120000000000L, 3)], [(False, False, False, True)])
thirdtest: ([(0, 1, 1117820000000L, 0)], [(True, False, False, False)])
fourthtest: ([(0, 1, 1124770000000L, 2)], [(False, False, True, False)])
fifthtest: ([(0, 1, 991360000000L, 0)], [(True, False, False, False)])
sixthtest: ([(0, 1, 991590000000L, 1)], [(False, True, False, False)])
seventhtest: ([(0, 1, 1000290000000L, 2)], [(False, False, True, False)])
eighthtest: ([(0, 1, 991380000000L, 3)], [(False, False, False, True)])
--------------------------------------------------------------------------------
0: 99.0 ['thirdtest', 'fifthtest']
1: 100.0 ['firsttest', 'sixthtest']
2: 98.0 ['fourthtest', 'seventhtest']
3: 97.0 ['secondtest', 'eighthtest']
--------------------------------------------------------------------------------
firsttest: ([(0, 1, 1122160000000L, 1)], [(False, True, False, False)])
secondtest: ([(0, 1, 1120490000000L, 3)], [(False, False, False, True)])
thirdtest: ([(0, 1, 1118320000000L, 0)], [(True, False, False, False)])
fourthtest: ([(0, 1, 1125280000000L, 2)], [(False, False, True, False)])
fifthtest: ([(0, 1, 991850000000L, 0)], [(True, False, False, False)])
sixthtest: ([(0, 1, 992090000000L, 1)], [(False, True, False, False)])
seventhtest: ([(0, 1, 1000780000000L, 2)], [(False, False, True, False)])
eighthtest: ([(0, 1, 991880000000L, 3)], [(False, False, False, True)])
--------------------------------------------------------------------------------
0: 99.0 ['thirdtest', 'fifthtest']
1: 100.0 ['firsttest', 'sixthtest']
2: 100.0 ['fourthtest', 'seventhtest']
3: 99.0 ['secondtest', 'eighthtest']
--------------------------------------------------------------------------------
firsttest: ([(0, 1, 1122650000000L, 1)], [(False, True, False, False)])
secondtest: ([(0, 1, 1120980000000L, 3)], [(False, False, False, True)])
thirdtest: ([(0, 1, 1118810000000L, 0)], [(True, False, False, False)])
fourthtest: ([(0, 1, 1125760000000L, 2)], [(False, False, True, False)])
fifthtest: ([(0, 1, 992350000000L, 0)], [(True, False, False, False)])
sixthtest: ([(0, 1, 992580000000L, 1)], [(False, True, False, False)])
seventhtest: ([(0, 1, 1001270000000L, 2)], [(False, False, True, False)])
eighthtest: ([(0, 1, 992360000000L, 3)], [(False, False, False, True)])
--------------------------------------------------------------------------------
0: 99.0 ['thirdtest', 'fifthtest']
1: 98.0 ['firsttest', 'sixthtest']
2: 97.0 ['fourthtest', 'seventhtest']
3: 97.0 ['secondtest', 'eighthtest']
--------------------------------------------------------------------------------
firsttest: ([(0, 1, 1123150000000L, 1)], [(False, True, False, False)])
secondtest: ([(0, 1, 1121470000000L, 3)], [(False, False, False, True)])
thirdtest: ([(0, 1, 1119320000000L, 0)], [(True, False, False, False)])
fourthtest: ([(0, 1, 1126250000000L, 2)], [(False, False, True, False)])
fifthtest: ([(0, 1, 992850000000L, 3)], [(False, False, False, True)])
sixthtest: ([(0, 1, 993080000000L, 1)], [(False, True, False, False)])
seventhtest: ([(0, 1, 1001760000000L, 2)], [(False, False, True, False)])
eighthtest: ([(0, 1, 992870000000L, 0)], [(True, False, False, False)])
--------------------------------------------------------------------------------
0: 102.0 ['thirdtest', 'eighthtest']
1: 100.0 ['firsttest', 'sixthtest']
2: 98.0 ['fourthtest', 'seventhtest']
3: 99.0 ['secondtest', 'fifthtest']
--------------------------------------------------------------------------------
firsttest: ([(0, 1, 1123650000000L, 1)], [(False, True, False, False)])
secondtest: ([(0, 1, 1121970000000L, 3)], [(False, False, False, True)])
thirdtest: ([(0, 1, 1119820000000L, 0)], [(True, False, False, False)])
fourthtest: ([(0, 1, 1126740000000L, 2)], [(False, False, True, False)])
fifthtest: ([(0, 1, 993350000000L, 3)], [(False, False, False, True)])
sixthtest: ([(0, 1, 993580000000L, 1)], [(False, True, False, False)])
seventhtest: ([(0, 1, 1002250000000L, 2)], [(False, False, True, False)])
eighthtest: ([(0, 1, 993360000000L, 0)], [(True, False, False, False)])
--------------------------------------------------------------------------------
0: 99.0 ['thirdtest', 'eighthtest']
1: 100.0 ['firsttest', 'sixthtest']
2: 98.0 ['fourthtest', 'seventhtest']
3: 100.0 ['secondtest', 'fifthtest']
--------------------------------------------------------------------------------
firsttest: ([(0, 1, 1124150000000L, 1)], [(False, True, False, False)])
secondtest: ([(0, 1, 1122450000000L, 3)], [(False, False, False, True)])
thirdtest: ([(0, 1, 1120310000000L, 0)], [(True, False, False, False)])
fourthtest: ([(0, 1, 1127230000000L, 2)], [(False, False, True, False)])
fifthtest: ([(0, 1, 993840000000L, 0)], [(True, False, False, False)])
sixthtest: ([(0, 1, 994080000000L, 1)], [(False, True, False, False)])
seventhtest: ([(0, 1, 1002730000000L, 2)], [(False, False, True, False)])
eighthtest: ([(0, 1, 993870000000L, 3)], [(False, False, False, True)])
--------------------------------------------------------------------------------
0: 98.0 ['thirdtest', 'fifthtest']
1: 100.0 ['firsttest', 'sixthtest']
2: 97.0 ['fourthtest', 'seventhtest']
3: 99.0 ['secondtest', 'eighthtest']
--------------------------------------------------------------------------------
firsttest: ([(0, 1, 1124640000000L, 1)], [(False, True, False, False)])
secondtest: ([(0, 1, 1122950000000L, 3)], [(False, False, False, True)])
thirdtest: ([(0, 1, 1120820000000L, 0)], [(True, False, False, False)])
fourthtest: ([(0, 1, 1127710000000L, 2)], [(False, False, True, False)])
fifthtest: ([(0, 1, 994340000000L, 0)], [(True, False, False, False)])
sixthtest: ([(0, 1, 994580000000L, 1)], [(False, True, False, False)])
seventhtest: ([(0, 1, 1003220000000L, 2)], [(False, False, True, False)])
eighthtest: ([(0, 1, 994350000000L, 3)], [(False, False, False, True)])
--------------------------------------------------------------------------------
0: 101.0 ['thirdtest', 'fifthtest']
1: 99.0 ['firsttest', 'sixthtest']
2: 97.0 ['fourthtest', 'seventhtest']
3: 98.0 ['secondtest', 'eighthtest']
--------------------------------------------------------------------------------
firsttest: ([(0, 1, 1125140000000L, 1)], [(False, True, False, False)])
secondtest: ([(0, 1, 1123420000000L, 3)], [(False, False, False, True)])
thirdtest: ([(0, 1, 1121320000000L, 0)], [(True, False, False, False)])
fourthtest: ([(0, 1, 1128210000000L, 2)], [(False, False, True, False)])
fifthtest: ([(0, 1, 994840000000L, 3)], [(False, False, False, True)])
sixthtest: ([(0, 1, 995070000000L, 1)], [(False, True, False, False)])
seventhtest: ([(0, 1, 1003710000000L, 2)], [(False, False, True, False)])
eighthtest: ([(0, 1, 994830000000L, 0)], [(True, False, False, False)])
--------------------------------------------------------------------------------
0: 98.0 ['thirdtest', 'eighthtest']
1: 99.0 ['firsttest', 'sixthtest']
2: 99.0 ['fourthtest', 'seventhtest']
3: 97.0 ['secondtest', 'fifthtest']
--------------------------------------------------------------------------------
firsttest: ([(0, 1, 1125650000000L, 1)], [(False, True, False, False)])
secondtest: ([(0, 1, 1123910000000L, 3)], [(False, False, False, True)])
thirdtest: ([(0, 1, 1121810000000L, 0)], [(True, False, False, False)])
fourthtest: ([(0, 1, 1128690000000L, 2)], [(False, False, True, False)])
fifthtest: ([(0, 1, 995340000000L, 3)], [(False, False, False, True)])
sixthtest: ([(0, 1, 995580000000L, 1)], [(False, True, False, False)])
seventhtest: ([(0, 1, 1004200000000L, 2)], [(False, False, True, False)])
eighthtest: ([(0, 1, 995340000000L, 0)], [(True, False, False, False)])
--------------------------------------------------------------------------------
0: 100.0 ['thirdtest', 'eighthtest']
1: 102.0 ['firsttest', 'sixthtest']
2: 97.0 ['fourthtest', 'seventhtest']
3: 99.0 ['secondtest', 'fifthtest']
--------------------------------------------------------------------------------
firsttest: ([(0, 1, 1126140000000L, 1)], [(False, True, False, False)])
secondtest: ([(0, 1, 1124400000000L, 3)], [(False, False, False, True)])
thirdtest: ([(0, 1, 1122320000000L, 0)], [(True, False, False, False)])
fourthtest: ([(0, 1, 1129190000000L, 2)], [(False, False, True, False)])
fifthtest: ([(0, 1, 995820000000L, 0)], [(True, False, False, False)])
sixthtest: ([(0, 1, 996070000000L, 1)], [(False, True, False, False)])
seventhtest: ([(0, 1, 1004700000000L, 2)], [(False, False, True, False)])
eighthtest: ([(0, 1, 995820000000L, 3)], [(False, False, False, True)])
--------------------------------------------------------------------------------
0: 99.0 ['thirdtest', 'fifthtest']
1: 98.0 ['firsttest', 'sixthtest']
2: 100.0 ['fourthtest', 'seventhtest']
3: 97.0 ['secondtest', 'eighthtest']
--------------------------------------------------------------------------------
firsttest: ([(0, 1, 1126650000000L, 1)], [(False, True, False, False)])
secondtest: ([(0, 1, 1124890000000L, 3)], [(False, False, False, True)])
thirdtest: ([(0, 1, 1122810000000L, 0)], [(True, False, False, False)])
fourthtest: ([(0, 1, 1129680000000L, 2)], [(False, False, True, False)])
fifthtest: ([(0, 1, 996320000000L, 3)], [(False, False, False, True)])
sixthtest: ([(0, 1, 996580000000L, 1)], [(False, True, False, False)])
seventhtest: ([(0, 1, 1005190000000L, 2)], [(False, False, True, False)])
eighthtest: ([(0, 1, 996320000000L, 0)], [(True, False, False, False)])
--------------------------------------------------------------------------------
0: 99.0 ['thirdtest', 'eighthtest']
1: 102.0 ['firsttest', 'sixthtest']
2: 98.0 ['fourthtest', 'seventhtest']
3: 99.0 ['secondtest', 'fifthtest']
--------------------------------------------------------------------------------
firsttest: ([(0, 1, 1127160000000L, 1)], [(False, True, False, False)])
secondtest: ([(0, 1, 1125370000000L, 3)], [(False, False, False, True)])
thirdtest: ([(0, 1, 1123320000000L, 0)], [(True, False, False, False)])
fourthtest: ([(0, 1, 1130180000000L, 2)], [(False, False, True, False)])
fifthtest: ([(0, 1, 996810000000L, 0)], [(True, False, False, False)])
sixthtest: ([(0, 1, 997090000000L, 1)], [(False, True, False, False)])
seventhtest: ([(0, 1, 1005690000000L, 2)], [(False, False, True, False)])
eighthtest: ([(0, 1, 996810000000L, 3)], [(False, False, False, True)])
--------------------------------------------------------------------------------
0: 100.0 ['thirdtest', 'fifthtest']
1: 102.0 ['firsttest', 'sixthtest']
2: 100.0 ['fourthtest', 'seventhtest']
3: 97.0 ['secondtest', 'eighthtest']
--------------------------------------------------------------------------------
firsttest: ([(0, 1, 1127660000000L, 1)], [(False, True, False, False)])
secondtest: ([(0, 1, 1125850000000L, 3)], [(False, False, False, True)])
thirdtest: ([(0, 1, 1123820000000L, 0)], [(True, False, False, False)])
fourthtest: ([(0, 1, 1130680000000L, 2)], [(False, False, True, False)])
fifthtest: ([(0, 1, 997300000000L, 3)], [(False, False, False, True)])
sixthtest: ([(0, 1, 997590000000L, 1)], [(False, True, False, False)])
seventhtest: ([(0, 1, 1006200000000L, 2)], [(False, False, True, False)])
eighthtest: ([(0, 1, 997300000000L, 0)], [(True, False, False, False)])
--------------------------------------------------------------------------------
0: 99.0 ['thirdtest', 'eighthtest']
1: 100.0 ['firsttest', 'sixthtest']
2: 101.0 ['fourthtest', 'seventhtest']
3: 97.0 ['secondtest', 'fifthtest']
--------------------------------------------------------------------------------
firsttest: ([(0, 1, 1128160000000L, 1)], [(False, True, False, False)])
secondtest: ([(0, 1, 1126320000000L, 3)], [(False, False, False, True)])
thirdtest: ([(0, 1, 1124320000000L, 0)], [(True, False, False, False)])
fourthtest: ([(0, 1, 1131180000000L, 2)], [(False, False, True, False)])
fifthtest: ([(0, 1, 997780000000L, 3)], [(False, False, False, True)])
sixthtest: ([(0, 1, 998090000000L, 1)], [(False, True, False, False)])
seventhtest: ([(0, 1, 1006690000000L, 2)], [(False, False, True, False)])
eighthtest: ([(0, 1, 997800000000L, 0)], [(True, False, False, False)])
--------------------------------------------------------------------------------
0: 100.0 ['thirdtest', 'eighthtest']
1: 100.0 ['firsttest', 'sixthtest']
2: 99.0 ['fourthtest', 'seventhtest']
3: 95.0 ['secondtest', 'fifthtest']
--------------------------------------------------------------------------------
firsttest: ([(0, 1, 1128660000000L, 1)], [(False, True, False, False)])
secondtest: ([(0, 1, 1126820000000L, 3)], [(False, False, False, True)])
thirdtest: ([(0, 1, 1124820000000L, 0)], [(True, False, False, False)])
fourthtest: ([(0, 1, 1131680000000L, 2)], [(False, False, True, False)])
fifthtest: ([(0, 1, 998280000000L, 0)], [(True, False, False, False)])
sixthtest: ([(0, 1, 998590000000L, 1)], [(False, True, False, False)])
seventhtest: ([(0, 1, 1007190000000L, 2)], [(False, False, True, False)])
eighthtest: ([(0, 1, 998300000000L, 3)], [(False, False, False, True)])
--------------------------------------------------------------------------------
0: 100.0 ['thirdtest', 'fifthtest']
1: 100.0 ['firsttest', 'sixthtest']
2: 100.0 ['fourthtest', 'seventhtest']
3: 100.0 ['secondtest', 'eighthtest']
--------------------------------------------------------------------------------
firsttest: ([(0, 1, 1129160000000L, 1)], [(False, True, False, False)])
secondtest: ([(0, 1, 1127300000000L, 3)], [(False, False, False, True)])
thirdtest: ([(0, 1, 1125330000000L, 0)], [(True, False, False, False)])
fourthtest: ([(0, 1, 1132180000000L, 2)], [(False, False, True, False)])
fifthtest: ([(0, 1, 998780000000L, 0)], [(True, False, False, False)])
sixthtest: ([(0, 1, 999090000000L, 1)], [(False, True, False, False)])
seventhtest: ([(0, 1, 1007700000000L, 2)], [(False, False, True, False)])
eighthtest: ([(0, 1, 998780000000L, 3)], [(False, False, False, True)])
--------------------------------------------------------------------------------
0: 101.0 ['thirdtest', 'fifthtest']
1: 100.0 ['firsttest', 'sixthtest']
2: 101.0 ['fourthtest', 'seventhtest']
3: 96.0 ['secondtest', 'eighthtest']
--------------------------------------------------------------------------------
firsttest: ([(0, 1, 1129660000000L, 1)], [(False, True, False, False)])
secondtest: ([(0, 1, 1127790000000L, 3)], [(False, False, False, True)])
thirdtest: ([(0, 1, 1125820000000L, 0)], [(True, False, False, False)])
fourthtest: ([(0, 1, 1132680000000L, 2)], [(False, False, True, False)])
fifthtest: ([(0, 1, 999280000000L, 3)], [(False, False, False, True)])
sixthtest: ([(0, 1, 999590000000L, 1)], [(False, True, False, False)])
seventhtest: ([(0, 1, 1008180000000L, 2)], [(False, False, True, False)])
eighthtest: ([(0, 1, 999280000000L, 0)], [(True, False, False, False)])
--------------------------------------------------------------------------------
0: 99.0 ['thirdtest', 'eighthtest']
1: 100.0 ['firsttest', 'sixthtest']
2: 98.0 ['fourthtest', 'seventhtest']
3: 99.0 ['secondtest', 'fifthtest']
--------------------------------------------------------------------------------
firsttest: ([(0, 1, 1130160000000L, 1)], [(False, True, False, False)])
secondtest: ([(0, 1, 1128270000000L, 3)], [(False, False, False, True)])
thirdtest: ([(0, 1, 1126320000000L, 0)], [(True, False, False, False)])
fourthtest: ([(0, 1, 1133180000000L, 2)], [(False, False, True, False)])
fifthtest: ([(0, 1, 999770000000L, 0)], [(True, False, False, False)])
sixthtest: ([(0, 1, 1000090000000L, 1)], [(False, True, False, False)])
seventhtest: ([(0, 1, 1008680000000L, 2)], [(False, False, True, False)])
eighthtest: ([(0, 1, 999770000000L, 3)], [(False, False, False, True)])
--------------------------------------------------------------------------------
0: 99.0 ['thirdtest', 'fifthtest']
1: 100.0 ['firsttest', 'sixthtest']
2: 100.0 ['fourthtest', 'seventhtest']
3: 97.0 ['secondtest', 'eighthtest']
--------------------------------------------------------------------------------
firsttest: ([(0, 1, 1130660000000L, 1)], [(False, True, False, False)])
secondtest: ([(0, 1, 1128750000000L, 3)], [(False, False, False, True)])
thirdtest: ([(0, 1, 1126820000000L, 0)], [(True, False, False, False)])
fourthtest: ([(0, 1, 1133670000000L, 2)], [(False, False, True, False)])
fifthtest: ([(0, 1, 1000260000000L, 0)], [(True, False, False, False)])
sixthtest: ([(0, 1, 1000590000000L, 1)], [(False, True, False, False)])
seventhtest: ([(0, 1, 1009180000000L, 2)], [(False, False, True, False)])
eighthtest: ([(0, 1, 1000250000000L, 3)], [(False, False, False, True)])
--------------------------------------------------------------------------------
0: 99.0 ['thirdtest', 'fifthtest']
1: 100.0 ['firsttest', 'sixthtest']
2: 99.0 ['fourthtest', 'seventhtest']
3: 96.0 ['secondtest', 'eighthtest']
--------------------------------------------------------------------------------
firsttest: ([(0, 1, 1131160000000L, 1)], [(False, True, False, False)])
secondtest: ([(0, 1, 1129220000000L, 3)], [(False, False, False, True)])
thirdtest: ([(0, 1, 1127320000000L, 0)], [(True, False, False, False)])
fourthtest: ([(0, 1, 1134180000000L, 2)], [(False, False, True, False)])
fifthtest: ([(0, 1, 1000750000000L, 3)], [(False, False, False, True)])
sixthtest: ([(0, 1, 1001090000000L, 1)], [(False, True, False, False)])
seventhtest: ([(0, 1, 1009680000000L, 2)], [(False, False, True, False)])
eighthtest: ([(0, 1, 1000740000000L, 0)], [(True, False, False, False)])
--------------------------------------------------------------------------------
0: 99.0 ['thirdtest', 'eighthtest']
1: 100.0 ['firsttest', 'sixthtest']
2: 101.0 ['fourthtest', 'seventhtest']
3: 96.0 ['secondtest', 'fifthtest']
--------------------------------------------------------------------------------
firsttest: ([(0, 1, 1131650000000L, 1)], [(False, True, False, False)])
secondtest: ([(0, 1, 1129720000000L, 3)], [(False, False, False, True)])
thirdtest: ([(0, 1, 1127820000000L, 0)], [(True, False, False, False)])
fourthtest: ([(0, 1, 1134660000000L, 2)], [(False, False, True, False)])
fifthtest: ([(0, 1, 1001240000000L, 3)], [(False, False, False, True)])
sixthtest: ([(0, 1, 1001590000000L, 1)], [(False, True, False, False)])
seventhtest: ([(0, 1, 1010170000000L, 2)], [(False, False, True, False)])
eighthtest: ([(0, 1, 1001240000000L, 0)], [(True, False, False, False)])
--------------------------------------------------------------------------------
0: 100.0 ['thirdtest', 'eighthtest']
1: 99.0 ['firsttest', 'sixthtest']
2: 97.0 ['fourthtest', 'seventhtest']
3: 99.0 ['secondtest', 'fifthtest']
--------------------------------------------------------------------------------
firsttest: ([(0, 1, 1132160000000L, 1)], [(False, True, False, False)])
secondtest: ([(0, 1, 1130190000000L, 3)], [(False, False, False, True)])
thirdtest: ([(0, 1, 1128320000000L, 0)], [(True, False, False, False)])
fourthtest: ([(0, 1, 1135150000000L, 2)], [(False, False, True, False)])
fifthtest: ([(0, 1, 1001730000000L, 3)], [(False, False, False, True)])
sixthtest: ([(0, 1, 1002090000000L, 1)], [(False, True, False, False)])
seventhtest: ([(0, 1, 1010660000000L, 2)], [(False, False, True, False)])
eighthtest: ([(0, 1, 1001730000000L, 0)], [(True, False, False, False)])
--------------------------------------------------------------------------------
0: 99.0 ['thirdtest', 'eighthtest']
1: 101.0 ['firsttest', 'sixthtest']
2: 98.0 ['fourthtest', 'seventhtest']
3: 96.0 ['secondtest', 'fifthtest']
--------------------------------------------------------------------------------
firsttest: ([(0, 1, 1132670000000L, 1)], [(False, True, False, False)])
secondtest: ([(0, 1, 1130690000000L, 3)], [(False, False, False, True)])
thirdtest: ([(0, 1, 1128820000000L, 0)], [(True, False, False, False)])
fourthtest: ([(0, 1, 1135640000000L, 2)], [(False, False, True, False)])
fifthtest: ([(0, 1, 1002220000000L, 0)], [(True, False, False, False)])
sixthtest: ([(0, 1, 1002600000000L, 1)], [(False, True, False, False)])
seventhtest: ([(0, 1, 1011150000000L, 2)], [(False, False, True, False)])
eighthtest: ([(0, 1, 1002230000000L, 3)], [(False, False, False, True)])
--------------------------------------------------------------------------------
0: 99.0 ['thirdtest', 'fifthtest']
1: 102.0 ['firsttest', 'sixthtest']
2: 98.0 ['fourthtest', 'seventhtest']
3: 100.0 ['secondtest', 'eighthtest']
--------------------------------------------------------------------------------
firsttest: ([(0, 1, 1133170000000L, 1)], [(False, True, False, False)])
secondtest: ([(0, 1, 1131180000000L, 3)], [(False, False, False, True)])
thirdtest: ([(0, 1, 1129320000000L, 0)], [(True, False, False, False)])
fourthtest: ([(0, 1, 1136130000000L, 2)], [(False, False, True, False)])
fifthtest: ([(0, 1, 1002720000000L, 3)], [(False, False, False, True)])
sixthtest: ([(0, 1, 1003110000000L, 1)], [(False, True, False, False)])
seventhtest: ([(0, 1, 1011640000000L, 2)], [(False, False, True, False)])
eighthtest: ([(0, 1, 1002720000000L, 0)], [(True, False, False, False)])
--------------------------------------------------------------------------------
0: 99.0 ['thirdtest', 'eighthtest']
1: 101.0 ['firsttest', 'sixthtest']
2: 98.0 ['fourthtest', 'seventhtest']
3: 99.0 ['secondtest', 'fifthtest']
--------------------------------------------------------------------------------
firsttest: ([(0, 1, 1133680000000L, 1)], [(False, True, False, False)])
secondtest: ([(0, 1, 1131660000000L, 3)], [(False, False, False, True)])
thirdtest: ([(0, 1, 1129820000000L, 0)], [(True, False, False, False)])
fourthtest: ([(0, 1, 1136630000000L, 2)], [(False, False, True, False)])
fifthtest: ([(0, 1, 1003210000000L, 3)], [(False, False, False, True)])
sixthtest: ([(0, 1, 1003610000000L, 1)], [(False, True, False, False)])
seventhtest: ([(0, 1, 1012150000000L, 2)], [(False, False, True, False)])
eighthtest: ([(0, 1, 1003210000000L, 0)], [(True, False, False, False)])
--------------------------------------------------------------------------------
0: 99.0 ['thirdtest', 'eighthtest']
1: 101.0 ['firsttest', 'sixthtest']
2: 101.0 ['fourthtest', 'seventhtest']
3: 97.0 ['secondtest', 'fifthtest']
--------------------------------------------------------------------------------
firsttest: ([(0, 1, 1134180000000L, 1)], [(False, True, False, False)])
secondtest: ([(0, 1, 1132140000000L, 3)], [(False, False, False, True)])
thirdtest: ([(0, 1, 1130320000000L, 0)], [(True, False, False, False)])
fourthtest: ([(0, 1, 1137130000000L, 2)], [(False, False, True, False)])
fifthtest: ([(0, 1, 1003690000000L, 0)], [(True, False, False, False)])
sixthtest: ([(0, 1, 1004110000000L, 1)], [(False, True, False, False)])
seventhtest: ([(0, 1, 1012640000000L, 2)], [(False, False, True, False)])
eighthtest: ([(0, 1, 1003710000000L, 3)], [(False, False, False, True)])
--------------------------------------------------------------------------------
0: 98.0 ['thirdtest', 'fifthtest']
1: 100.0 ['firsttest', 'sixthtest']
2: 99.0 ['fourthtest', 'seventhtest']
3: 98.0 ['secondtest', 'eighthtest']
--------------------------------------------------------------------------------
firsttest: ([(0, 1, 1134670000000L, 1)], [(False, True, False, False)])
secondtest: ([(0, 1, 1132620000000L, 3)], [(False, False, False, True)])
thirdtest: ([(0, 1, 1130810000000L, 0)], [(True, False, False, False)])
fourthtest: ([(0, 1, 1137630000000L, 2)], [(False, False, True, False)])
fifthtest: ([(0, 1, 1004180000000L, 0)], [(True, False, False, False)])
sixthtest: ([(0, 1, 1004610000000L, 1)], [(False, True, False, False)])
seventhtest: ([(0, 1, 1013140000000L, 2)], [(False, False, True, False)])
eighthtest: ([(0, 1, 1004190000000L, 3)], [(False, False, False, True)])
--------------------------------------------------------------------------------
0: 98.0 ['thirdtest', 'fifthtest']
1: 99.0 ['firsttest', 'sixthtest']
2: 100.0 ['fourthtest', 'seventhtest']
3: 96.0 ['secondtest', 'eighthtest']
--------------------------------------------------------------------------------
firsttest: ([(0, 1, 1135180000000L, 1)], [(False, True, False, False)])
secondtest: ([(0, 1, 1133100000000L, 3)], [(False, False, False, True)])
thirdtest: ([(0, 1, 1131300000000L, 0)], [(True, False, False, False)])
fourthtest: ([(0, 1, 1138130000000L, 2)], [(False, False, True, False)])
fifthtest: ([(0, 1, 1004660000000L, 3)], [(False, False, False, True)])
sixthtest: ([(0, 1, 1005110000000L, 1)], [(False, True, False, False)])
seventhtest: ([(0, 1, 1013650000000L, 2)], [(False, False, True, False)])
eighthtest: ([(0, 1, 1004670000000L, 0)], [(True, False, False, False)])
--------------------------------------------------------------------------------
0: 97.0 ['thirdtest', 'eighthtest']
1: 101.0 ['firsttest', 'sixthtest']
2: 101.0 ['fourthtest', 'seventhtest']
3: 96.0 ['secondtest', 'fifthtest']
--------------------------------------------------------------------------------
firsttest: ([(0, 1, 1135680000000L, 1)], [(False, True, False, False)])
secondtest: ([(0, 1, 1133580000000L, 3)], [(False, False, False, True)])
thirdtest: ([(0, 1, 1131800000000L, 0)], [(True, False, False, False)])
fourthtest: ([(0, 1, 1138630000000L, 2)], [(False, False, True, False)])
fifthtest: ([(0, 1, 1005160000000L, 3)], [(False, False, False, True)])
sixthtest: ([(0, 1, 1005610000000L, 1)], [(False, True, False, False)])
seventhtest: ([(0, 1, 1014140000000L, 2)], [(False, False, True, False)])
eighthtest: ([(0, 1, 1005170000000L, 0)], [(True, False, False, False)])
--------------------------------------------------------------------------------
0: 100.0 ['thirdtest', 'eighthtest']
1: 100.0 ['firsttest', 'sixthtest']
2: 99.0 ['fourthtest', 'seventhtest']
3: 98.0 ['secondtest', 'fifthtest']
--------------------------------------------------------------------------------
firsttest: ([(0, 1, 1136180000000L, 1)], [(False, True, False, False)])
secondtest: ([(0, 1, 1134070000000L, 3)], [(False, False, False, True)])
thirdtest: ([(0, 1, 1132300000000L, 0)], [(True, False, False, False)])
fourthtest: ([(0, 1, 1139120000000L, 2)], [(False, False, True, False)])
fifthtest: ([(0, 1, 1005640000000L, 0)], [(True, False, False, False)])
sixthtest: ([(0, 1, 1006100000000L, 1)], [(False, True, False, False)])
seventhtest: ([(0, 1, 1014630000000L, 2)], [(False, False, True, False)])
eighthtest: ([(0, 1, 1005660000000L, 3)], [(False, False, False, True)])
--------------------------------------------------------------------------------
0: 98.0 ['thirdtest', 'fifthtest']
1: 99.0 ['firsttest', 'sixthtest']
2: 98.0 ['fourthtest', 'seventhtest']
3: 98.0 ['secondtest', 'eighthtest']
--------------------------------------------------------------------------------
firsttest: ([(0, 1, 1136680000000L, 1)], [(False, True, False, False)])
secondtest: ([(0, 1, 1134550000000L, 3)], [(False, False, False, True)])
thirdtest: ([(0, 1, 1132790000000L, 0)], [(True, False, False, False)])
fourthtest: ([(0, 1, 1139610000000L, 2)], [(False, False, True, False)])
fifthtest: ([(0, 1, 1006130000000L, 0)], [(True, False, False, False)])
sixthtest: ([(0, 1, 1006610000000L, 1)], [(False, True, False, False)])
seventhtest: ([(0, 1, 1015120000000L, 2)], [(False, False, True, False)])
eighthtest: ([(0, 1, 1006140000000L, 3)], [(False, False, False, True)])
--------------------------------------------------------------------------------
0: 98.0 ['thirdtest', 'fifthtest']
1: 101.0 ['firsttest', 'sixthtest']
2: 98.0 ['fourthtest', 'seventhtest']
3: 96.0 ['secondtest', 'eighthtest']
--------------------------------------------------------------------------------
firsttest: ([(0, 1, 1137180000000L, 1)], [(False, True, False, False)])
secondtest: ([(0, 1, 1135040000000L, 3)], [(False, False, False, True)])
thirdtest: ([(0, 1, 1133280000000L, 0)], [(True, False, False, False)])
fourthtest: ([(0, 1, 1140100000000L, 2)], [(False, False, True, False)])
fifthtest: ([(0, 1, 1006620000000L, 3)], [(False, False, False, True)])
sixthtest: ([(0, 1, 1007110000000L, 1)], [(False, True, False, False)])
seventhtest: ([(0, 1, 1015600000000L, 2)], [(False, False, True, False)])
eighthtest: ([(0, 1, 1006640000000L, 0)], [(True, False, False, False)])
--------------------------------------------------------------------------------
0: 99.0 ['thirdtest', 'eighthtest']
1: 100.0 ['firsttest', 'sixthtest']
2: 97.0 ['fourthtest', 'seventhtest']
3: 98.0 ['secondtest', 'fifthtest']
--------------------------------------------------------------------------------
firsttest: ([(0, 1, 1137680000000L, 1)], [(False, True, False, False)])
secondtest: ([(0, 1, 1135520000000L, 3)], [(False, False, False, True)])
thirdtest: ([(0, 1, 1133780000000L, 0)], [(True, False, False, False)])
fourthtest: ([(0, 1, 1140600000000L, 2)], [(False, False, True, False)])
fifthtest: ([(0, 1, 1007100000000L, 0)], [(True, False, False, False)])
sixthtest: ([(0, 1, 1007600000000L, 1)], [(False, True, False, False)])
seventhtest: ([(0, 1, 1016110000000L, 2)], [(False, False, True, False)])
eighthtest: ([(0, 1, 1007140000000L, 3)], [(False, False, False, True)])
--------------------------------------------------------------------------------
0: 98.0 ['thirdtest', 'fifthtest']
1: 99.0 ['firsttest', 'sixthtest']
2: 101.0 ['fourthtest', 'seventhtest']
3: 98.0 ['secondtest', 'eighthtest']
--------------------------------------------------------------------------------
firsttest: ([(0, 1, 1138180000000L, 1)], [(False, True, False, False)])
secondtest: ([(0, 1, 1136000000000L, 3)], [(False, False, False, True)])
thirdtest: ([(0, 1, 1134270000000L, 0)], [(True, False, False, False)])
fourthtest: ([(0, 1, 1141100000000L, 2)], [(False, False, True, False)])
fifthtest: ([(0, 1, 1007600000000L, 0)], [(True, False, False, False)])
sixthtest: ([(0, 1, 1008120000000L, 1)], [(False, True, False, False)])
seventhtest: ([(0, 1, 1016610000000L, 2)], [(False, False, True, False)])
eighthtest: ([(0, 1, 1007620000000L, 3)], [(False, False, False, True)])
--------------------------------------------------------------------------------
0: 99.0 ['thirdtest', 'fifthtest']
1: 102.0 ['firsttest', 'sixthtest']
2: 100.0 ['fourthtest', 'seventhtest']
3: 96.0 ['secondtest', 'eighthtest']
--------------------------------------------------------------------------------
firsttest: ([(0, 1, 1138680000000L, 1)], [(False, True, False, False)])
secondtest: ([(0, 1, 1136490000000L, 3)], [(False, False, False, True)])
thirdtest: ([(0, 1, 1134760000000L, 0)], [(True, False, False, False)])
fourthtest: ([(0, 1, 1141590000000L, 2)], [(False, False, True, False)])
fifthtest: ([(0, 1, 1008090000000L, 0)], [(True, False, False, False)])
sixthtest: ([(0, 1, 1008610000000L, 1)], [(False, True, False, False)])
seventhtest: ([(0, 1, 1017100000000L, 2)], [(False, False, True, False)])
eighthtest: ([(0, 1, 1008100000000L, 3)], [(False, False, False, True)])
--------------------------------------------------------------------------------
0: 98.0 ['thirdtest', 'fifthtest']
1: 99.0 ['firsttest', 'sixthtest']
2: 98.0 ['fourthtest', 'seventhtest']
3: 97.0 ['secondtest', 'eighthtest']
--------------------------------------------------------------------------------
firsttest: ([(0, 1, 1139170000000L, 1)], [(False, True, False, False)])
secondtest: ([(0, 1, 1136980000000L, 3)], [(False, False, False, True)])
thirdtest: ([(0, 1, 1135260000000L, 0)], [(True, False, False, False)])
fourthtest: ([(0, 1, 1142070000000L, 2)], [(False, False, True, False)])
fifthtest: ([(0, 1, 1008580000000L, 3)], [(False, False, False, True)])
sixthtest: ([(0, 1, 1009110000000L, 1)], [(False, True, False, False)])
seventhtest: ([(0, 1, 1017570000000L, 2)], [(False, False, True, False)])
eighthtest: ([(0, 1, 1008600000000L, 0)], [(True, False, False, False)])
--------------------------------------------------------------------------------
0: 100.0 ['thirdtest', 'eighthtest']
1: 99.0 ['firsttest', 'sixthte