Phase 0 time 1
Class 0:
Minimum packet latency = 1.79769e+308
Average packet latency = -nan
Maximum packet latency = 2.22507e-308
Minimum network latency = 1.79769e+308
Average network latency = -nan
Maximum network latency = 2.22507e-308
Slowest packet = -1
Minimum flit latency = 1.79769e+308
Average flit latency = -nan
Maximum flit latency = 2.22507e-308
Slowest flit = -1
Minimum fragmentation = 1.79769e+308
Average fragmentation = -nan
Maximum fragmentation = 2.22507e-308
Minimum injected packet rate = 0 (at node 0)
Average injected packet rate = 0
Maximum injected packet rate = 0 (at node 0)
Minimum accepted packet rate = 0 (at node 0)
Average accepted packet rate = 0
Maximum accepted packet rate = 0 (at node 0)
Minimum injected flit rate = 0 (at node 0)
Average injected flit rate = 0
Maximum injected flit rate = 0 (at node 0)
Minimum accepted flit rate = 0 (at node 0)
Average accepted flit rate = 0
Maximum accepted flit rate = 0 (at node 0)
Average injected packet length = -nan
Average accepted packet length = -nan
Total in-flight flits = 0 (0 measured)
latency change    = nan
throughput change = nan

Phase 1 time 1000001
Class 0:
Minimum packet latency = 8
Average packet latency = 10.8238
Maximum packet latency = 18
Minimum network latency = 8
Average network latency = 10.8238
Maximum network latency = 18
Slowest packet = 45
Minimum flit latency = 8
Average flit latency = 8.82438
Maximum flit latency = 14
Slowest flit = 133
Minimum fragmentation = 0
Average fragmentation = 0.00211876
Maximum fragmentation = 5
Minimum injected packet rate = 0.002444 (at node 3)
Average injected packet rate = 0.004484
Maximum injected packet rate = 0.00896899 (at node 0)
Minimum accepted packet rate = 0.002444 (at node 3)
Average accepted packet rate = 0.00448375
Maximum accepted packet rate = 0.00896699 (at node 0)
Minimum injected flit rate = 0.00765199 (at node 3)
Average injected flit rate = 0.013451
Maximum injected flit rate = 0.025945 (at node 0)
Minimum accepted flit rate = 0.00701199 (at node 3)
Average accepted flit rate = 0.0134507
Maximum accepted flit rate = 0.027859 (at node 0)
Average injected packet length = 2.99978
Average accepted packet length = 2.99989
Total in-flight flits = 1 (1 measured)
latency change    = nan
throughput change = 1

Phase 2 time 2000001
Class 0:
Minimum packet latency = 8
Average packet latency = 10.7737
Maximum packet latency = 18
Minimum network latency = 8
Average network latency = 10.7737
Maximum network latency = 18
Slowest packet = 45
Minimum flit latency = 8
Average flit latency = 8.77403
Maximum flit latency = 14
Slowest flit = 133
Minimum fragmentation = 0
Average fragmentation = 0.00213938
Maximum fragmentation = 5
Minimum injected packet rate = 0.0025975 (at node 3)
Average injected packet rate = 0.00508325
Maximum injected packet rate = 0.0101665 (at node 0)
Minimum accepted packet rate = 0.0025975 (at node 3)
Average accepted packet rate = 0.00508325
Maximum accepted packet rate = 0.0101665 (at node 0)
Minimum injected flit rate = 0.0079535 (at node 3)
Average injected flit rate = 0.0152497
Maximum injected flit rate = 0.0300185 (at node 0)
Minimum accepted flit rate = 0.0076315 (at node 3)
Average accepted flit rate = 0.0152497
Maximum accepted flit rate = 0.0309805 (at node 0)
Average injected packet length = 3
Average accepted packet length = 3
Total in-flight flits = 0 (0 measured)
latency change    = 0.00464874
throughput change = 0.11797

Phase 3 time 3000001
Class 0:
Minimum packet latency = 8
Average packet latency = 10.8163
Maximum packet latency = 21
Minimum network latency = 8
Average network latency = 10.8163
Maximum network latency = 21
Slowest packet = 44936
Minimum flit latency = 8
Average flit latency = 8.81668
Maximum flit latency = 18
Slowest flit = 134809
Minimum fragmentation = 0
Average fragmentation = 0.0038417
Maximum fragmentation = 5
Minimum injected packet rate = 0.002198 (at node 3)
Average injected packet rate = 0.00409975
Maximum injected packet rate = 0.00819966 (at node 0)
Minimum accepted packet rate = 0.00219833 (at node 3)
Average accepted packet rate = 0.00409975
Maximum accepted packet rate = 0.00819933 (at node 0)
Minimum injected flit rate = 0.00670066 (at node 3)
Average injected flit rate = 0.0122991
Maximum injected flit rate = 0.0242783 (at node 0)
Minimum accepted flit rate = 0.00648766 (at node 3)
Average accepted flit rate = 0.0122991
Maximum accepted flit rate = 0.024918 (at node 0)
Average injected packet length = 2.99996
Average accepted packet length = 2.99996
Total in-flight flits = 0 (0 measured)
latency change    = 0.00394421
throughput change = 0.239909

Phase 4 time 4000001
Class 0:
Minimum packet latency = 8
Average packet latency = 10.8283
Maximum packet latency = 21
Minimum network latency = 8
Average network latency = 10.8283
Maximum network latency = 21
Slowest packet = 44936
Minimum flit latency = 8
Average flit latency = 8.82898
Maximum flit latency = 18
Slowest flit = 134809
Minimum fragmentation = 0
Average fragmentation = 0.00372898
Maximum fragmentation = 5
Minimum injected packet rate = 0.00182325 (at node 3)
Average injected packet rate = 0.00335212
Maximum injected packet rate = 0.00670425 (at node 0)
Minimum accepted packet rate = 0.00182325 (at node 3)
Average accepted packet rate = 0.00335212
Maximum accepted packet rate = 0.00670425 (at node 0)
Minimum injected flit rate = 0.00555025 (at node 3)
Average injected flit rate = 0.0100564
Maximum injected flit rate = 0.0198722 (at node 0)
Minimum accepted flit rate = 0.00538925 (at node 3)
Average accepted flit rate = 0.0100564
Maximum accepted flit rate = 0.0203532 (at node 0)
Average injected packet length = 3
Average accepted packet length = 3
Total in-flight flits = 0 (0 measured)
latency change    = 0.00110534
throughput change = 0.223013

Phase 5 time 5000001
Class 0:
Minimum packet latency = 8
Average packet latency = 10.8546
Maximum packet latency = 21
Minimum network latency = 8
Average network latency = 10.8546
Maximum network latency = 21
Slowest packet = 44936
Minimum flit latency = 8
Average flit latency = 8.85512
Maximum flit latency = 18
Slowest flit = 134809
Minimum fragmentation = 0
Average fragmentation = 0.00368388
Maximum fragmentation = 5
Minimum injected packet rate = 0.0017824 (at node 3)
Average injected packet rate = 0.003176
Maximum injected packet rate = 0.0063522 (at node 0)
Minimum accepted packet rate = 0.0017826 (at node 3)
Average accepted packet rate = 0.003176
Maximum accepted packet rate = 0.0063518 (at node 0)
Minimum injected flit rate = 0.0054112 (at node 3)
Average injected flit rate = 0.0095278
Maximum injected flit rate = 0.0188642 (at node 0)
Minimum accepted flit rate = 0.0052834 (at node 3)
Average accepted flit rate = 0.0095278
Maximum accepted flit rate = 0.019247 (at node 0)
Average injected packet length = 2.99994
Average accepted packet length = 2.99994
Total in-flight flits = 0 (0 measured)
latency change    = 0.00242128
throughput change = 0.0554771

Phase 6 time 6000001
Class 0:
Minimum packet latency = 8
Average packet latency = 10.875
Maximum packet latency = 21
Minimum network latency = 8
Average network latency = 10.875
Maximum network latency = 21
Slowest packet = 44936
Minimum flit latency = 8
Average flit latency = 8.87569
Maximum flit latency = 18
Slowest flit = 134809
Minimum fragmentation = 0
Average fragmentation = 0.00409978
Maximum fragmentation = 5
Minimum injected packet rate = 0.00179617 (at node 3)
Average injected packet rate = 0.00313025
Maximum injected packet rate = 0.0062605 (at node 0)
Minimum accepted packet rate = 0.00179617 (at node 3)
Average accepted packet rate = 0.00313025
Maximum accepted packet rate = 0.0062605 (at node 0)
Minimum injected flit rate = 0.00544217 (at node 3)
Average injected flit rate = 0.00939075
Maximum injected flit rate = 0.0186212 (at node 0)
Minimum accepted flit rate = 0.00533483 (at node 3)
Average accepted flit rate = 0.00939075
Maximum accepted flit rate = 0.0189418 (at node 0)
Average injected packet length = 3
Average accepted packet length = 3
Total in-flight flits = 0 (0 measured)
latency change    = 0.00187973
throughput change = 0.0145941

Phase 7 time 7000001
Class 0:
Minimum packet latency = 8
Average packet latency = 10.8782
Maximum packet latency = 21
Minimum network latency = 8
Average network latency = 10.8782
Maximum network latency = 21
Slowest packet = 44936
Minimum flit latency = 8
Average flit latency = 8.87884
Maximum flit latency = 18
Slowest flit = 134809
Minimum fragmentation = 0
Average fragmentation = 0.0046024
Maximum fragmentation = 5
Minimum injected packet rate = 0.00166814 (at node 3)
Average injected packet rate = 0.00290221
Maximum injected packet rate = 0.00580443 (at node 0)
Minimum accepted packet rate = 0.00166814 (at node 3)
Average accepted packet rate = 0.00290221
Maximum accepted packet rate = 0.00580443 (at node 0)
Minimum injected flit rate = 0.00505043 (at node 3)
Average injected flit rate = 0.00870664
Maximum injected flit rate = 0.0172759 (at node 0)
Minimum accepted flit rate = 0.00495843 (at node 3)
Average accepted flit rate = 0.00870664
Maximum accepted flit rate = 0.0175507 (at node 0)
Average injected packet length = 3
Average accepted packet length = 3
Total in-flight flits = 0 (0 measured)
latency change    = 0.000290568
throughput change = 0.078573

Phase 8 time 8000001
Class 0:
Minimum packet latency = 8
Average packet latency = 10.8785
Maximum packet latency = 21
Minimum network latency = 8
Average network latency = 10.8785
Maximum network latency = 21
Slowest packet = 44936
Minimum flit latency = 8
Average flit latency = 8.87926
Maximum flit latency = 18
Slowest flit = 134809
Minimum fragmentation = 0
Average fragmentation = 0.00455367
Maximum fragmentation = 5
Minimum injected packet rate = 0.00156987 (at node 3)
Average injected packet rate = 0.00273131
Maximum injected packet rate = 0.00546262 (at node 0)
Minimum accepted packet rate = 0.00156987 (at node 3)
Average accepted packet rate = 0.00273131
Maximum accepted packet rate = 0.00546262 (at node 0)
Minimum injected flit rate = 0.00474987 (at node 3)
Average injected flit rate = 0.00819394
Maximum injected flit rate = 0.0162676 (at node 0)
Minimum accepted flit rate = 0.00466937 (at node 3)
Average accepted flit rate = 0.00819394
Maximum accepted flit rate = 0.0165081 (at node 0)
Average injected packet length = 3
Average accepted packet length = 3
Total in-flight flits = 0 (0 measured)
latency change    = 3.36023e-05
throughput change = 0.0625713

Phase 9 time 9000001
Class 0:
Minimum packet latency = 8
Average packet latency = 10.8882
Maximum packet latency = 21
Minimum network latency = 8
Average network latency = 10.8882
Maximum network latency = 21
Slowest packet = 44936
Minimum flit latency = 8
Average flit latency = 8.88867
Maximum flit latency = 18
Slowest flit = 134809
Minimum fragmentation = 0
Average fragmentation = 0.00478354
Maximum fragmentation = 5
Minimum injected packet rate = 0.00154789 (at node 3)
Average injected packet rate = 0.00266539
Maximum injected packet rate = 0.00533078 (at node 0)
Minimum accepted packet rate = 0.00154789 (at node 3)
Average accepted packet rate = 0.00266539
Maximum accepted packet rate = 0.00533078 (at node 0)
Minimum injected flit rate = 0.00467944 (at node 3)
Average injected flit rate = 0.00799617
Maximum injected flit rate = 0.0158854 (at node 0)
Minimum accepted flit rate = 0.00460789 (at node 3)
Average accepted flit rate = 0.00799617
Maximum accepted flit rate = 0.0160992 (at node 0)
Average injected packet length = 3
Average accepted packet length = 3
Total in-flight flits = 0 (0 measured)
latency change    = 0.000884069
throughput change = 0.0247332

Phase 10 time 10000001
Class 0:
Minimum packet latency = 8
Average packet latency = 10.8995
Maximum packet latency = 21
Minimum network latency = 8
Average network latency = 10.8995
Maximum network latency = 21
Slowest packet = 44936
Minimum flit latency = 8
Average flit latency = 8.90016
Maximum flit latency = 18
Slowest flit = 134809
Minimum fragmentation = 0
Average fragmentation = 0.00554373
Maximum fragmentation = 5
Minimum injected packet rate = 0.0015722 (at node 3)
Average injected packet rate = 0.0026787
Maximum injected packet rate = 0.0053575 (at node 0)
Minimum accepted packet rate = 0.0015723 (at node 3)
Average accepted packet rate = 0.0026787
Maximum accepted packet rate = 0.0053573 (at node 0)
Minimum injected flit rate = 0.0047486 (at node 3)
Average injected flit rate = 0.008036
Maximum injected flit rate = 0.0159763 (at node 0)
Minimum accepted flit rate = 0.0046847 (at node 3)
Average accepted flit rate = 0.008036
Maximum accepted flit rate = 0.0161677 (at node 0)
Average injected packet length = 2.99996
Average accepted packet length = 2.99996
Total in-flight flits = 0 (0 measured)
latency change    = 0.00103674
throughput change = 0.00495687

Phase 11 time 11000001
Class 0:
Minimum packet latency = 8
Average packet latency = 10.9048
Maximum packet latency = 21
Minimum network latency = 8
Average network latency = 10.9048
Maximum network latency = 21
Slowest packet = 44936
Minimum flit latency = 8
Average flit latency = 8.90541
Maximum flit latency = 18
Slowest flit = 134809
Minimum fragmentation = 0
Average fragmentation = 0.00557465
Maximum fragmentation = 5
Minimum injected packet rate = 0.00150664 (at node 3)
Average injected packet rate = 0.00255214
Maximum injected packet rate = 0.00510427 (at node 0)
Minimum accepted packet rate = 0.00150664 (at node 3)
Average accepted packet rate = 0.00255214
Maximum accepted packet rate = 0.00510427 (at node 0)
Minimum injected flit rate = 0.00454918 (at node 3)
Average injected flit rate = 0.00765641
Maximum injected flit rate = 0.0152254 (at node 0)
Minimum accepted flit rate = 0.00449064 (at node 3)
Average accepted flit rate = 0.00765641
Maximum accepted flit rate = 0.0154003 (at node 0)
Average injected packet length = 3
Average accepted packet length = 3
Total in-flight flits = 0 (0 measured)
latency change    = 0.000483692
throughput change = 0.0495782

Phase 12 time 12000001
Class 0:
Minimum packet latency = 8
Average packet latency = 10.9074
Maximum packet latency = 21
Minimum network latency = 8
Average network latency = 10.9074
Maximum network latency = 21
Slowest packet = 44936
Minimum flit latency = 8
Average flit latency = 8.90795
Maximum flit latency = 18
Slowest flit = 134809
Minimum fragmentation = 0
Average fragmentation = 0.00552774
Maximum fragmentation = 5
Minimum injected packet rate = 0.00149225 (at node 3)
Average injected packet rate = 0.00252137
Maximum injected packet rate = 0.00504275 (at node 0)
Minimum accepted packet rate = 0.00149225 (at node 3)
Average accepted packet rate = 0.00252137
Maximum accepted packet rate = 0.00504275 (at node 0)
Minimum injected flit rate = 0.00450358 (at node 3)
Average injected flit rate = 0.00756412
Maximum injected flit rate = 0.0150481 (at node 0)
Minimum accepted flit rate = 0.00444992 (at node 3)
Average accepted flit rate = 0.00756412
Maximum accepted flit rate = 0.0152084 (at node 0)
Average injected packet length = 3
Average accepted packet length = 3
Total in-flight flits = 0 (0 measured)
latency change    = 0.000245229
throughput change = 0.0122002

Phase 13 time 13000001
Class 0:
Minimum packet latency = 8
Average packet latency = 10.9195
Maximum packet latency = 21
Minimum network latency = 8
Average network latency = 10.9195
Maximum network latency = 21
Slowest packet = 44936
Minimum flit latency = 8
Average flit latency = 8.92011
Maximum flit latency = 18
Slowest flit = 134809
Minimum fragmentation = 0
Average fragmentation = 0.00580881
Maximum fragmentation = 5
Minimum injected packet rate = 0.00148654 (at node 3)
Average injected packet rate = 0.00247965
Maximum injected packet rate = 0.00495931 (at node 0)
Minimum accepted packet rate = 0.00148654 (at node 3)
Average accepted packet rate = 0.00247965
Maximum accepted packet rate = 0.00495931 (at node 0)
Minimum injected flit rate = 0.00448438 (at node 3)
Average injected flit rate = 0.00743896
Maximum injected flit rate = 0.0148039 (at node 0)
Minimum accepted flit rate = 0.00443485 (at node 3)
Average accepted flit rate = 0.00743896
Maximum accepted flit rate = 0.0149519 (at node 0)
Average injected packet length = 3
Average accepted packet length = 3
Total in-flight flits = 0 (0 measured)
latency change    = 0.00110146
throughput change = 0.0168254

Phase 14 time 14000001
Class 0:
Minimum packet latency = 8
Average packet latency = 10.9229
Maximum packet latency = 22
Minimum network latency = 8
Average network latency = 10.9229
Maximum network latency = 22
Slowest packet = 132308
Minimum flit latency = 8
Average flit latency = 8.92372
Maximum flit latency = 18
Slowest flit = 134809
Minimum fragmentation = 0
Average fragmentation = 0.0063273
Maximum fragmentation = 5
Minimum injected packet rate = 0.0014975 (at node 3)
Average injected packet rate = 0.00249204
Maximum injected packet rate = 0.00498407 (at node 0)
Minimum accepted packet rate = 0.0014975 (at node 3)
Average accepted packet rate = 0.00249204
Maximum accepted packet rate = 0.00498407 (at node 0)
Minimum injected flit rate = 0.0045155 (at node 3)
Average injected flit rate = 0.00747611
Maximum injected flit rate = 0.0148835 (at node 0)
Minimum accepted flit rate = 0.0044695 (at node 3)
Average accepted flit rate = 0.00747611
Maximum accepted flit rate = 0.0150209 (at node 0)
Average injected packet length = 3
Average accepted packet length = 3
Total in-flight flits = 0 (0 measured)
latency change    = 0.000318678
throughput change = 0.00496858

Phase 15 time 15000001
Class 0:
Minimum packet latency = 8
Average packet latency = 10.9182
Maximum packet latency = 22
Minimum network latency = 8
Average network latency = 10.9182
Maximum network latency = 22
Slowest packet = 132308
Minimum flit latency = 8
Average flit latency = 8.91901
Maximum flit latency = 18
Slowest flit = 134809
Minimum fragmentation = 0
Average fragmentation = 0.00610251
Maximum fragmentation = 5
Minimum injected packet rate = 0.00145033 (at node 3)
Average injected packet rate = 0.00242523
Maximum injected packet rate = 0.00485047 (at node 0)
Minimum accepted packet rate = 0.00145033 (at node 3)
Average accepted packet rate = 0.00242523
Maximum accepted packet rate = 0.00485047 (at node 0)
Minimum injected flit rate = 0.00437247 (at node 3)
Average injected flit rate = 0.0072757
Maximum injected flit rate = 0.0144873 (at node 0)
Minimum accepted flit rate = 0.00432953 (at node 3)
Average accepted flit rate = 0.0072757
Maximum accepted flit rate = 0.0146155 (at node 0)
Average injected packet length = 3
Average accepted packet length = 3
Total in-flight flits = 0 (0 measured)
latency change    = 0.000433473
throughput change = 0.0275447

Phase 16 time 16000001
Class 0:
Minimum packet latency = 8
Average packet latency = 10.9189
Maximum packet latency = 22
Minimum network latency = 8
Average network latency = 10.9189
Maximum network latency = 22
Slowest packet = 132308
Minimum flit latency = 8
Average flit latency = 8.91972
Maximum flit latency = 18
Slowest flit = 134809
Minimum fragmentation = 0
Average fragmentation = 0.00590954
Maximum fragmentation = 5
Minimum injected packet rate = 0.00145369 (at node 3)
Average injected packet rate = 0.00242722
Maximum injected packet rate = 0.00485444 (at node 0)
Minimum accepted packet rate = 0.00145369 (at node 3)
Average accepted packet rate = 0.00242722
Maximum accepted packet rate = 0.00485444 (at node 0)
Minimum injected flit rate = 0.00438119 (at node 3)
Average injected flit rate = 0.00728166
Maximum injected flit rate = 0.0145032 (at node 0)
Minimum accepted flit rate = 0.00434094 (at node 3)
Average accepted flit rate = 0.00728166
Maximum accepted flit rate = 0.0146234 (at node 0)
Average injected packet length = 3
Average accepted packet length = 3
Total in-flight flits = 0 (0 measured)
latency change    = 6.83465e-05
throughput change = 0.000817984

Phase 17 time 17000001
Class 0:
Minimum packet latency = 8
Average packet latency = 10.9242
Maximum packet latency = 22
Minimum network latency = 8
Average network latency = 10.9242
Maximum network latency = 22
Slowest packet = 132308
Minimum flit latency = 8
Average flit latency = 8.9251
Maximum flit latency = 18
Slowest flit = 134809
Minimum fragmentation = 0
Average fragmentation = 0.00606119
Maximum fragmentation = 5
Minimum injected packet rate = 0.00147594 (at node 3)
Average injected packet rate = 0.0024505
Maximum injected packet rate = 0.004901 (at node 0)
Minimum accepted packet rate = 0.00147594 (at node 3)
Average accepted packet rate = 0.0024505
Maximum accepted packet rate = 0.004901 (at node 0)
Minimum injected flit rate = 0.00444676 (at node 3)
Average injected flit rate = 0.0073515
Maximum injected flit rate = 0.0146464 (at node 0)
Minimum accepted flit rate = 0.00440888 (at node 3)
Average accepted flit rate = 0.0073515
Maximum accepted flit rate = 0.0147596 (at node 0)
Average injected packet length = 3
Average accepted packet length = 3
Total in-flight flits = 0 (0 measured)
latency change    = 0.000481917
throughput change = 0.00950062

Phase 18 time 18000001
Class 0:
Minimum packet latency = 8
Average packet latency = 10.9264
Maximum packet latency = 22
Minimum network latency = 8
Average network latency = 10.9264
Maximum network latency = 22
Slowest packet = 132308
Minimum flit latency = 8
Average flit latency = 8.92723
Maximum flit latency = 18
Slowest flit = 134809
Minimum fragmentation = 0
Average fragmentation = 0.00649967
Maximum fragmentation = 5
Minimum injected packet rate = 0.001455 (at node 3)
Average injected packet rate = 0.00241251
Maximum injected packet rate = 0.00482506 (at node 0)
Minimum accepted packet rate = 0.00145506 (at node 3)
Average accepted packet rate = 0.00241251
Maximum accepted packet rate = 0.004825 (at node 0)
Minimum injected flit rate = 0.00438278 (at node 3)
Average injected flit rate = 0.00723751
Maximum injected flit rate = 0.0144217 (at node 0)
Minimum accepted flit rate = 0.00434728 (at node 3)
Average accepted flit rate = 0.00723751
Maximum accepted flit rate = 0.0145283 (at node 0)
Average injected packet length = 2.99999
Average accepted packet length = 2.99999
Total in-flight flits = 0 (0 measured)
latency change    = 0.000198954
throughput change = 0.0157493

Phase 19 time 19000001
Class 0:
Minimum packet latency = 8
Average packet latency = 10.9314
Maximum packet latency = 22
Minimum network latency = 8
Average network latency = 10.9314
Maximum network latency = 22
Slowest packet = 132308
Minimum flit latency = 8
Average flit latency = 8.93221
Maximum flit latency = 18
Slowest flit = 134809
Minimum fragmentation = 0
Average fragmentation = 0.00646815
Maximum fragmentation = 5
Minimum injected packet rate = 0.00142605 (at node 3)
Average injected packet rate = 0.00235161
Maximum injected packet rate = 0.00470321 (at node 0)
Minimum accepted packet rate = 0.00142605 (at node 3)
Average accepted packet rate = 0.00235161
Maximum accepted packet rate = 0.00470321 (at node 0)
Minimum injected flit rate = 0.00429511 (at node 3)
Average injected flit rate = 0.00705482
Maximum injected flit rate = 0.014059 (at node 0)
Minimum accepted flit rate = 0.00426121 (at node 3)
Average accepted flit rate = 0.00705482
Maximum accepted flit rate = 0.0141603 (at node 0)
Average injected packet length = 3
Average accepted packet length = 3
Total in-flight flits = 0 (0 measured)
latency change    = 0.000454334
throughput change = 0.0258969

Phase 20 time 20000001
Class 0:
Minimum packet latency = 8
Average packet latency = 10.9333
Maximum packet latency = 22
Minimum network latency = 8
Average network latency = 10.9333
Maximum network latency = 22
Slowest packet = 132308
Minimum flit latency = 8
Average flit latency = 8.93401
Maximum flit latency = 18
Slowest flit = 134809
Minimum fragmentation = 0
Average fragmentation = 0.00657719
Maximum fragmentation = 5
Minimum injected packet rate = 0.00142115 (at node 3)
Average injected packet rate = 0.00233952
Maximum injected packet rate = 0.00467905 (at node 0)
Minimum accepted packet rate = 0.00142115 (at node 3)
Average accepted packet rate = 0.00233952
Maximum accepted packet rate = 0.00467905 (at node 0)
Minimum injected flit rate = 0.00427955 (at node 3)
Average injected flit rate = 0.00701857
Maximum injected flit rate = 0.013989 (at node 0)
Minimum accepted flit rate = 0.00424735 (at node 3)
Average accepted flit rate = 0.00701857
Maximum accepted flit rate = 0.0140852 (at node 0)
Average injected packet length = 3
Average accepted packet length = 3
Total in-flight flits = 0 (0 measured)
latency change    = 0.000175143
throughput change = 0.00516355

Phase 21 time 20968499
Class 0:
Minimum packet latency = 8
Average packet latency = 10.9369
Maximum packet latency = 22
Minimum network latency = 8
Average network latency = 10.9369
Maximum network latency = 22
Slowest packet = 132308
Minimum flit latency = 8
Average flit latency = 8.93773
Maximum flit latency = 18
Slowest flit = 134809
Minimum fragmentation = 0
Average fragmentation = 0.00637875
Maximum fragmentation = 5
Minimum injected packet rate = 0.00145666 (at node 3)
Average injected packet rate = 0.00238687
Maximum injected packet rate = 0.00477373 (at node 0)
Minimum accepted packet rate = 0.00145666 (at node 3)
Average accepted packet rate = 0.00238687
Maximum accepted packet rate = 0.00477373 (at node 0)
Minimum injected flit rate = 0.00438544 (at node 3)
Average injected flit rate = 0.0071606
Maximum injected flit rate = 0.0142752 (at node 0)
Minimum accepted flit rate = 0.00435453 (at node 3)
Average accepted flit rate = 0.0071606
Maximum accepted flit rate = 0.0143672 (at node 0)
Average injected packet length = 3
Average accepted packet length = 3
Total in-flight flits = 0 (0 measured)
latency change    = 0.000329664
throughput change = 0.0198341

Draining remaining packets ...
Time 20968499
Total phase 22
Time taken is 20968499 cycles
====== Traffic class 0 ======
Overall minimum packet latency = 8 (1 samples)
Overall average packet latency = 10.9369 (1 samples)
Overall maximum packet latency = 22 (1 samples)
Overall minimum network latency = 8 (1 samples)
Overall average network latency = 10.9369 (1 samples)
Overall maximum network latency = 22 (1 samples)
Overall minimum flit latency = 8 (1 samples)
Overall average flit latency = 8.93773 (1 samples)
Overall maximum flit latency = 18 (1 samples)
Overall minimum fragmentation = 0 (1 samples)
Overall average fragmentation = 0.00637875 (1 samples)
Overall maximum fragmentation = 5 (1 samples)
Overall minimum injected packet rate = 0.00145666 (1 samples)
Overall average injected packet rate = 0.00238687 (1 samples)
Overall maximum injected packet rate = 0.00477373 (1 samples)
Overall minimum accepted packet rate = 0.00145666 (1 samples)
Overall average accepted packet rate = 0.00238687 (1 samples)
Overall maximum accepted packet rate = 0.00477373 (1 samples)
Overall minimum injected flit rate = 0.00438544 (1 samples)
Overall average injected flit rate = 0.0071606 (1 samples)
Overall maximum injected flit rate = 0.0142752 (1 samples)
Overall minimum accepted flit rate = 0.00435453 (1 samples)
Overall average accepted flit rate = 0.0071606 (1 samples)
Overall maximum accepted flit rate = 0.0143672 (1 samples)
Overall average injected packet size = 3 (1 samples)
Overall average accepted packet size = 3 (1 samples)
Overall average hops = 2.30514 (1 samples)
BookSim: Total_run_time 27.217
